Physical group name body_contact has 0 Tetrahedra.
Physical group name body_contact has 0 Triangles.
Physical group name body_contact has 49 Lines.
Physical group name body_contact has 50 Points.
Physical group name bulk has 0 Tetrahedra.
Physical group name bulk has 4255 Triangles.
Physical group name bulk has 6503 Lines.
Physical group name bulk has 2249 Points.
Physical group name bulk_oxide_interface has 0 Tetrahedra.
Physical group name bulk_oxide_interface has 0 Triangles.
Physical group name bulk_oxide_interface has 100 Lines.
Physical group name bulk_oxide_interface has 101 Points.
Physical group name drain_contact has 0 Tetrahedra.
Physical group name drain_contact has 0 Triangles.
Physical group name drain_contact has 27 Lines.
Physical group name drain_contact has 28 Points.
Physical group name gate has 0 Tetrahedra.
Physical group name gate has 57 Triangles.
Physical group name gate has 95 Lines.
Physical group name gate has 39 Points.
Physical group name gate_contact has 0 Tetrahedra.
Physical group name gate_contact has 0 Triangles.
Physical group name gate_contact has 4 Lines.
Physical group name gate_contact has 5 Points.
Physical group name gate_oxide_interface has 0 Tetrahedra.
Physical group name gate_oxide_interface has 0 Triangles.
Physical group name gate_oxide_interface has 5 Lines.
Physical group name gate_oxide_interface has 6 Points.
Physical group name oxide has 0 Tetrahedra.
Physical group name oxide has 1207 Triangles.
Physical group name oxide has 1872 Lines.
Physical group name oxide has 666 Points.
Physical group name source_contact has 0 Tetrahedra.
Physical group name source_contact has 0 Triangles.
Physical group name source_contact has 27 Lines.
Physical group name source_contact has 28 Points.
Device mos2d has 2847 coordinates with max index 2847
Region bulk has 2249 nodes.
Region gate has 39 nodes.
Region oxide has 666 nodes.
Contact body in region bulk with 50 nodes
Contact drain in region bulk with 28 nodes
Contact gate in region gate with 5 nodes
Contact source in region bulk with 28 nodes
Warning, contact "drain" shares a node with interface "bulk_oxide"
Warning, contact "source" shares a node with interface "bulk_oxide"
Adding interface bulk_oxide with 101, 101 nodes
Adding interface gate_oxide with 6, 6 nodes
bulk body
bulk drain
gate gate
bulk source
number of equations 2954
Iteration: 0
  Device: "mos2d"	RelError: 3.00000e+00	AbsError: 2.62036e-01
    Region: "bulk"	RelError: 1.00000e+00	AbsError: 2.16506e-01
      Equation: "PotentialEquation"	RelError: 1.00000e+00	AbsError: 2.16506e-01
    Region: "gate"	RelError: 1.00000e+00	AbsError: 2.62036e-01
      Equation: "PotentialEquation"	RelError: 1.00000e+00	AbsError: 2.62036e-01
    Region: "oxide"	RelError: 1.00000e+00	AbsError: 2.61759e-01
      Equation: "PotentialEquation"	RelError: 1.00000e+00	AbsError: 2.61759e-01
Iteration: 1
  Device: "mos2d"	RelError: 1.49678e+00	AbsError: 2.60794e-01
    Region: "bulk"	RelError: 4.99017e-01	AbsError: 2.15184e-01
      Equation: "PotentialEquation"	RelError: 4.99017e-01	AbsError: 2.15184e-01
    Region: "gate"	RelError: 4.98961e-01	AbsError: 2.60794e-01
      Equation: "PotentialEquation"	RelError: 4.98961e-01	AbsError: 2.60794e-01
    Region: "oxide"	RelError: 4.98806e-01	AbsError: 2.60510e-01
      Equation: "PotentialEquation"	RelError: 4.98806e-01	AbsError: 2.60510e-01
Iteration: 2
  Device: "mos2d"	RelError: 2.03767e+00	AbsError: 1.41145e-01
    Region: "bulk"	RelError: 1.54317e+00	AbsError: 1.41145e-01
      Equation: "PotentialEquation"	RelError: 1.54317e+00	AbsError: 1.41145e-01
    Region: "gate"	RelError: 3.16582e-01	AbsError: 1.32573e-01
      Equation: "PotentialEquation"	RelError: 3.16582e-01	AbsError: 1.32573e-01
    Region: "oxide"	RelError: 1.77912e-01	AbsError: 8.41315e-02
      Equation: "PotentialEquation"	RelError: 1.77912e-01	AbsError: 8.41315e-02
Iteration: 3
  Device: "mos2d"	RelError: 3.59034e+01	AbsError: 8.14632e-02
    Region: "bulk"	RelError: 3.55941e+01	AbsError: 8.14632e-02
      Equation: "PotentialEquation"	RelError: 3.55941e+01	AbsError: 8.14632e-02
    Region: "gate"	RelError: 2.29097e-01	AbsError: 7.00000e-02
      Equation: "PotentialEquation"	RelError: 2.29097e-01	AbsError: 7.00000e-02
    Region: "oxide"	RelError: 8.02775e-02	AbsError: 3.83267e-02
      Equation: "PotentialEquation"	RelError: 8.02775e-02	AbsError: 3.83267e-02
Iteration: 4
  Device: "mos2d"	RelError: 2.09787e+02	AbsError: 7.89892e-02
    Region: "bulk"	RelError: 2.09561e+02	AbsError: 7.89892e-02
      Equation: "PotentialEquation"	RelError: 2.09561e+02	AbsError: 7.89892e-02
    Region: "gate"	RelError: 1.75024e-01	AbsError: 6.48239e-02
      Equation: "PotentialEquation"	RelError: 1.75024e-01	AbsError: 6.48239e-02
    Region: "oxide"	RelError: 5.11762e-02	AbsError: 2.57255e-02
      Equation: "PotentialEquation"	RelError: 5.11762e-02	AbsError: 2.57255e-02
Iteration: 5
  Device: "mos2d"	RelError: 7.55103e+02	AbsError: 7.62739e-02
    Region: "bulk"	RelError: 7.54906e+02	AbsError: 7.62739e-02
      Equation: "PotentialEquation"	RelError: 7.54906e+02	AbsError: 7.62739e-02
    Region: "gate"	RelError: 1.37182e-01	AbsError: 5.88866e-02
      Equation: "PotentialEquation"	RelError: 1.37182e-01	AbsError: 5.88866e-02
    Region: "oxide"	RelError: 5.94071e-02	AbsError: 2.50078e-02
      Equation: "PotentialEquation"	RelError: 5.94071e-02	AbsError: 2.50078e-02
Iteration: 6
  Device: "mos2d"	RelError: 5.49166e+02	AbsError: 7.37326e-02
    Region: "bulk"	RelError: 5.49040e+02	AbsError: 7.37326e-02
      Equation: "PotentialEquation"	RelError: 5.49040e+02	AbsError: 7.37326e-02
    Region: "gate"	RelError: 1.08015e-01	AbsError: 5.19808e-02
      Equation: "PotentialEquation"	RelError: 1.08015e-01	AbsError: 5.19808e-02
    Region: "oxide"	RelError: 1.83498e-02	AbsError: 7.57495e-03
      Equation: "PotentialEquation"	RelError: 1.83498e-02	AbsError: 7.57495e-03
Iteration: 7
  Device: "mos2d"	RelError: 1.07919e+02	AbsError: 7.20741e-02
    Region: "bulk"	RelError: 1.07831e+02	AbsError: 7.20741e-02
      Equation: "PotentialEquation"	RelError: 1.07831e+02	AbsError: 7.20741e-02
    Region: "gate"	RelError: 8.34915e-02	AbsError: 4.38395e-02
      Equation: "PotentialEquation"	RelError: 8.34915e-02	AbsError: 4.38395e-02
    Region: "oxide"	RelError: 4.03919e-03	AbsError: 1.62077e-03
      Equation: "PotentialEquation"	RelError: 4.03919e-03	AbsError: 1.62077e-03
Iteration: 8
  Device: "mos2d"	RelError: 1.57319e+02	AbsError: 6.95787e-02
    Region: "bulk"	RelError: 1.57258e+02	AbsError: 6.95787e-02
      Equation: "PotentialEquation"	RelError: 1.57258e+02	AbsError: 6.95787e-02
    Region: "gate"	RelError: 6.11043e-02	AbsError: 3.41726e-02
      Equation: "PotentialEquation"	RelError: 6.11043e-02	AbsError: 3.41726e-02
    Region: "oxide"	RelError: 2.02066e-04	AbsError: 8.09974e-05
      Equation: "PotentialEquation"	RelError: 2.02066e-04	AbsError: 8.09974e-05
Iteration: 9
  Device: "mos2d"	RelError: 7.72935e+01	AbsError: 6.34838e-02
    Region: "bulk"	RelError: 7.72541e+01	AbsError: 6.34838e-02
      Equation: "PotentialEquation"	RelError: 7.72541e+01	AbsError: 6.34838e-02
    Region: "gate"	RelError: 3.93513e-02	AbsError: 2.29087e-02
      Equation: "PotentialEquation"	RelError: 3.93513e-02	AbsError: 2.29087e-02
    Region: "oxide"	RelError: 1.29932e-05	AbsError: 5.20780e-06
      Equation: "PotentialEquation"	RelError: 1.29932e-05	AbsError: 5.20780e-06
Iteration: 10
  Device: "mos2d"	RelError: 1.13531e+02	AbsError: 5.08625e-02
    Region: "bulk"	RelError: 1.13508e+02	AbsError: 5.08625e-02
      Equation: "PotentialEquation"	RelError: 1.13508e+02	AbsError: 5.08625e-02
    Region: "gate"	RelError: 2.33454e-02	AbsError: 1.39156e-02
      Equation: "PotentialEquation"	RelError: 2.33454e-02	AbsError: 1.39156e-02
    Region: "oxide"	RelError: 7.09330e-06	AbsError: 2.84308e-06
      Equation: "PotentialEquation"	RelError: 7.09330e-06	AbsError: 2.84308e-06
Iteration: 11
  Device: "mos2d"	RelError: 3.02414e+01	AbsError: 3.64285e-02
    Region: "bulk"	RelError: 3.02414e+01	AbsError: 3.64285e-02
      Equation: "PotentialEquation"	RelError: 3.02414e+01	AbsError: 3.64285e-02
    Region: "gate"	RelError: 1.39459e-10	AbsError: 8.31260e-11
      Equation: "PotentialEquation"	RelError: 1.39459e-10	AbsError: 8.31260e-11
    Region: "oxide"	RelError: 4.32072e-06	AbsError: 1.73180e-06
      Equation: "PotentialEquation"	RelError: 4.32072e-06	AbsError: 1.73180e-06
Iteration: 12
  Device: "mos2d"	RelError: 1.23226e+01	AbsError: 2.58341e-02
    Region: "bulk"	RelError: 1.23226e+01	AbsError: 2.58341e-02
      Equation: "PotentialEquation"	RelError: 1.23226e+01	AbsError: 2.58341e-02
    Region: "gate"	RelError: 2.10091e-11	AbsError: 1.25227e-11
      Equation: "PotentialEquation"	RelError: 2.10091e-11	AbsError: 1.25227e-11
    Region: "oxide"	RelError: 6.50908e-07	AbsError: 2.60892e-07
      Equation: "PotentialEquation"	RelError: 6.50908e-07	AbsError: 2.60892e-07
Iteration: 13
  Device: "mos2d"	RelError: 9.81225e-01	AbsError: 1.40640e-02
    Region: "bulk"	RelError: 9.81225e-01	AbsError: 1.40640e-02
      Equation: "PotentialEquation"	RelError: 9.81225e-01	AbsError: 1.40640e-02
    Region: "gate"	RelError: 5.13947e-12	AbsError: 3.06343e-12
      Equation: "PotentialEquation"	RelError: 5.13947e-12	AbsError: 3.06343e-12
    Region: "oxide"	RelError: 1.59231e-07	AbsError: 6.38218e-08
      Equation: "PotentialEquation"	RelError: 1.59231e-07	AbsError: 6.38218e-08
Iteration: 14
  Device: "mos2d"	RelError: 7.35892e-02	AbsError: 8.48754e-05
    Region: "bulk"	RelError: 7.35892e-02	AbsError: 8.48754e-05
      Equation: "PotentialEquation"	RelError: 7.35892e-02	AbsError: 8.48754e-05
    Region: "gate"	RelError: 3.91834e-13	AbsError: 2.33556e-13
      Equation: "PotentialEquation"	RelError: 3.91834e-13	AbsError: 2.33556e-13
    Region: "oxide"	RelError: 1.21399e-08	AbsError: 4.86585e-09
      Equation: "PotentialEquation"	RelError: 1.21399e-08	AbsError: 4.86585e-09
Iteration: 15
  Device: "mos2d"	RelError: 1.12419e-05	AbsError: 1.63450e-08
    Region: "bulk"	RelError: 1.12419e-05	AbsError: 1.63450e-08
      Equation: "PotentialEquation"	RelError: 1.12419e-05	AbsError: 1.63450e-08
    Region: "gate"	RelError: 2.52578e-16	AbsError: 1.50553e-16
      Equation: "PotentialEquation"	RelError: 2.52578e-16	AbsError: 1.50553e-16
    Region: "oxide"	RelError: 1.40636e-12	AbsError: 5.63687e-13
      Equation: "PotentialEquation"	RelError: 1.40636e-12	AbsError: 5.63687e-13
Iteration: 16
  Device: "mos2d"	RelError: 7.10765e-13	AbsError: 1.19206e-15
    Region: "bulk"	RelError: 7.10468e-13	AbsError: 1.19206e-15
      Equation: "PotentialEquation"	RelError: 7.10468e-13	AbsError: 1.19206e-15
    Region: "gate"	RelError: 1.69579e-16	AbsError: 1.01082e-16
      Equation: "PotentialEquation"	RelError: 1.69579e-16	AbsError: 1.01082e-16
    Region: "oxide"	RelError: 1.27348e-16	AbsError: 7.59077e-17
      Equation: "PotentialEquation"	RelError: 1.27348e-16	AbsError: 7.59077e-17
number of equations 2954
Iteration: 0
  Device: "mos2d"	RelError: 3.21366e-14	AbsError: 1.24435e-16
    Region: "bulk"	RelError: 3.17796e-14	AbsError: 1.24435e-16
      Equation: "PotentialEquation"	RelError: 3.17796e-14	AbsError: 1.24435e-16
    Region: "gate"	RelError: 1.78509e-16	AbsError: 1.06403e-16
      Equation: "PotentialEquation"	RelError: 1.78509e-16	AbsError: 1.06403e-16
    Region: "oxide"	RelError: 1.78509e-16	AbsError: 1.06403e-16
      Equation: "PotentialEquation"	RelError: 1.78509e-16	AbsError: 1.06403e-16
Warning: Replacing equation with equation of the same name.
Region: gate, Equation: PotentialEquation, Variable: Potential
Warning: Replacing equation with equation of the same name.
Region: bulk, Equation: PotentialEquation, Variable: Potential
number of equations 7530
Iteration: 0
  Device: "mos2d"	RelError: 4.82413e-14	AbsError: 3.90712e+05
    Region: "bulk"	RelError: 4.02558e-14	AbsError: 7.13163e+04
      Equation: "ElectronContinuityEquation"	RelError: 1.23625e-14	AbsError: 4.98123e+04
      Equation: "HoleContinuityEquation"	RelError: 1.36888e-14	AbsError: 2.15040e+04
      Equation: "PotentialEquation"	RelError: 1.42046e-14	AbsError: 2.95962e-16
    Region: "gate"	RelError: 7.87140e-15	AbsError: 3.90712e+05
      Equation: "ElectronContinuityEquation"	RelError: 3.90712e-15	AbsError: 3.90712e+05
      Equation: "HoleContinuityEquation"	RelError: 3.82543e-15	AbsError: 3.82543e-15
      Equation: "PotentialEquation"	RelError: 1.38849e-16	AbsError: 8.27644e-17
    Region: "oxide"	RelError: 1.14045e-16	AbsError: 4.74274e-17
      Equation: "PotentialEquation"	RelError: 1.14045e-16	AbsError: 4.74274e-17
gate last end 0.000000e+00 5.000000e-01
setting to last bias 5.000000e-01
setting next bias 5.000000e-01
number of equations 7530
Iteration: 0
  Device: "mos2d"	RelError: 8.06221e+01	AbsError: 4.06183e+17
    Region: "bulk"	RelError: 8.03874e+01	AbsError: 4.06183e+17
      Equation: "ElectronContinuityEquation"	RelError: 4.96888e-01	AbsError: 4.06183e+17
      Equation: "HoleContinuityEquation"	RelError: 7.98306e+01	AbsError: 1.29815e+10
      Equation: "PotentialEquation"	RelError: 5.99576e-02	AbsError: 2.55669e-02
    Region: "gate"	RelError: 1.18951e-01	AbsError: 1.62976e+17
      Equation: "ElectronContinuityEquation"	RelError: 1.63338e-03	AbsError: 1.62976e+17
      Equation: "HoleContinuityEquation"	RelError: 1.62806e-03	AbsError: 1.63168e-03
      Equation: "PotentialEquation"	RelError: 1.15690e-01	AbsError: 7.79815e-02
    Region: "oxide"	RelError: 1.15690e-01	AbsError: 7.79804e-02
      Equation: "PotentialEquation"	RelError: 1.15690e-01	AbsError: 7.79804e-02
Iteration: 1
  Device: "mos2d"	RelError: 1.34909e+00	AbsError: 2.68089e+16
    Region: "bulk"	RelError: 1.15165e+00	AbsError: 2.68089e+16
      Equation: "ElectronContinuityEquation"	RelError: 1.75162e-01	AbsError: 2.68089e+16
      Equation: "HoleContinuityEquation"	RelError: 9.69669e-01	AbsError: 2.74286e+09
      Equation: "PotentialEquation"	RelError: 6.82175e-03	AbsError: 2.87121e-03
    Region: "gate"	RelError: 9.87275e-02	AbsError: 6.56323e+14
      Equation: "ElectronContinuityEquation"	RelError: 6.57785e-06	AbsError: 6.56323e+14
      Equation: "HoleContinuityEquation"	RelError: 9.22478e-06	AbsError: 9.24533e-06
      Equation: "PotentialEquation"	RelError: 9.87117e-02	AbsError: 7.38245e-02
    Region: "oxide"	RelError: 9.87114e-02	AbsError: 7.38233e-02
      Equation: "PotentialEquation"	RelError: 9.87114e-02	AbsError: 7.38233e-02
Iteration: 2
  Device: "mos2d"	RelError: 1.90035e-01	AbsError: 2.11352e+14
    Region: "bulk"	RelError: 2.07418e-02	AbsError: 2.11352e+14
      Equation: "ElectronContinuityEquation"	RelError: 1.68928e-03	AbsError: 2.11352e+14
      Equation: "HoleContinuityEquation"	RelError: 1.89745e-02	AbsError: 2.29591e+08
      Equation: "PotentialEquation"	RelError: 7.81006e-05	AbsError: 2.22206e-05
    Region: "gate"	RelError: 8.46468e-02	AbsError: 3.61048e+12
      Equation: "ElectronContinuityEquation"	RelError: 3.61852e-08	AbsError: 3.61048e+12
      Equation: "HoleContinuityEquation"	RelError: 2.38892e-08	AbsError: 2.39424e-08
      Equation: "PotentialEquation"	RelError: 8.46468e-02	AbsError: 6.91598e-02
    Region: "oxide"	RelError: 8.46463e-02	AbsError: 6.91584e-02
      Equation: "PotentialEquation"	RelError: 8.46463e-02	AbsError: 6.91584e-02
Iteration: 3
  Device: "mos2d"	RelError: 1.45004e-01	AbsError: 2.21996e+10
    Region: "bulk"	RelError: 5.06175e-06	AbsError: 2.21996e+10
      Equation: "ElectronContinuityEquation"	RelError: 1.81697e-07	AbsError: 2.21996e+10
      Equation: "HoleContinuityEquation"	RelError: 4.87675e-06	AbsError: 2.93752e+03
      Equation: "PotentialEquation"	RelError: 3.29696e-09	AbsError: 1.38735e-09
    Region: "gate"	RelError: 7.24999e-02	AbsError: 1.23258e+08
      Equation: "ElectronContinuityEquation"	RelError: 1.23532e-12	AbsError: 1.23258e+08
      Equation: "HoleContinuityEquation"	RelError: 4.57407e-11	AbsError: 4.58425e-11
      Equation: "PotentialEquation"	RelError: 7.24999e-02	AbsError: 6.38656e-02
    Region: "oxide"	RelError: 7.24992e-02	AbsError: 6.38640e-02
      Equation: "PotentialEquation"	RelError: 7.24992e-02	AbsError: 6.38640e-02
Iteration: 4
  Device: "mos2d"	RelError: 1.23105e-01	AbsError: 1.15168e+07
    Region: "bulk"	RelError: 2.63441e-12	AbsError: 6.45595e+05
      Equation: "ElectronContinuityEquation"	RelError: 1.20577e-12	AbsError: 6.45121e+05
      Equation: "HoleContinuityEquation"	RelError: 1.27807e-12	AbsError: 4.74550e+02
      Equation: "PotentialEquation"	RelError: 1.50570e-13	AbsError: 3.11907e-14
    Region: "gate"	RelError: 6.15528e-02	AbsError: 1.15168e+07
      Equation: "ElectronContinuityEquation"	RelError: 1.15424e-13	AbsError: 1.15168e+07
      Equation: "HoleContinuityEquation"	RelError: 1.18438e-13	AbsError: 1.18702e-13
      Equation: "PotentialEquation"	RelError: 6.15528e-02	AbsError: 5.77787e-02
    Region: "oxide"	RelError: 6.15519e-02	AbsError: 5.77769e-02
      Equation: "PotentialEquation"	RelError: 6.15519e-02	AbsError: 5.77769e-02
Iteration: 5
  Device: "mos2d"	RelError: 1.02452e-01	AbsError: 1.20525e+07
    Region: "bulk"	RelError: 2.59495e-12	AbsError: 6.75445e+05
      Equation: "ElectronContinuityEquation"	RelError: 1.25848e-12	AbsError: 6.74852e+05
      Equation: "HoleContinuityEquation"	RelError: 1.25966e-12	AbsError: 5.92741e+02
      Equation: "PotentialEquation"	RelError: 7.68205e-14	AbsError: 3.25758e-14
    Region: "gate"	RelError: 5.12265e-02	AbsError: 1.20525e+07
      Equation: "ElectronContinuityEquation"	RelError: 1.20794e-13	AbsError: 1.20525e+07
      Equation: "HoleContinuityEquation"	RelError: 1.31766e-13	AbsError: 1.32059e-13
      Equation: "PotentialEquation"	RelError: 5.12265e-02	AbsError: 5.06818e-02
    Region: "oxide"	RelError: 5.12252e-02	AbsError: 5.06796e-02
      Equation: "PotentialEquation"	RelError: 5.12252e-02	AbsError: 5.06796e-02
Iteration: 6
  Device: "mos2d"	RelError: 8.19991e-02	AbsError: 1.23985e+07
    Region: "bulk"	RelError: 2.67136e-12	AbsError: 6.95070e+05
      Equation: "ElectronContinuityEquation"	RelError: 1.29618e-12	AbsError: 6.94442e+05
      Equation: "HoleContinuityEquation"	RelError: 1.29608e-12	AbsError: 6.28528e+02
      Equation: "PotentialEquation"	RelError: 7.91025e-14	AbsError: 3.35434e-14
    Region: "gate"	RelError: 4.10004e-02	AbsError: 1.23985e+07
      Equation: "ElectronContinuityEquation"	RelError: 1.24261e-13	AbsError: 1.23985e+07
      Equation: "HoleContinuityEquation"	RelError: 1.06649e-13	AbsError: 1.06886e-13
      Equation: "PotentialEquation"	RelError: 4.10004e-02	AbsError: 4.22987e-02
    Region: "oxide"	RelError: 4.09987e-02	AbsError: 4.22961e-02
      Equation: "PotentialEquation"	RelError: 4.09987e-02	AbsError: 4.22961e-02
Iteration: 7
  Device: "mos2d"	RelError: 6.08034e-02	AbsError: 1.22701e+07
    Region: "bulk"	RelError: 2.64294e-12	AbsError: 6.87989e+05
      Equation: "ElectronContinuityEquation"	RelError: 1.28239e-12	AbsError: 6.87380e+05
      Equation: "HoleContinuityEquation"	RelError: 1.28222e-12	AbsError: 6.08458e+02
      Equation: "PotentialEquation"	RelError: 7.83276e-14	AbsError: 3.32148e-14
    Region: "gate"	RelError: 3.04028e-02	AbsError: 1.22701e+07
      Equation: "ElectronContinuityEquation"	RelError: 1.22975e-13	AbsError: 1.22701e+07
      Equation: "HoleContinuityEquation"	RelError: 1.21037e-13	AbsError: 1.21307e-13
      Equation: "PotentialEquation"	RelError: 3.04028e-02	AbsError: 3.23490e-02
    Region: "oxide"	RelError: 3.04006e-02	AbsError: 3.23460e-02
      Equation: "PotentialEquation"	RelError: 3.04006e-02	AbsError: 3.23460e-02
Iteration: 8
  Device: "mos2d"	RelError: 3.84586e-02	AbsError: 1.10776e+07
    Region: "bulk"	RelError: 2.45953e-12	AbsError: 6.20810e+05
      Equation: "ElectronContinuityEquation"	RelError: 1.15773e-12	AbsError: 6.20181e+05
      Equation: "HoleContinuityEquation"	RelError: 1.15782e-12	AbsError: 6.28917e+02
      Equation: "PotentialEquation"	RelError: 1.43985e-13	AbsError: 2.99869e-14
    Region: "gate"	RelError: 1.92306e-02	AbsError: 1.10776e+07
      Equation: "ElectronContinuityEquation"	RelError: 1.11023e-13	AbsError: 1.10776e+07
      Equation: "HoleContinuityEquation"	RelError: 1.05108e-13	AbsError: 1.05343e-13
      Equation: "PotentialEquation"	RelError: 1.92306e-02	AbsError: 2.08628e-02
    Region: "oxide"	RelError: 1.92279e-02	AbsError: 2.08595e-02
      Equation: "PotentialEquation"	RelError: 1.92279e-02	AbsError: 2.08595e-02
Iteration: 9
  Device: "mos2d"	RelError: 2.04284e-02	AbsError: 7.96165e+06
    Region: "bulk"	RelError: 1.84290e-12	AbsError: 4.46513e+05
      Equation: "ElectronContinuityEquation"	RelError: 8.31561e-13	AbsError: 4.45788e+05
      Equation: "HoleContinuityEquation"	RelError: 8.30761e-13	AbsError: 7.24967e+02
      Equation: "PotentialEquation"	RelError: 1.80581e-13	AbsError: 2.15400e-14
    Region: "gate"	RelError: 1.02160e-02	AbsError: 7.96165e+06
      Equation: "ElectronContinuityEquation"	RelError: 7.97939e-14	AbsError: 7.96165e+06
      Equation: "HoleContinuityEquation"	RelError: 7.19928e-14	AbsError: 7.21532e-14
      Equation: "PotentialEquation"	RelError: 1.02160e-02	AbsError: 1.11974e-02
    Region: "oxide"	RelError: 1.02124e-02	AbsError: 1.11933e-02
      Equation: "PotentialEquation"	RelError: 1.02124e-02	AbsError: 1.11933e-02
Iteration: 10
  Device: "mos2d"	RelError: 1.65162e-12	AbsError: 3.50702e+06
    Region: "bulk"	RelError: 8.66256e-13	AbsError: 1.97001e+05
      Equation: "ElectronContinuityEquation"	RelError: 3.66493e-13	AbsError: 1.96392e+05
      Equation: "HoleContinuityEquation"	RelError: 3.66821e-13	AbsError: 6.08743e+02
      Equation: "PotentialEquation"	RelError: 1.32942e-13	AbsError: 9.49092e-15
    Region: "gate"	RelError: 4.25846e-13	AbsError: 3.50702e+06
      Equation: "ElectronContinuityEquation"	RelError: 3.51483e-14	AbsError: 3.50702e+06
      Equation: "HoleContinuityEquation"	RelError: 3.11838e-14	AbsError: 3.12533e-14
      Equation: "PotentialEquation"	RelError: 3.59514e-13	AbsError: 3.94034e-13
    Region: "oxide"	RelError: 3.59514e-13	AbsError: 3.94034e-13
      Equation: "PotentialEquation"	RelError: 3.59514e-13	AbsError: 3.94034e-13
Succeeded
body	0.0	-2.877576552468639e-29	4.4136823971864644e-15	4.413682397186436e-15
drain	0.0	1.9990109022487204e-13	4.538939633608364e-31	1.9990109022487204e-13
gate	0.5	0.0	0.0	0.0
source	0.0	-3.0648516332016646e-13	-4.7474637681354583e-32	-3.0648516332016646e-13
drain last end 0.000000e+00 5.000000e-01
number of equations 7530
Iteration: 0
  Device: "mos2d"	RelError: 2.04578e+03	AbsError: 1.89159e+17
    Region: "bulk"	RelError: 2.04570e+03	AbsError: 1.89159e+17
      Equation: "ElectronContinuityEquation"	RelError: 9.99000e+02	AbsError: 1.88855e+17
      Equation: "HoleContinuityEquation"	RelError: 1.04023e+03	AbsError: 3.04550e+14
      Equation: "PotentialEquation"	RelError: 6.46963e+00	AbsError: 4.09542e-02
    Region: "gate"	RelError: 3.96321e-04	AbsError: 1.95412e+16
      Equation: "ElectronContinuityEquation"	RelError: 1.95809e-04	AbsError: 1.95412e+16
      Equation: "HoleContinuityEquation"	RelError: 1.95886e-04	AbsError: 1.96284e-04
      Equation: "PotentialEquation"	RelError: 4.62577e-06	AbsError: 5.06994e-06
    Region: "oxide"	RelError: 7.96780e-02	AbsError: 4.04614e-02
      Equation: "PotentialEquation"	RelError: 7.96780e-02	AbsError: 4.04614e-02
Iteration: 1
  Device: "mos2d"	RelError: 1.14158e+01	AbsError: 1.31558e+16
    Region: "bulk"	RelError: 1.13612e+01	AbsError: 1.31558e+16
      Equation: "ElectronContinuityEquation"	RelError: 9.99116e-01	AbsError: 1.31332e+16
      Equation: "HoleContinuityEquation"	RelError: 9.98732e-01	AbsError: 2.26018e+13
      Equation: "PotentialEquation"	RelError: 9.36338e+00	AbsError: 3.07632e-02
    Region: "gate"	RelError: 1.82232e-05	AbsError: 8.96785e+14
      Equation: "ElectronContinuityEquation"	RelError: 8.98615e-06	AbsError: 8.96785e+14
      Equation: "HoleContinuityEquation"	RelError: 9.02435e-06	AbsError: 9.04276e-06
      Equation: "PotentialEquation"	RelError: 2.12697e-07	AbsError: 2.33121e-07
    Region: "oxide"	RelError: 5.45617e-02	AbsError: 3.01097e-02
      Equation: "PotentialEquation"	RelError: 5.45617e-02	AbsError: 3.01097e-02
Iteration: 2
  Device: "mos2d"	RelError: 1.00741e+03	AbsError: 2.31730e+15
    Region: "bulk"	RelError: 1.00737e+03	AbsError: 2.31730e+15
      Equation: "ElectronContinuityEquation"	RelError: 8.28067e+00	AbsError: 2.31629e+15
      Equation: "HoleContinuityEquation"	RelError: 9.99000e+02	AbsError: 1.00923e+12
      Equation: "PotentialEquation"	RelError: 8.60069e-02	AbsError: 2.58681e-02
    Region: "gate"	RelError: 4.38985e-07	AbsError: 2.16622e+13
      Equation: "ElectronContinuityEquation"	RelError: 2.16949e-07	AbsError: 2.16622e+13
      Equation: "HoleContinuityEquation"	RelError: 2.16912e-07	AbsError: 2.17239e-07
      Equation: "PotentialEquation"	RelError: 5.12367e-09	AbsError: 5.61572e-09
    Region: "oxide"	RelError: 4.48880e-02	AbsError: 2.58681e-02
      Equation: "PotentialEquation"	RelError: 4.48880e-02	AbsError: 2.58681e-02
Iteration: 3
  Device: "mos2d"	RelError: 1.61200e+00	AbsError: 3.04663e+15
    Region: "bulk"	RelError: 1.59784e+00	AbsError: 3.04663e+15
      Equation: "ElectronContinuityEquation"	RelError: 5.65988e-01	AbsError: 3.04634e+15
      Equation: "HoleContinuityEquation"	RelError: 9.97855e-01	AbsError: 2.91471e+11
      Equation: "PotentialEquation"	RelError: 3.39979e-02	AbsError: 9.16533e-03
    Region: "gate"	RelError: 3.92858e-07	AbsError: 1.93741e+13
      Equation: "ElectronContinuityEquation"	RelError: 1.94136e-07	AbsError: 1.93741e+13
      Equation: "HoleContinuityEquation"	RelError: 1.94136e-07	AbsError: 1.94532e-07
      Equation: "PotentialEquation"	RelError: 4.58535e-09	AbsError: 5.02564e-09
    Region: "oxide"	RelError: 1.41576e-02	AbsError: 8.40904e-03
      Equation: "PotentialEquation"	RelError: 1.41576e-02	AbsError: 8.40904e-03
Iteration: 4
  Device: "mos2d"	RelError: 4.53353e-01	AbsError: 3.21126e+15
    Region: "bulk"	RelError: 4.53209e-01	AbsError: 3.21126e+15
      Equation: "ElectronContinuityEquation"	RelError: 1.73066e-02	AbsError: 3.21090e+15
      Equation: "HoleContinuityEquation"	RelError: 3.94194e-01	AbsError: 3.61628e+11
      Equation: "PotentialEquation"	RelError: 4.17083e-02	AbsError: 4.70063e-04
    Region: "gate"	RelError: 3.11835e-07	AbsError: 1.53784e+13
      Equation: "ElectronContinuityEquation"	RelError: 1.54098e-07	AbsError: 1.53784e+13
      Equation: "HoleContinuityEquation"	RelError: 1.54098e-07	AbsError: 1.54412e-07
      Equation: "PotentialEquation"	RelError: 3.63967e-09	AbsError: 3.98916e-09
    Region: "oxide"	RelError: 1.43721e-04	AbsError: 7.14881e-05
      Equation: "PotentialEquation"	RelError: 1.43721e-04	AbsError: 7.14881e-05
Iteration: 5
  Device: "mos2d"	RelError: 1.64449e-03	AbsError: 4.40389e+12
    Region: "bulk"	RelError: 1.64443e-03	AbsError: 4.40389e+12
      Equation: "ElectronContinuityEquation"	RelError: 2.29004e-05	AbsError: 4.40379e+12
      Equation: "HoleContinuityEquation"	RelError: 1.60440e-03	AbsError: 9.67940e+07
      Equation: "PotentialEquation"	RelError: 1.71317e-05	AbsError: 3.16275e-07
    Region: "gate"	RelError: 1.08449e-10	AbsError: 5.34705e+09
      Equation: "ElectronContinuityEquation"	RelError: 5.35796e-11	AbsError: 5.34705e+09
      Equation: "HoleContinuityEquation"	RelError: 5.36033e-11	AbsError: 5.37127e-11
      Equation: "PotentialEquation"	RelError: 1.26571e-12	AbsError: 1.38724e-12
    Region: "oxide"	RelError: 5.72931e-08	AbsError: 2.70782e-08
      Equation: "PotentialEquation"	RelError: 5.72931e-08	AbsError: 2.70782e-08
Iteration: 6
  Device: "mos2d"	RelError: 5.23868e-09	AbsError: 2.10233e+06
    Region: "bulk"	RelError: 5.23862e-09	AbsError: 2.10233e+06
      Equation: "ElectronContinuityEquation"	RelError: 4.46957e-11	AbsError: 2.10165e+06
      Equation: "HoleContinuityEquation"	RelError: 5.17128e-09	AbsError: 6.82630e+02
      Equation: "PotentialEquation"	RelError: 2.26371e-11	AbsError: 2.13650e-13
    Region: "gate"	RelError: 4.40953e-16	AbsError: 9.51591e+03
      Equation: "ElectronContinuityEquation"	RelError: 9.53211e-17	AbsError: 9.51591e+03
      Equation: "HoleContinuityEquation"	RelError: 2.44341e-16	AbsError: 2.44771e-16
      Equation: "PotentialEquation"	RelError: 1.01291e-16	AbsError: 1.11022e-16
    Region: "oxide"	RelError: 6.17175e-14	AbsError: 2.93360e-14
      Equation: "PotentialEquation"	RelError: 6.17175e-14	AbsError: 2.93360e-14
Iteration: 7
  Device: "mos2d"	RelError: 9.18730e-14	AbsError: 8.11410e+03
    Region: "bulk"	RelError: 9.14687e-14	AbsError: 1.91349e+03
      Equation: "ElectronContinuityEquation"	RelError: 3.60559e-14	AbsError: 1.23445e+03
      Equation: "HoleContinuityEquation"	RelError: 2.05969e-14	AbsError: 6.79045e+02
      Equation: "PotentialEquation"	RelError: 3.48159e-14	AbsError: 8.52730e-16
    Region: "gate"	RelError: 2.92242e-16	AbsError: 8.11410e+03
      Equation: "ElectronContinuityEquation"	RelError: 8.11410e-17	AbsError: 8.11410e+03
      Equation: "HoleContinuityEquation"	RelError: 1.09811e-16	AbsError: 1.09969e-16
      Equation: "PotentialEquation"	RelError: 1.01291e-16	AbsError: 1.11022e-16
    Region: "oxide"	RelError: 1.12013e-16	AbsError: 1.01451e-16
      Equation: "PotentialEquation"	RelError: 1.12013e-16	AbsError: 1.01451e-16
Succeeded
body	0.0	-3.532731678143699e-15	-5.958392241442742e-14	-6.311665409257112e-14
drain	0.1	0.43758702973648034	7.508255453019036e-17	0.4375870297364804
gate	0.5	-2.1605240168889768e-12	-1.0802620084444884e-32	-2.1605240168889768e-12
source	0.0	-0.4375870297363331	-1.9409706063251824e-18	-0.4375870297363331
drain last end 1.000000e-01 5.000000e-01
number of equations 7530
Iteration: 0
  Device: "mos2d"	RelError: 7.41921e+03	AbsError: 2.12887e+17
    Region: "bulk"	RelError: 7.41915e+03	AbsError: 2.12887e+17
      Equation: "ElectronContinuityEquation"	RelError: 9.99000e+02	AbsError: 2.12569e+17
      Equation: "HoleContinuityEquation"	RelError: 6.40650e+03	AbsError: 3.17494e+14
      Equation: "PotentialEquation"	RelError: 1.36459e+01	AbsError: 4.09542e-02
    Region: "gate"	RelError: 3.61519e-04	AbsError: 1.78286e+16
      Equation: "ElectronContinuityEquation"	RelError: 1.78618e-04	AbsError: 1.78286e+16
      Equation: "HoleContinuityEquation"	RelError: 1.78682e-04	AbsError: 1.79014e-04
      Equation: "PotentialEquation"	RelError: 4.21955e-06	AbsError: 4.62474e-06
    Region: "oxide"	RelError: 6.62957e-02	AbsError: 4.03458e-02
      Equation: "PotentialEquation"	RelError: 6.62957e-02	AbsError: 4.03458e-02
Iteration: 1
  Device: "mos2d"	RelError: 3.84444e+01	AbsError: 1.69147e+16
    Region: "bulk"	RelError: 3.83984e+01	AbsError: 1.69147e+16
      Equation: "ElectronContinuityEquation"	RelError: 9.98988e-01	AbsError: 1.68954e+16
      Equation: "HoleContinuityEquation"	RelError: 9.99692e-01	AbsError: 1.92861e+13
      Equation: "PotentialEquation"	RelError: 3.63997e+01	AbsError: 3.07632e-02
    Region: "gate"	RelError: 1.42720e-05	AbsError: 7.02366e+14
      Equation: "ElectronContinuityEquation"	RelError: 7.03678e-06	AbsError: 7.02366e+14
      Equation: "HoleContinuityEquation"	RelError: 7.06860e-06	AbsError: 7.08181e-06
      Equation: "PotentialEquation"	RelError: 1.66578e-07	AbsError: 1.82574e-07
    Region: "oxide"	RelError: 4.60028e-02	AbsError: 2.99457e-02
      Equation: "PotentialEquation"	RelError: 4.60028e-02	AbsError: 2.99457e-02
Iteration: 2
  Device: "mos2d"	RelError: 1.00443e+03	AbsError: 2.56689e+15
    Region: "bulk"	RelError: 1.00439e+03	AbsError: 2.56689e+15
      Equation: "ElectronContinuityEquation"	RelError: 5.23797e+00	AbsError: 2.56652e+15
      Equation: "HoleContinuityEquation"	RelError: 9.99000e+02	AbsError: 3.74192e+11
      Equation: "PotentialEquation"	RelError: 1.51700e-01	AbsError: 2.58729e-02
    Region: "gate"	RelError: 1.62351e-06	AbsError: 8.00809e+13
      Equation: "ElectronContinuityEquation"	RelError: 8.02304e-07	AbsError: 8.00809e+13
      Equation: "HoleContinuityEquation"	RelError: 8.02256e-07	AbsError: 8.03754e-07
      Equation: "PotentialEquation"	RelError: 1.89492e-08	AbsError: 2.07688e-08
    Region: "oxide"	RelError: 3.79990e-02	AbsError: 2.58390e-02
      Equation: "PotentialEquation"	RelError: 3.79990e-02	AbsError: 2.58390e-02
Iteration: 3
  Device: "mos2d"	RelError: 1.77197e+00	AbsError: 4.11372e+15
    Region: "bulk"	RelError: 1.76003e+00	AbsError: 4.11372e+15
      Equation: "ElectronContinuityEquation"	RelError: 5.63553e-01	AbsError: 4.11337e+15
      Equation: "HoleContinuityEquation"	RelError: 9.98566e-01	AbsError: 3.43781e+11
      Equation: "PotentialEquation"	RelError: 1.97907e-01	AbsError: 9.16533e-03
    Region: "gate"	RelError: 3.38309e-07	AbsError: 1.66869e+13
      Equation: "ElectronContinuityEquation"	RelError: 1.67181e-07	AbsError: 1.66869e+13
      Equation: "HoleContinuityEquation"	RelError: 1.67180e-07	AbsError: 1.67492e-07
      Equation: "PotentialEquation"	RelError: 3.94865e-09	AbsError: 4.32783e-09
    Region: "oxide"	RelError: 1.19467e-02	AbsError: 8.25190e-03
      Equation: "PotentialEquation"	RelError: 1.19467e-02	AbsError: 8.25190e-03
Iteration: 4
  Device: "mos2d"	RelError: 5.65124e-01	AbsError: 4.17296e+15
    Region: "bulk"	RelError: 5.64927e-01	AbsError: 4.17296e+15
      Equation: "ElectronContinuityEquation"	RelError: 1.93186e-02	AbsError: 4.17251e+15
      Equation: "HoleContinuityEquation"	RelError: 3.36129e-01	AbsError: 4.44446e+11
      Equation: "PotentialEquation"	RelError: 2.09480e-01	AbsError: 4.85900e-04
    Region: "gate"	RelError: 4.94691e-07	AbsError: 2.44003e+13
      Equation: "ElectronContinuityEquation"	RelError: 2.44459e-07	AbsError: 2.44003e+13
      Equation: "HoleContinuityEquation"	RelError: 2.44459e-07	AbsError: 2.44915e-07
      Equation: "PotentialEquation"	RelError: 5.77390e-09	AbsError: 6.32835e-09
    Region: "oxide"	RelError: 1.96325e-04	AbsError: 1.12333e-04
      Equation: "PotentialEquation"	RelError: 1.96325e-04	AbsError: 1.12333e-04
Iteration: 5
  Device: "mos2d"	RelError: 8.11207e-04	AbsError: 3.96136e+12
    Region: "bulk"	RelError: 8.11175e-04	AbsError: 3.96136e+12
      Equation: "ElectronContinuityEquation"	RelError: 3.66508e-05	AbsError: 3.96119e+12
      Equation: "HoleContinuityEquation"	RelError: 6.58068e-04	AbsError: 1.73073e+08
      Equation: "PotentialEquation"	RelError: 1.16456e-04	AbsError: 4.10099e-07
    Region: "gate"	RelError: 5.61196e-11	AbsError: 2.76507e+09
      Equation: "ElectronContinuityEquation"	RelError: 2.77024e-11	AbsError: 2.76507e+09
      Equation: "HoleContinuityEquation"	RelError: 2.77622e-11	AbsError: 2.78140e-11
      Equation: "PotentialEquation"	RelError: 6.55079e-13	AbsError: 7.17984e-13
    Region: "oxide"	RelError: 3.28953e-08	AbsError: 1.67463e-08
      Equation: "PotentialEquation"	RelError: 3.28953e-08	AbsError: 1.67463e-08
Iteration: 6
  Device: "mos2d"	RelError: 1.99226e-09	AbsError: 2.15555e+06
    Region: "bulk"	RelError: 1.99220e-09	AbsError: 2.15555e+06
      Equation: "ElectronContinuityEquation"	RelError: 6.36427e-11	AbsError: 2.15510e+06
      Equation: "HoleContinuityEquation"	RelError: 1.78857e-09	AbsError: 4.45826e+02
      Equation: "PotentialEquation"	RelError: 1.39991e-10	AbsError: 2.68417e-13
    Region: "gate"	RelError: 3.55723e-16	AbsError: 1.11824e+04
      Equation: "ElectronContinuityEquation"	RelError: 1.11984e-16	AbsError: 1.11824e+04
      Equation: "HoleContinuityEquation"	RelError: 1.42433e-16	AbsError: 1.42661e-16
      Equation: "PotentialEquation"	RelError: 1.01306e-16	AbsError: 1.11039e-16
    Region: "oxide"	RelError: 5.53282e-14	AbsError: 2.94369e-14
      Equation: "PotentialEquation"	RelError: 5.53282e-14	AbsError: 2.94369e-14
Iteration: 7
  Device: "mos2d"	RelError: 1.18205e-13	AbsError: 7.78352e+03
    Region: "bulk"	RelError: 1.17781e-13	AbsError: 2.20290e+03
      Equation: "ElectronContinuityEquation"	RelError: 2.71871e-14	AbsError: 1.73759e+03
      Equation: "HoleContinuityEquation"	RelError: 1.82419e-14	AbsError: 4.65305e+02
      Equation: "PotentialEquation"	RelError: 7.23517e-14	AbsError: 6.65079e-16
    Region: "gate"	RelError: 2.96493e-16	AbsError: 7.78352e+03
      Equation: "ElectronContinuityEquation"	RelError: 7.78352e-17	AbsError: 7.78352e+03
      Equation: "HoleContinuityEquation"	RelError: 1.17367e-16	AbsError: 1.17367e-16
      Equation: "PotentialEquation"	RelError: 1.01291e-16	AbsError: 1.11022e-16
    Region: "oxide"	RelError: 1.27556e-16	AbsError: 1.06532e-16
      Equation: "PotentialEquation"	RelError: 1.27556e-16	AbsError: 1.06532e-16
Succeeded
body	0.0	-4.001262122385394e-15	-7.453039222412396e-14	-7.853165434650935e-14
drain	0.2	0.9390941752586466	7.909356812408657e-17	0.9390941752586467
gate	0.5	-2.1605240168889768e-12	-1.0802620084444884e-32	-2.1605240168889768e-12
source	0.0	-0.9390941752585263	-4.434214910161574e-18	-0.9390941752585263
drain last end 2.000000e-01 5.000000e-01
number of equations 7530
Iteration: 0
  Device: "mos2d"	RelError: 2.01371e+03	AbsError: 2.31147e+17
    Region: "bulk"	RelError: 2.01366e+03	AbsError: 2.31147e+17
      Equation: "ElectronContinuityEquation"	RelError: 9.99000e+02	AbsError: 2.30805e+17
      Equation: "HoleContinuityEquation"	RelError: 9.99000e+02	AbsError: 3.42746e+14
      Equation: "PotentialEquation"	RelError: 1.56559e+01	AbsError: 4.09542e-02
    Region: "gate"	RelError: 3.37994e-04	AbsError: 1.66713e+16
      Equation: "ElectronContinuityEquation"	RelError: 1.66997e-04	AbsError: 1.66713e+16
      Equation: "HoleContinuityEquation"	RelError: 1.67053e-04	AbsError: 1.67337e-04
      Equation: "PotentialEquation"	RelError: 3.94496e-06	AbsError: 4.32380e-06
    Region: "oxide"	RelError: 5.66987e-02	AbsError: 4.02091e-02
      Equation: "PotentialEquation"	RelError: 5.66987e-02	AbsError: 4.02091e-02
Iteration: 1
  Device: "mos2d"	RelError: 2.00305e+03	AbsError: 1.84937e+16
    Region: "bulk"	RelError: 2.00301e+03	AbsError: 1.84937e+16
      Equation: "ElectronContinuityEquation"	RelError: 9.99000e+02	AbsError: 1.84759e+16
      Equation: "HoleContinuityEquation"	RelError: 9.99000e+02	AbsError: 1.78452e+13
      Equation: "PotentialEquation"	RelError: 5.00915e+00	AbsError: 3.07632e-02
    Region: "gate"	RelError: 8.31983e-06	AbsError: 4.09046e+14
      Equation: "ElectronContinuityEquation"	RelError: 4.09743e-06	AbsError: 4.09046e+14
      Equation: "HoleContinuityEquation"	RelError: 4.12529e-06	AbsError: 4.13232e-06
      Equation: "PotentialEquation"	RelError: 9.71063e-08	AbsError: 1.06432e-07
    Region: "oxide"	RelError: 4.14190e-02	AbsError: 2.97834e-02
      Equation: "PotentialEquation"	RelError: 4.14190e-02	AbsError: 2.97834e-02
Iteration: 2
  Device: "mos2d"	RelError: 1.00285e+03	AbsError: 2.17704e+15
    Region: "bulk"	RelError: 1.00281e+03	AbsError: 2.17704e+15
      Equation: "ElectronContinuityEquation"	RelError: 3.77277e+00	AbsError: 2.17690e+15
      Equation: "HoleContinuityEquation"	RelError: 9.99000e+02	AbsError: 1.35203e+11
      Equation: "PotentialEquation"	RelError: 4.05616e-02	AbsError: 2.58860e-02
    Region: "gate"	RelError: 1.07343e-06	AbsError: 5.29558e+13
      Equation: "ElectronContinuityEquation"	RelError: 5.30460e-07	AbsError: 5.29558e+13
      Equation: "HoleContinuityEquation"	RelError: 5.30443e-07	AbsError: 5.31347e-07
      Equation: "PotentialEquation"	RelError: 1.25288e-08	AbsError: 1.37319e-08
    Region: "oxide"	RelError: 3.27363e-02	AbsError: 2.53613e-02
      Equation: "PotentialEquation"	RelError: 3.27363e-02	AbsError: 2.53613e-02
Iteration: 3
  Device: "mos2d"	RelError: 1.59197e+00	AbsError: 3.89412e+15
    Region: "bulk"	RelError: 1.58170e+00	AbsError: 3.89412e+15
      Equation: "ElectronContinuityEquation"	RelError: 5.59507e-01	AbsError: 3.89375e+15
      Equation: "HoleContinuityEquation"	RelError: 1.00000e+00	AbsError: 3.70757e+11
      Equation: "PotentialEquation"	RelError: 2.21922e-02	AbsError: 9.16533e-03
    Region: "gate"	RelError: 2.59861e-07	AbsError: 1.28196e+13
      Equation: "ElectronContinuityEquation"	RelError: 1.28414e-07	AbsError: 1.28196e+13
      Equation: "HoleContinuityEquation"	RelError: 1.28414e-07	AbsError: 1.28633e-07
      Equation: "PotentialEquation"	RelError: 3.03302e-09	AbsError: 3.32428e-09
    Region: "oxide"	RelError: 1.02694e-02	AbsError: 8.08039e-03
      Equation: "PotentialEquation"	RelError: 1.02694e-02	AbsError: 8.08039e-03
Iteration: 4
  Device: "mos2d"	RelError: 1.76329e-01	AbsError: 4.14152e+15
    Region: "bulk"	RelError: 1.76178e-01	AbsError: 4.14152e+15
      Equation: "ElectronContinuityEquation"	RelError: 2.03967e-02	AbsError: 4.14105e+15
      Equation: "HoleContinuityEquation"	RelError: 1.25354e-01	AbsError: 4.67954e+11
      Equation: "PotentialEquation"	RelError: 3.04271e-02	AbsError: 4.41117e-04
    Region: "gate"	RelError: 4.34680e-07	AbsError: 2.14438e+13
      Equation: "ElectronContinuityEquation"	RelError: 2.14803e-07	AbsError: 2.14438e+13
      Equation: "HoleContinuityEquation"	RelError: 2.14803e-07	AbsError: 2.15169e-07
      Equation: "PotentialEquation"	RelError: 5.07344e-09	AbsError: 5.56065e-09
    Region: "oxide"	RelError: 1.50653e-04	AbsError: 9.70011e-05
      Equation: "PotentialEquation"	RelError: 1.50653e-04	AbsError: 9.70011e-05
Iteration: 5
  Device: "mos2d"	RelError: 9.70664e-05	AbsError: 3.90299e+12
    Region: "bulk"	RelError: 9.70412e-05	AbsError: 3.90299e+12
      Equation: "ElectronContinuityEquation"	RelError: 2.60268e-05	AbsError: 3.90295e+12
      Equation: "HoleContinuityEquation"	RelError: 6.61324e-05	AbsError: 3.59752e+07
      Equation: "PotentialEquation"	RelError: 4.88205e-06	AbsError: 1.43403e-07
    Region: "gate"	RelError: 5.15164e-11	AbsError: 2.54374e+09
      Equation: "ElectronContinuityEquation"	RelError: 2.54807e-11	AbsError: 2.54374e+09
      Equation: "HoleContinuityEquation"	RelError: 2.54345e-11	AbsError: 2.54778e-11
      Equation: "PotentialEquation"	RelError: 6.01208e-13	AbsError: 6.58942e-13
    Region: "oxide"	RelError: 2.50811e-08	AbsError: 1.73480e-08
      Equation: "PotentialEquation"	RelError: 2.50811e-08	AbsError: 1.73480e-08
Iteration: 6
  Device: "mos2d"	RelError: 1.37587e-10	AbsError: 9.72908e+05
    Region: "bulk"	RelError: 1.37584e-10	AbsError: 9.72908e+05
      Equation: "ElectronContinuityEquation"	RelError: 1.23726e-11	AbsError: 9.72322e+05
      Equation: "HoleContinuityEquation"	RelError: 1.25028e-10	AbsError: 5.85702e+02
      Equation: "PotentialEquation"	RelError: 1.83499e-13	AbsError: 3.92811e-14
    Region: "gate"	RelError: 3.49275e-16	AbsError: 7.89697e+03
      Equation: "ElectronContinuityEquation"	RelError: 7.89697e-17	AbsError: 7.89697e+03
      Equation: "HoleContinuityEquation"	RelError: 1.69015e-16	AbsError: 1.69015e-16
      Equation: "PotentialEquation"	RelError: 1.01291e-16	AbsError: 1.11022e-16
    Region: "oxide"	RelError: 2.90972e-15	AbsError: 2.00159e-15
      Equation: "PotentialEquation"	RelError: 2.90972e-15	AbsError: 2.00159e-15
Iteration: 7
  Device: "mos2d"	RelError: 1.65767e-13	AbsError: 7.89697e+03
    Region: "bulk"	RelError: 1.65365e-13	AbsError: 1.53047e+03
      Equation: "ElectronContinuityEquation"	RelError: 4.64037e-14	AbsError: 1.07389e+03
      Equation: "HoleContinuityEquation"	RelError: 2.41602e-14	AbsError: 4.56572e+02
      Equation: "PotentialEquation"	RelError: 9.48007e-14	AbsError: 1.22803e-15
    Region: "gate"	RelError: 2.90025e-16	AbsError: 7.89697e+03
      Equation: "ElectronContinuityEquation"	RelError: 7.89697e-17	AbsError: 7.89697e+03
      Equation: "HoleContinuityEquation"	RelError: 1.09765e-16	AbsError: 1.09765e-16
      Equation: "PotentialEquation"	RelError: 1.01291e-16	AbsError: 1.11022e-16
    Region: "oxide"	RelError: 1.11816e-16	AbsError: 1.08527e-16
      Equation: "PotentialEquation"	RelError: 1.11816e-16	AbsError: 1.08527e-16
Succeeded
body	0.0	-4.309689539006808e-15	-9.116275550036761e-14	-9.547244503937441e-14
drain	0.30000000000000004	1.534430039334617	8.183173509962163e-17	1.534430039334617
gate	0.5	0.0	0.0	0.0
source	0.0	-1.5344300393346564	-7.506694758854348e-18	-1.5344300393346564
drain last end 3.000000e-01 5.000000e-01
number of equations 7530
Iteration: 0
  Device: "mos2d"	RelError: 2.02489e+03	AbsError: 2.35466e+17
    Region: "bulk"	RelError: 2.02484e+03	AbsError: 2.35466e+17
      Equation: "ElectronContinuityEquation"	RelError: 9.99000e+02	AbsError: 2.35095e+17
      Equation: "HoleContinuityEquation"	RelError: 9.99000e+02	AbsError: 3.71404e+14
      Equation: "PotentialEquation"	RelError: 2.68389e+01	AbsError: 4.09542e-02
    Region: "gate"	RelError: 3.24355e-04	AbsError: 1.60012e+16
      Equation: "ElectronContinuityEquation"	RelError: 1.60259e-04	AbsError: 1.60012e+16
      Equation: "HoleContinuityEquation"	RelError: 1.60310e-04	AbsError: 1.60558e-04
      Equation: "PotentialEquation"	RelError: 3.78575e-06	AbsError: 4.14932e-06
    Region: "oxide"	RelError: 4.95919e-02	AbsError: 4.00752e-02
      Equation: "PotentialEquation"	RelError: 4.95919e-02	AbsError: 4.00752e-02
Iteration: 1
  Device: "mos2d"	RelError: 2.00009e+03	AbsError: 1.76554e+16
    Region: "bulk"	RelError: 2.00005e+03	AbsError: 1.76554e+16
      Equation: "ElectronContinuityEquation"	RelError: 9.99000e+02	AbsError: 1.76384e+16
      Equation: "HoleContinuityEquation"	RelError: 9.99000e+02	AbsError: 1.69666e+13
      Equation: "PotentialEquation"	RelError: 2.05352e+00	AbsError: 3.07632e-02
    Region: "gate"	RelError: 4.86967e-06	AbsError: 2.38988e+14
      Equation: "ElectronContinuityEquation"	RelError: 2.39358e-06	AbsError: 2.38988e+14
      Equation: "HoleContinuityEquation"	RelError: 2.41926e-06	AbsError: 2.42300e-06
      Equation: "PotentialEquation"	RelError: 5.68371e-08	AbsError: 6.22954e-08
    Region: "oxide"	RelError: 3.81336e-02	AbsError: 2.96339e-02
      Equation: "PotentialEquation"	RelError: 3.81336e-02	AbsError: 2.96339e-02
Iteration: 2
  Device: "mos2d"	RelError: 1.13721e+03	AbsError: 1.78735e+15
    Region: "bulk"	RelError: 1.13718e+03	AbsError: 1.78735e+15
      Equation: "ElectronContinuityEquation"	RelError: 3.20297e+00	AbsError: 1.78730e+15
      Equation: "HoleContinuityEquation"	RelError: 1.13394e+03	AbsError: 4.81669e+10
      Equation: "PotentialEquation"	RelError: 3.50477e-02	AbsError: 2.58564e-02
    Region: "gate"	RelError: 5.23051e-07	AbsError: 2.58077e+13
      Equation: "ElectronContinuityEquation"	RelError: 2.58476e-07	AbsError: 2.58077e+13
      Equation: "HoleContinuityEquation"	RelError: 2.58470e-07	AbsError: 2.58870e-07
      Equation: "PotentialEquation"	RelError: 6.10487e-09	AbsError: 6.69115e-09
    Region: "oxide"	RelError: 2.92413e-02	AbsError: 2.58003e-02
      Equation: "PotentialEquation"	RelError: 2.92413e-02	AbsError: 2.58003e-02
Iteration: 3
  Device: "mos2d"	RelError: 1.54398e+00	AbsError: 9.76297e+15
    Region: "bulk"	RelError: 1.54389e+00	AbsError: 9.76297e+15
      Equation: "ElectronContinuityEquation"	RelError: 5.17219e-01	AbsError: 9.76260e+15
      Equation: "HoleContinuityEquation"	RelError: 9.97251e-01	AbsError: 3.69358e+11
      Equation: "PotentialEquation"	RelError: 2.94154e-02	AbsError: 9.16533e-03
    Region: "gate"	RelError: 2.97264e-07	AbsError: 1.46670e+13
      Equation: "ElectronContinuityEquation"	RelError: 1.46897e-07	AbsError: 1.46670e+13
      Equation: "HoleContinuityEquation"	RelError: 1.46897e-07	AbsError: 1.47124e-07
      Equation: "PotentialEquation"	RelError: 3.46956e-09	AbsError: 3.80275e-09
    Region: "oxide"	RelError: 8.91354e-05	AbsError: 6.91170e-05
      Equation: "PotentialEquation"	RelError: 8.91354e-05	AbsError: 6.91170e-05
Iteration: 4
  Device: "mos2d"	RelError: 6.71237e-02	AbsError: 1.00978e+16
    Region: "bulk"	RelError: 6.69920e-02	AbsError: 1.00978e+16
      Equation: "ElectronContinuityEquation"	RelError: 2.30971e-02	AbsError: 1.00973e+16
      Equation: "HoleContinuityEquation"	RelError: 6.66548e-03	AbsError: 4.63267e+11
      Equation: "PotentialEquation"	RelError: 3.72294e-02	AbsError: 3.84881e-04
    Region: "gate"	RelError: 4.26919e-07	AbsError: 2.10643e+13
      Equation: "ElectronContinuityEquation"	RelError: 2.10968e-07	AbsError: 2.10643e+13
      Equation: "HoleContinuityEquation"	RelError: 2.10968e-07	AbsError: 2.11294e-07
      Equation: "PotentialEquation"	RelError: 4.98285e-09	AbsError: 5.46138e-09
    Region: "oxide"	RelError: 1.31245e-04	AbsError: 9.44357e-05
      Equation: "PotentialEquation"	RelError: 1.31245e-04	AbsError: 9.44357e-05
Iteration: 5
  Device: "mos2d"	RelError: 1.02429e-04	AbsError: 3.59945e+12
    Region: "bulk"	RelError: 1.02388e-04	AbsError: 3.59945e+12
      Equation: "ElectronContinuityEquation"	RelError: 1.73603e-05	AbsError: 3.59932e+12
      Equation: "HoleContinuityEquation"	RelError: 7.75303e-05	AbsError: 1.29326e+08
      Equation: "PotentialEquation"	RelError: 7.49723e-06	AbsError: 1.50549e-07
    Region: "gate"	RelError: 1.33324e-10	AbsError: 6.58045e+09
      Equation: "ElectronContinuityEquation"	RelError: 6.59062e-11	AbsError: 6.58045e+09
      Equation: "HoleContinuityEquation"	RelError: 6.58615e-11	AbsError: 6.59633e-11
      Equation: "PotentialEquation"	RelError: 1.55605e-12	AbsError: 1.70549e-12
    Region: "oxide"	RelError: 4.10599e-08	AbsError: 3.02763e-08
      Equation: "PotentialEquation"	RelError: 4.10599e-08	AbsError: 3.02763e-08
Iteration: 6
  Device: "mos2d"	RelError: 3.10295e-11	AbsError: 1.68708e+06
    Region: "bulk"	RelError: 3.10172e-11	AbsError: 1.68708e+06
      Equation: "ElectronContinuityEquation"	RelError: 7.59028e-12	AbsError: 1.68652e+06
      Equation: "HoleContinuityEquation"	RelError: 2.03644e-11	AbsError: 5.58405e+02
      Equation: "PotentialEquation"	RelError: 3.06251e-12	AbsError: 8.76437e-14
    Region: "gate"	RelError: 4.72207e-16	AbsError: 8.81478e+03
      Equation: "ElectronContinuityEquation"	RelError: 8.82637e-17	AbsError: 8.81478e+03
      Equation: "HoleContinuityEquation"	RelError: 2.82652e-16	AbsError: 2.83089e-16
      Equation: "PotentialEquation"	RelError: 1.01291e-16	AbsError: 1.11022e-16
    Region: "oxide"	RelError: 1.18359e-14	AbsError: 7.91320e-15
      Equation: "PotentialEquation"	RelError: 1.18359e-14	AbsError: 7.91320e-15
Succeeded
body	0.0	-4.558506244065908e-15	-1.1185664638416982e-13	-1.1641515262823574e-13
drain	0.4	2.2279855137540743	8.488007901222876e-17	2.2279855137540743
gate	0.5	-2.1605240168889768e-12	-1.0802620084444884e-32	-2.1605240168889768e-12
source	0.0	-2.2279855137540423	-1.1061395375958405e-17	-2.2279855137540423
drain last end 4.000000e-01 5.000000e-01
setting to last bias 5.000000e-01
setting next bias 5.000000e-01
number of equations 7530
Iteration: 0
  Device: "mos2d"	RelError: 3.98148e+03	AbsError: 2.26424e+17
    Region: "bulk"	RelError: 3.98143e+03	AbsError: 2.26424e+17
      Equation: "ElectronContinuityEquation"	RelError: 9.99000e+02	AbsError: 2.26027e+17
      Equation: "HoleContinuityEquation"	RelError: 2.80186e+03	AbsError: 3.97092e+14
      Equation: "PotentialEquation"	RelError: 1.80572e+02	AbsError: 4.09542e-02
    Region: "gate"	RelError: 3.16024e-04	AbsError: 1.55927e+16
      Equation: "ElectronContinuityEquation"	RelError: 1.56143e-04	AbsError: 1.55927e+16
      Equation: "HoleContinuityEquation"	RelError: 1.56192e-04	AbsError: 1.56409e-04
      Equation: "PotentialEquation"	RelError: 3.68850e-06	AbsError: 4.04274e-06
    Region: "oxide"	RelError: 4.51590e-02	AbsError: 3.99513e-02
      Equation: "PotentialEquation"	RelError: 4.51590e-02	AbsError: 3.99513e-02
Iteration: 1
  Device: "mos2d"	RelError: 2.00016e+03	AbsError: 1.57277e+16
    Region: "bulk"	RelError: 2.00012e+03	AbsError: 1.57277e+16
      Equation: "ElectronContinuityEquation"	RelError: 9.99000e+02	AbsError: 1.57117e+16
      Equation: "HoleContinuityEquation"	RelError: 9.99000e+02	AbsError: 1.59341e+13
      Equation: "PotentialEquation"	RelError: 2.12344e+00	AbsError: 3.07632e-02
    Region: "gate"	RelError: 3.06711e-06	AbsError: 1.50137e+14
      Equation: "ElectronContinuityEquation"	RelError: 1.50346e-06	AbsError: 1.50137e+14
      Equation: "HoleContinuityEquation"	RelError: 1.52785e-06	AbsError: 1.52997e-06
      Equation: "PotentialEquation"	RelError: 3.57980e-08	AbsError: 3.92360e-08
    Region: "oxide"	RelError: 3.50181e-02	AbsError: 2.94987e-02
      Equation: "PotentialEquation"	RelError: 3.50181e-02	AbsError: 2.94987e-02
Iteration: 2
  Device: "mos2d"	RelError: 7.62374e+00	AbsError: 1.30720e+15
    Region: "bulk"	RelError: 7.59764e+00	AbsError: 1.30720e+15
      Equation: "ElectronContinuityEquation"	RelError: 1.66826e+00	AbsError: 1.30715e+15
      Equation: "HoleContinuityEquation"	RelError: 5.89853e+00	AbsError: 4.25006e+10
      Equation: "PotentialEquation"	RelError: 3.08535e-02	AbsError: 2.58980e-02
    Region: "gate"	RelError: 2.38104e-07	AbsError: 1.17500e+13
      Equation: "ElectronContinuityEquation"	RelError: 1.17664e-07	AbsError: 1.17500e+13
      Equation: "HoleContinuityEquation"	RelError: 1.17661e-07	AbsError: 1.17825e-07
      Equation: "PotentialEquation"	RelError: 2.77906e-09	AbsError: 3.04595e-09
    Region: "oxide"	RelError: 2.61021e-02	AbsError: 2.55090e-02
      Equation: "PotentialEquation"	RelError: 2.61021e-02	AbsError: 2.55090e-02
Iteration: 3
  Device: "mos2d"	RelError: 1.00243e+00	AbsError: 9.52212e+15
    Region: "bulk"	RelError: 1.00236e+00	AbsError: 9.52212e+15
      Equation: "ElectronContinuityEquation"	RelError: 3.53466e-01	AbsError: 9.52179e+15
      Equation: "HoleContinuityEquation"	RelError: 6.38673e-01	AbsError: 3.32430e+11
      Equation: "PotentialEquation"	RelError: 1.02201e-02	AbsError: 9.16533e-03
    Region: "gate"	RelError: 2.50389e-07	AbsError: 1.23561e+13
      Equation: "ElectronContinuityEquation"	RelError: 1.23733e-07	AbsError: 1.23561e+13
      Equation: "HoleContinuityEquation"	RelError: 1.23733e-07	AbsError: 1.23905e-07
      Equation: "PotentialEquation"	RelError: 2.92244e-09	AbsError: 3.20311e-09
    Region: "oxide"	RelError: 6.78325e-05	AbsError: 5.54115e-05
      Equation: "PotentialEquation"	RelError: 6.78325e-05	AbsError: 5.54115e-05
Iteration: 4
  Device: "mos2d"	RelError: 5.26770e-02	AbsError: 1.00144e+16
    Region: "bulk"	RelError: 5.25781e-02	AbsError: 1.00144e+16
      Equation: "ElectronContinuityEquation"	RelError: 2.56744e-02	AbsError: 1.00140e+16
      Equation: "HoleContinuityEquation"	RelError: 1.28988e-02	AbsError: 4.23323e+11
      Equation: "PotentialEquation"	RelError: 1.40049e-02	AbsError: 3.20208e-04
    Region: "gate"	RelError: 3.52852e-07	AbsError: 1.74125e+13
      Equation: "ElectronContinuityEquation"	RelError: 1.74367e-07	AbsError: 1.74125e+13
      Equation: "HoleContinuityEquation"	RelError: 1.74367e-07	AbsError: 1.74609e-07
      Equation: "PotentialEquation"	RelError: 4.11834e-09	AbsError: 4.51386e-09
    Region: "oxide"	RelError: 9.86015e-05	AbsError: 7.75944e-05
      Equation: "PotentialEquation"	RelError: 9.86015e-05	AbsError: 7.75944e-05
Iteration: 5
  Device: "mos2d"	RelError: 2.16513e-04	AbsError: 3.04788e+12
    Region: "bulk"	RelError: 2.16475e-04	AbsError: 3.04788e+12
      Equation: "ElectronContinuityEquation"	RelError: 1.84450e-05	AbsError: 3.04773e+12
      Equation: "HoleContinuityEquation"	RelError: 1.93290e-04	AbsError: 1.49126e+08
      Equation: "PotentialEquation"	RelError: 4.73988e-06	AbsError: 2.16328e-07
    Region: "gate"	RelError: 1.36196e-10	AbsError: 6.72249e+09
      Equation: "ElectronContinuityEquation"	RelError: 6.73184e-11	AbsError: 6.72249e+09
      Equation: "HoleContinuityEquation"	RelError: 6.72880e-11	AbsError: 6.73816e-11
      Equation: "PotentialEquation"	RelError: 1.58957e-12	AbsError: 1.74223e-12
    Region: "oxide"	RelError: 3.86981e-08	AbsError: 2.88457e-08
      Equation: "PotentialEquation"	RelError: 3.86981e-08	AbsError: 2.88457e-08
Iteration: 6
  Device: "mos2d"	RelError: 4.43042e-11	AbsError: 2.61704e+06
    Region: "bulk"	RelError: 4.42898e-11	AbsError: 2.61704e+06
      Equation: "ElectronContinuityEquation"	RelError: 1.52949e-11	AbsError: 2.61644e+06
      Equation: "HoleContinuityEquation"	RelError: 2.76335e-11	AbsError: 5.99676e+02
      Equation: "PotentialEquation"	RelError: 1.36142e-12	AbsError: 1.42185e-13
    Region: "gate"	RelError: 4.36612e-16	AbsError: 9.05992e+03
      Equation: "ElectronContinuityEquation"	RelError: 9.07252e-17	AbsError: 9.05992e+03
      Equation: "HoleContinuityEquation"	RelError: 2.44587e-16	AbsError: 2.44587e-16
      Equation: "PotentialEquation"	RelError: 1.01300e-16	AbsError: 1.11032e-16
    Region: "oxide"	RelError: 1.39339e-14	AbsError: 9.56249e-15
      Equation: "PotentialEquation"	RelError: 1.39339e-14	AbsError: 9.56249e-15
Succeeded
body	0.0	-4.766167188932761e-15	-9.515526459399405e-14	-9.992143178292681e-14
drain	0.5	3.0187837064933265	8.827025421179764e-17	3.0187837064933265
gate	0.5	-2.1605240168889768e-12	-1.0802620084444884e-32	-2.1605240168889768e-12
source	0.0	-3.0187837064929997	-1.5025102616180604e-17	-3.0187837064929997
