
----------------------------------------

 DEVSIM

 Version: Beta 0.01

 Copyright 2009-2015 Devsim LLC

----------------------------------------


Physical group name Base has 0 Tetrahedra.
Physical group name Base has 0 Triangles.
Physical group name Base has 19 Lines.
Physical group name Base has 20 Points.
Physical group name Bulk has 0 Tetrahedra.
Physical group name Bulk has 922 Triangles.
Physical group name Bulk has 1422 Lines.
Physical group name Bulk has 501 Points.
Physical group name Emitter has 0 Tetrahedra.
Physical group name Emitter has 0 Triangles.
Physical group name Emitter has 20 Lines.
Physical group name Emitter has 21 Points.
Device diode2d has 501 coordinates with max index 501
group Bulk has 501 nodes.
Region Bulk has 501 nodes.
Region Bulk has 501 nodes.
group Emitter has 21 nodes.
Contact bot in region Bulk with 21 nodes
group Base has 20 nodes.
Contact top in region Bulk with 20 nodes
Creating Node Solution Potential
Region "Bulk" on device "diode2d" has equations 0:500
Device "diode2d" has equations 0:500
number of equations 501
Iteration: 0
  Device: "diode2d"	RelError: 1.00000e+00	AbsError: 8.93836e-02
    Region: "Bulk"	RelError: 1.00000e+00	AbsError: 8.93836e-02
      Equation: "PotentialEquation"	RelError: 1.00000e+00	AbsError: 8.93836e-02
Iteration: 1
  Device: "diode2d"	RelError: 4.91460e-01	AbsError: 8.63816e-02
    Region: "Bulk"	RelError: 4.91460e-01	AbsError: 8.63816e-02
      Equation: "PotentialEquation"	RelError: 4.91460e-01	AbsError: 8.63816e-02
Iteration: 2
  Device: "diode2d"	RelError: 3.21027e-01	AbsError: 8.31041e-02
    Region: "Bulk"	RelError: 3.21027e-01	AbsError: 8.31041e-02
      Equation: "PotentialEquation"	RelError: 3.21027e-01	AbsError: 8.31041e-02
Iteration: 3
  Device: "diode2d"	RelError: 2.34803e-01	AbsError: 7.94348e-02
    Region: "Bulk"	RelError: 2.34803e-01	AbsError: 7.94348e-02
      Equation: "PotentialEquation"	RelError: 2.34803e-01	AbsError: 7.94348e-02
Iteration: 4
  Device: "diode2d"	RelError: 1.79697e-01	AbsError: 7.40497e-02
    Region: "Bulk"	RelError: 1.79697e-01	AbsError: 7.40497e-02
      Equation: "PotentialEquation"	RelError: 1.79697e-01	AbsError: 7.40497e-02
Iteration: 5
  Device: "diode2d"	RelError: 3.94113e-01	AbsError: 5.62624e-02
    Region: "Bulk"	RelError: 3.94113e-01	AbsError: 5.62624e-02
      Equation: "PotentialEquation"	RelError: 3.94113e-01	AbsError: 5.62624e-02
Iteration: 6
  Device: "diode2d"	RelError: 2.70939e-01	AbsError: 3.95692e-02
    Region: "Bulk"	RelError: 2.70939e-01	AbsError: 3.95692e-02
      Equation: "PotentialEquation"	RelError: 2.70939e-01	AbsError: 3.95692e-02
Iteration: 7
  Device: "diode2d"	RelError: 7.20407e-02	AbsError: 2.91367e-02
    Region: "Bulk"	RelError: 7.20407e-02	AbsError: 2.91367e-02
      Equation: "PotentialEquation"	RelError: 7.20407e-02	AbsError: 2.91367e-02
Iteration: 8
  Device: "diode2d"	RelError: 5.18778e-02	AbsError: 2.47384e-02
    Region: "Bulk"	RelError: 5.18778e-02	AbsError: 2.47384e-02
      Equation: "PotentialEquation"	RelError: 5.18778e-02	AbsError: 2.47384e-02
Iteration: 9
  Device: "diode2d"	RelError: 5.35797e-04	AbsError: 2.55476e-04
    Region: "Bulk"	RelError: 5.35797e-04	AbsError: 2.55476e-04
      Equation: "PotentialEquation"	RelError: 5.35797e-04	AbsError: 2.55476e-04
Iteration: 10
  Device: "diode2d"	RelError: 8.85294e-07	AbsError: 4.22113e-07
    Region: "Bulk"	RelError: 8.85294e-07	AbsError: 4.22113e-07
      Equation: "PotentialEquation"	RelError: 8.85294e-07	AbsError: 4.22113e-07
Iteration: 11
  Device: "diode2d"	RelError: 2.67497e-12	AbsError: 1.27532e-12
    Region: "Bulk"	RelError: 2.67497e-12	AbsError: 1.27532e-12
      Equation: "PotentialEquation"	RelError: 2.67497e-12	AbsError: 1.27532e-12
Iteration: 12
  Device: "diode2d"	RelError: 7.21864e-16	AbsError: 5.68090e-17
    Region: "Bulk"	RelError: 7.21864e-16	AbsError: 5.68090e-17
      Equation: "PotentialEquation"	RelError: 7.21864e-16	AbsError: 5.68090e-17
Warning: Replacing equation with equation of the same name.
Region: Bulk, Equation: PotentialEquation, Variable: Potential
Region "Bulk" on device "diode2d" has equations 0:1502
Device "diode2d" has equations 0:1502
number of equations 1503
Iteration: 0
  Device: "diode2d"	RelError: 1.92574e-13	AbsError: 1.02400e+04
    Region: "Bulk"	RelError: 1.92574e-13	AbsError: 1.02400e+04
      Equation: "ElectronContinuityEquation"	RelError: 6.41473e-14	AbsError: 5.12000e+03
      Equation: "HoleContinuityEquation"	RelError: 1.27527e-13	AbsError: 5.12000e+03
      Equation: "PotentialEquation"	RelError: 8.99998e-16	AbsError: 1.33984e-16
Region "Bulk" on device "diode2d" has equations 0:1502
Device "diode2d" has equations 0:1502
number of equations 1503
Iteration: 0
  Device: "diode2d"	RelError: 2.99606e-13	AbsError: 2.35185e+02
    Region: "Bulk"	RelError: 2.99606e-13	AbsError: 2.35185e+02
      Equation: "ElectronContinuityEquation"	RelError: 1.17633e-13	AbsError: 1.24256e+02
      Equation: "HoleContinuityEquation"	RelError: 1.81320e-13	AbsError: 1.10929e+02
      Equation: "PotentialEquation"	RelError: 6.52838e-16	AbsError: 4.73747e-17
top	0.0	-4.20992824506e-30	3.2806276686e-15	3.2806276686e-15
bot	0.0	7.25154114941e-15	8.80308535157e-30	7.25154114941e-15
Region "Bulk" on device "diode2d" has equations 0:1502
Device "diode2d" has equations 0:1502
number of equations 1503
Iteration: 0
  Device: "diode2d"	RelError: 1.43721e+01	AbsError: 2.07119e+17
    Region: "Bulk"	RelError: 1.43721e+01	AbsError: 2.07119e+17
      Equation: "ElectronContinuityEquation"	RelError: 7.74619e-01	AbsError: 1.02804e+17
      Equation: "HoleContinuityEquation"	RelError: 7.74823e-01	AbsError: 1.04315e+17
      Equation: "PotentialEquation"	RelError: 1.28226e+01	AbsError: 4.10288e-02
Iteration: 1
  Device: "diode2d"	RelError: 1.93798e+01	AbsError: 2.41933e+16
    Region: "Bulk"	RelError: 1.93798e+01	AbsError: 2.41933e+16
      Equation: "ElectronContinuityEquation"	RelError: 6.72965e-01	AbsError: 1.24760e+16
      Equation: "HoleContinuityEquation"	RelError: 7.55804e-01	AbsError: 1.17173e+16
      Equation: "PotentialEquation"	RelError: 1.79510e+01	AbsError: 3.07893e-02
Iteration: 2
  Device: "diode2d"	RelError: 1.19372e+00	AbsError: 1.89665e+15
    Region: "Bulk"	RelError: 1.19372e+00	AbsError: 1.89665e+15
      Equation: "ElectronContinuityEquation"	RelError: 4.93046e-01	AbsError: 5.97790e+14
      Equation: "HoleContinuityEquation"	RelError: 4.87440e-01	AbsError: 1.29886e+15
      Equation: "PotentialEquation"	RelError: 2.13233e-01	AbsError: 2.58258e-02
Iteration: 3
  Device: "diode2d"	RelError: 4.29789e-01	AbsError: 1.03394e+15
    Region: "Bulk"	RelError: 4.29789e-01	AbsError: 1.03394e+15
      Equation: "ElectronContinuityEquation"	RelError: 2.96461e-01	AbsError: 3.30927e+13
      Equation: "HoleContinuityEquation"	RelError: 1.08926e-01	AbsError: 1.00084e+15
      Equation: "PotentialEquation"	RelError: 2.44027e-02	AbsError: 9.19641e-03
Iteration: 4
  Device: "diode2d"	RelError: 1.06669e-01	AbsError: 9.80556e+14
    Region: "Bulk"	RelError: 1.06669e-01	AbsError: 9.80556e+14
      Equation: "ElectronContinuityEquation"	RelError: 8.08447e-02	AbsError: 6.62004e+13
      Equation: "HoleContinuityEquation"	RelError: 3.89540e-03	AbsError: 9.14356e+14
      Equation: "PotentialEquation"	RelError: 2.19288e-02	AbsError: 5.50271e-05
Iteration: 5
  Device: "diode2d"	RelError: 7.95767e-05	AbsError: 1.89960e+11
    Region: "Bulk"	RelError: 7.95767e-05	AbsError: 1.89960e+11
      Equation: "ElectronContinuityEquation"	RelError: 6.74235e-05	AbsError: 1.44969e+10
      Equation: "HoleContinuityEquation"	RelError: 5.34100e-06	AbsError: 1.75463e+11
      Equation: "PotentialEquation"	RelError: 6.81222e-06	AbsError: 3.90591e-08
Iteration: 6
  Device: "diode2d"	RelError: 4.58903e-10	AbsError: 1.80198e+08
    Region: "Bulk"	RelError: 4.58903e-10	AbsError: 1.80198e+08
      Equation: "ElectronContinuityEquation"	RelError: 1.89123e-10	AbsError: 1.01029e+08
      Equation: "HoleContinuityEquation"	RelError: 1.88858e-10	AbsError: 7.91697e+07
      Equation: "PotentialEquation"	RelError: 8.09231e-11	AbsError: 4.89797e-12
Iteration: 7
  Device: "diode2d"	RelError: 5.17132e-13	AbsError: 1.37160e+05
    Region: "Bulk"	RelError: 5.17132e-13	AbsError: 1.37160e+05
      Equation: "ElectronContinuityEquation"	RelError: 2.99187e-13	AbsError: 1.36206e+05
      Equation: "HoleContinuityEquation"	RelError: 1.71636e-13	AbsError: 9.53834e+02
      Equation: "PotentialEquation"	RelError: 4.63098e-14	AbsError: 6.60412e-15
top	0.1	2.84714308542e-14	1.31493243961e-14	4.16207552503e-14
bot	0.0	-2.96763973632e-14	-1.38931668733e-14	-4.35695642365e-14
Region "Bulk" on device "diode2d" has equations 0:1502
Device "diode2d" has equations 0:1502
number of equations 1503
Iteration: 0
  Device: "diode2d"	RelError: 1.20230e+02	AbsError: 2.21443e+17
    Region: "Bulk"	RelError: 1.20230e+02	AbsError: 2.21443e+17
      Equation: "ElectronContinuityEquation"	RelError: 7.90625e-01	AbsError: 1.10320e+17
      Equation: "HoleContinuityEquation"	RelError: 7.90399e-01	AbsError: 1.11123e+17
      Equation: "PotentialEquation"	RelError: 1.18649e+02	AbsError: 4.21630e-02
Iteration: 1
  Device: "diode2d"	RelError: 7.14720e+00	AbsError: 2.73530e+16
    Region: "Bulk"	RelError: 7.14720e+00	AbsError: 2.73530e+16
      Equation: "ElectronContinuityEquation"	RelError: 6.84481e-01	AbsError: 1.42155e+16
      Equation: "HoleContinuityEquation"	RelError: 7.72503e-01	AbsError: 1.31374e+16
      Equation: "PotentialEquation"	RelError: 5.69022e+00	AbsError: 3.08062e-02
Iteration: 2
  Device: "diode2d"	RelError: 3.68457e+00	AbsError: 2.37096e+15
    Region: "Bulk"	RelError: 3.68457e+00	AbsError: 2.37096e+15
      Equation: "ElectronContinuityEquation"	RelError: 5.02829e-01	AbsError: 8.90369e+14
      Equation: "HoleContinuityEquation"	RelError: 4.88213e-01	AbsError: 1.48059e+15
      Equation: "PotentialEquation"	RelError: 2.69353e+00	AbsError: 2.58456e-02
Iteration: 3
  Device: "diode2d"	RelError: 4.37668e-01	AbsError: 1.02420e+15
    Region: "Bulk"	RelError: 4.37668e-01	AbsError: 1.02420e+15
      Equation: "ElectronContinuityEquation"	RelError: 2.97131e-01	AbsError: 2.99709e+13
      Equation: "HoleContinuityEquation"	RelError: 1.07247e-01	AbsError: 9.94226e+14
      Equation: "PotentialEquation"	RelError: 3.32897e-02	AbsError: 9.21657e-03
Iteration: 4
  Device: "diode2d"	RelError: 9.71802e-02	AbsError: 1.18310e+15
    Region: "Bulk"	RelError: 9.71802e-02	AbsError: 1.18310e+15
      Equation: "ElectronContinuityEquation"	RelError: 8.20345e-02	AbsError: 7.28848e+13
      Equation: "HoleContinuityEquation"	RelError: 4.57424e-03	AbsError: 1.11022e+15
      Equation: "PotentialEquation"	RelError: 1.05714e-02	AbsError: 5.86014e-05
Iteration: 5
  Device: "diode2d"	RelError: 8.36812e-05	AbsError: 3.31761e+11
    Region: "Bulk"	RelError: 8.36812e-05	AbsError: 3.31761e+11
      Equation: "ElectronContinuityEquation"	RelError: 7.59146e-05	AbsError: 8.56855e+10
      Equation: "HoleContinuityEquation"	RelError: 6.60110e-06	AbsError: 2.46076e+11
      Equation: "PotentialEquation"	RelError: 1.16545e-06	AbsError: 2.77721e-08
Iteration: 6
  Device: "diode2d"	RelError: 5.06892e-10	AbsError: 2.59630e+08
    Region: "Bulk"	RelError: 5.06892e-10	AbsError: 2.59630e+08
      Equation: "ElectronContinuityEquation"	RelError: 2.54582e-10	AbsError: 2.52882e+08
      Equation: "HoleContinuityEquation"	RelError: 2.23433e-10	AbsError: 6.74821e+06
      Equation: "PotentialEquation"	RelError: 2.88767e-11	AbsError: 6.58892e-12
Iteration: 7
  Device: "diode2d"	RelError: 3.56294e-13	AbsError: 5.20943e+04
    Region: "Bulk"	RelError: 3.56294e-13	AbsError: 5.20943e+04
      Equation: "ElectronContinuityEquation"	RelError: 1.55869e-13	AbsError: 3.32075e+04
      Equation: "HoleContinuityEquation"	RelError: 1.97031e-13	AbsError: 1.88868e+04
      Equation: "PotentialEquation"	RelError: 3.39442e-15	AbsError: 8.81221e-16
top	0.2	1.31489550306e-12	6.50600670911e-13	1.96549617397e-12
bot	0.0	-1.32450154211e-12	-6.42393761743e-13	-1.96689530386e-12
Region "Bulk" on device "diode2d" has equations 0:1502
Device "diode2d" has equations 0:1502
number of equations 1503
Iteration: 0
  Device: "diode2d"	RelError: 3.26775e+01	AbsError: 2.35496e+17
    Region: "Bulk"	RelError: 3.26775e+01	AbsError: 2.35496e+17
      Equation: "ElectronContinuityEquation"	RelError: 7.93282e-01	AbsError: 1.17348e+17
      Equation: "HoleContinuityEquation"	RelError: 7.92056e-01	AbsError: 1.18148e+17
      Equation: "PotentialEquation"	RelError: 3.10922e+01	AbsError: 4.11168e-02
Iteration: 1
  Device: "diode2d"	RelError: 3.33517e+00	AbsError: 4.72358e+16
    Region: "Bulk"	RelError: 3.33517e+00	AbsError: 4.72358e+16
      Equation: "ElectronContinuityEquation"	RelError: 6.85377e-01	AbsError: 1.69731e+16
      Equation: "HoleContinuityEquation"	RelError: 7.74624e-01	AbsError: 3.02627e+16
      Equation: "PotentialEquation"	RelError: 1.87517e+00	AbsError: 3.07946e-02
Iteration: 2
  Device: "diode2d"	RelError: 1.86693e+02	AbsError: 3.39742e+15
    Region: "Bulk"	RelError: 1.86693e+02	AbsError: 3.39742e+15
      Equation: "ElectronContinuityEquation"	RelError: 5.03056e-01	AbsError: 1.44702e+15
      Equation: "HoleContinuityEquation"	RelError: 4.88800e-01	AbsError: 1.95040e+15
      Equation: "PotentialEquation"	RelError: 1.85701e+02	AbsError: 2.58771e-02
Iteration: 3
  Device: "diode2d"	RelError: 5.58100e-01	AbsError: 1.12669e+15
    Region: "Bulk"	RelError: 5.58100e-01	AbsError: 1.12669e+15
      Equation: "ElectronContinuityEquation"	RelError: 2.97168e-01	AbsError: 2.99915e+13
      Equation: "HoleContinuityEquation"	RelError: 1.06939e-01	AbsError: 1.09670e+15
      Equation: "PotentialEquation"	RelError: 1.53992e-01	AbsError: 9.20267e-03
Iteration: 4
  Device: "diode2d"	RelError: 1.07239e+00	AbsError: 1.09515e+15
    Region: "Bulk"	RelError: 1.07239e+00	AbsError: 1.09515e+15
      Equation: "ElectronContinuityEquation"	RelError: 8.22811e-02	AbsError: 7.67285e+13
      Equation: "HoleContinuityEquation"	RelError: 4.03829e-03	AbsError: 1.01842e+15
      Equation: "PotentialEquation"	RelError: 9.86069e-01	AbsError: 5.78146e-05
Iteration: 5
  Device: "diode2d"	RelError: 3.43202e-03	AbsError: 4.58090e+11
    Region: "Bulk"	RelError: 3.43202e-03	AbsError: 4.58090e+11
      Equation: "ElectronContinuityEquation"	RelError: 7.47222e-05	AbsError: 1.22863e+11
      Equation: "HoleContinuityEquation"	RelError: 6.62318e-06	AbsError: 3.35228e+11
      Equation: "PotentialEquation"	RelError: 3.35068e-03	AbsError: 1.51115e-07
Iteration: 6
  Device: "diode2d"	RelError: 2.34181e-07	AbsError: 4.64880e+08
    Region: "Bulk"	RelError: 2.34181e-07	AbsError: 4.64880e+08
      Equation: "ElectronContinuityEquation"	RelError: 9.68985e-10	AbsError: 2.29950e+08
      Equation: "HoleContinuityEquation"	RelError: 9.45252e-10	AbsError: 2.34930e+08
      Equation: "PotentialEquation"	RelError: 2.32267e-07	AbsError: 2.53470e-11
Iteration: 7
  Device: "diode2d"	RelError: 3.29998e-10	AbsError: 3.07984e+06
    Region: "Bulk"	RelError: 3.29998e-10	AbsError: 3.07984e+06
      Equation: "ElectronContinuityEquation"	RelError: 2.30271e-12	AbsError: 1.88343e+06
      Equation: "HoleContinuityEquation"	RelError: 2.44484e-12	AbsError: 1.19640e+06
      Equation: "PotentialEquation"	RelError: 3.25251e-10	AbsError: 8.22613e-14
Iteration: 8
  Device: "diode2d"	RelError: 5.23967e-13	AbsError: 2.30229e+04
    Region: "Bulk"	RelError: 5.23967e-13	AbsError: 2.30229e+04
      Equation: "ElectronContinuityEquation"	RelError: 5.66529e-14	AbsError: 2.23121e+04
      Equation: "HoleContinuityEquation"	RelError: 9.74642e-14	AbsError: 7.10752e+02
      Equation: "PotentialEquation"	RelError: 3.69850e-13	AbsError: 5.44687e-16
top	0.3	5.94369902525e-11	2.91184579009e-11	8.85554481534e-11
bot	0.0	-5.9483063291e-11	-2.90715893355e-11	-8.85546526266e-11
Region "Bulk" on device "diode2d" has equations 0:1502
Device "diode2d" has equations 0:1502
number of equations 1503
Iteration: 0
  Device: "diode2d"	RelError: 1.94396e+01	AbsError: 2.56592e+17
    Region: "Bulk"	RelError: 1.94396e+01	AbsError: 2.56592e+17
      Equation: "ElectronContinuityEquation"	RelError: 7.92094e-01	AbsError: 1.27335e+17
      Equation: "HoleContinuityEquation"	RelError: 7.92719e-01	AbsError: 1.29257e+17
      Equation: "PotentialEquation"	RelError: 1.78548e+01	AbsError: 4.10625e-02
Iteration: 1
  Device: "diode2d"	RelError: 3.06583e+01	AbsError: 5.82226e+16
    Region: "Bulk"	RelError: 3.06583e+01	AbsError: 5.82226e+16
      Equation: "ElectronContinuityEquation"	RelError: 6.86077e-01	AbsError: 2.10507e+16
      Equation: "HoleContinuityEquation"	RelError: 7.75376e-01	AbsError: 3.71719e+16
      Equation: "PotentialEquation"	RelError: 2.91968e+01	AbsError: 3.07931e-02
Iteration: 2
  Device: "diode2d"	RelError: 3.42993e+02	AbsError: 4.81333e+15
    Region: "Bulk"	RelError: 3.42993e+02	AbsError: 4.81333e+15
      Equation: "ElectronContinuityEquation"	RelError: 5.03087e-01	AbsError: 2.36766e+15
      Equation: "HoleContinuityEquation"	RelError: 4.93235e-01	AbsError: 2.44568e+15
      Equation: "PotentialEquation"	RelError: 3.41996e+02	AbsError: 2.57507e-02
Iteration: 3
  Device: "diode2d"	RelError: 7.43013e-01	AbsError: 1.06431e+15
    Region: "Bulk"	RelError: 7.43013e-01	AbsError: 1.06431e+15
      Equation: "ElectronContinuityEquation"	RelError: 2.97875e-01	AbsError: 1.59030e+13
      Equation: "HoleContinuityEquation"	RelError: 1.07117e-01	AbsError: 1.04840e+15
      Equation: "PotentialEquation"	RelError: 3.38021e-01	AbsError: 9.20207e-03
Iteration: 4
  Device: "diode2d"	RelError: 6.41004e-01	AbsError: 9.25251e+14
    Region: "Bulk"	RelError: 6.41004e-01	AbsError: 9.25251e+14
      Equation: "ElectronContinuityEquation"	RelError: 8.15382e-02	AbsError: 7.77192e+13
      Equation: "HoleContinuityEquation"	RelError: 3.13703e-03	AbsError: 8.47531e+14
      Equation: "PotentialEquation"	RelError: 5.56329e-01	AbsError: 4.97028e-05
Iteration: 5
  Device: "diode2d"	RelError: 9.86016e-05	AbsError: 7.02881e+11
    Region: "Bulk"	RelError: 9.86016e-05	AbsError: 7.02881e+11
      Equation: "ElectronContinuityEquation"	RelError: 6.15462e-05	AbsError: 5.62961e+11
      Equation: "HoleContinuityEquation"	RelError: 4.22876e-06	AbsError: 1.39920e+11
      Equation: "PotentialEquation"	RelError: 3.28265e-05	AbsError: 1.51956e-08
Iteration: 6
  Device: "diode2d"	RelError: 7.96899e-09	AbsError: 1.08675e+09
    Region: "Bulk"	RelError: 7.96899e-09	AbsError: 1.08675e+09
      Equation: "ElectronContinuityEquation"	RelError: 5.97930e-10	AbsError: 4.18829e+08
      Equation: "HoleContinuityEquation"	RelError: 6.68637e-10	AbsError: 6.67925e+08
      Equation: "PotentialEquation"	RelError: 6.70242e-09	AbsError: 1.74643e-11
Iteration: 7
  Device: "diode2d"	RelError: 1.04123e-11	AbsError: 7.75896e+05
    Region: "Bulk"	RelError: 1.04123e-11	AbsError: 7.75896e+05
      Equation: "ElectronContinuityEquation"	RelError: 4.53937e-13	AbsError: 4.53639e+05
      Equation: "HoleContinuityEquation"	RelError: 4.04654e-13	AbsError: 3.22257e+05
      Equation: "PotentialEquation"	RelError: 9.55371e-12	AbsError: 1.17324e-14
top	0.4	2.68110868464e-09	1.31315679397e-09	3.99426547861e-09
bot	0.0	-2.6814931536e-09	-1.31277163078e-09	-3.99426478438e-09
Region "Bulk" on device "diode2d" has equations 0:1502
Device "diode2d" has equations 0:1502
number of equations 1503
Iteration: 0
  Device: "diode2d"	RelError: 2.25472e+01	AbsError: 2.81074e+17
    Region: "Bulk"	RelError: 2.25472e+01	AbsError: 2.81074e+17
      Equation: "ElectronContinuityEquation"	RelError: 7.92876e-01	AbsError: 1.40141e+17
      Equation: "HoleContinuityEquation"	RelError: 7.92087e-01	AbsError: 1.40933e+17
      Equation: "PotentialEquation"	RelError: 2.09623e+01	AbsError: 4.12186e-02
Iteration: 1
  Device: "diode2d"	RelError: 1.78517e+02	AbsError: 1.08982e+17
    Region: "Bulk"	RelError: 1.78517e+02	AbsError: 1.08982e+17
      Equation: "ElectronContinuityEquation"	RelError: 6.87494e-01	AbsError: 2.65144e+16
      Equation: "HoleContinuityEquation"	RelError: 7.73673e-01	AbsError: 8.24671e+16
      Equation: "PotentialEquation"	RelError: 1.77055e+02	AbsError: 3.08078e-02
Iteration: 2
  Device: "diode2d"	RelError: 2.37657e+00	AbsError: 6.98922e+15
    Region: "Bulk"	RelError: 2.37657e+00	AbsError: 6.98922e+15
      Equation: "ElectronContinuityEquation"	RelError: 5.03399e-01	AbsError: 3.68973e+15
      Equation: "HoleContinuityEquation"	RelError: 4.96507e-01	AbsError: 3.29949e+15
      Equation: "PotentialEquation"	RelError: 1.37666e+00	AbsError: 2.58153e-02
Iteration: 3
  Device: "diode2d"	RelError: 8.02627e-01	AbsError: 1.07327e+15
    Region: "Bulk"	RelError: 8.02627e-01	AbsError: 1.07327e+15
      Equation: "ElectronContinuityEquation"	RelError: 2.95856e-01	AbsError: 7.20536e+13
      Equation: "HoleContinuityEquation"	RelError: 1.08401e-01	AbsError: 1.00121e+15
      Equation: "PotentialEquation"	RelError: 3.98371e-01	AbsError: 9.21841e-03
Iteration: 4
  Device: "diode2d"	RelError: 8.45832e-02	AbsError: 8.33633e+14
    Region: "Bulk"	RelError: 8.45832e-02	AbsError: 8.33633e+14
      Equation: "ElectronContinuityEquation"	RelError: 8.04960e-02	AbsError: 7.97146e+13
      Equation: "HoleContinuityEquation"	RelError: 2.91444e-03	AbsError: 7.53919e+14
      Equation: "PotentialEquation"	RelError: 1.17273e-03	AbsError: 4.61102e-05
Iteration: 5
  Device: "diode2d"	RelError: 6.36549e-05	AbsError: 2.18061e+12
    Region: "Bulk"	RelError: 6.36549e-05	AbsError: 2.18061e+12
      Equation: "ElectronContinuityEquation"	RelError: 5.81958e-05	AbsError: 5.68619e+11
      Equation: "HoleContinuityEquation"	RelError: 3.67514e-06	AbsError: 1.61199e+12
      Equation: "PotentialEquation"	RelError: 1.78403e-06	AbsError: 4.27031e-08
Iteration: 6
  Device: "diode2d"	RelError: 4.53608e-09	AbsError: 2.61066e+09
    Region: "Bulk"	RelError: 4.53608e-09	AbsError: 2.61066e+09
      Equation: "ElectronContinuityEquation"	RelError: 1.47002e-09	AbsError: 1.16590e+09
      Equation: "HoleContinuityEquation"	RelError: 1.44576e-09	AbsError: 1.44477e+09
      Equation: "PotentialEquation"	RelError: 1.62030e-09	AbsError: 3.75231e-11
Iteration: 7
  Device: "diode2d"	RelError: 6.48486e-12	AbsError: 3.76828e+06
    Region: "Bulk"	RelError: 6.48486e-12	AbsError: 3.76828e+06
      Equation: "ElectronContinuityEquation"	RelError: 2.70213e-12	AbsError: 2.70144e+06
      Equation: "HoleContinuityEquation"	RelError: 2.56825e-12	AbsError: 1.06685e+06
      Equation: "PotentialEquation"	RelError: 1.21447e-12	AbsError: 6.98839e-14
top	0.5	1.20631681239e-07	5.91247797186e-08	1.79756460958e-07
bot	0.0	-1.20634933023e-07	-5.91215253469e-08	-1.7975645837e-07
