
----------------------------------------

 DEVSIM

 Version: Beta 0.01

 Copyright 2009-2014 Devsim LLC

----------------------------------------


mid
bot
 (region: MyRegion)
 (contact: top)
 (contact: bot)
Region "MyRegion" on device "MyDevice" has equations 0:256
Device "MyDevice" has equations 0:256
0	18446744073709551615	ground
GND	18446744073709551615	ground
V1.I	0	mna
top_bias	1	default
Circuit  has equations 257:258
creating solution dcop with 2 nodes
number of equations 259
creating solution dcop_prev with 2 nodes
Iteration: 0
  Device: "MyDevice"	RelError: 1.00000e+00	AbsError: 8.88979e-02
    Region: "MyRegion"	RelError: 1.00000e+00	AbsError: 8.88979e-02
      Equation: "PotentialEquation"	RelError: 1.00000e+00	AbsError: 8.88979e-02
  Circuit: 	RelError: 0.00000e+00	AbsError: 0.00000e+00
Iteration: 1
  Device: "MyDevice"	RelError: 4.91289e-01	AbsError: 8.58533e-02
    Region: "MyRegion"	RelError: 4.91289e-01	AbsError: 8.58533e-02
      Equation: "PotentialEquation"	RelError: 4.91289e-01	AbsError: 8.58533e-02
  Circuit: 	RelError: 0.00000e+00	AbsError: 0.00000e+00
Iteration: 2
  Device: "MyDevice"	RelError: 3.20767e-01	AbsError: 8.25260e-02
    Region: "MyRegion"	RelError: 3.20767e-01	AbsError: 8.25260e-02
      Equation: "PotentialEquation"	RelError: 3.20767e-01	AbsError: 8.25260e-02
  Circuit: 	RelError: 0.00000e+00	AbsError: 0.00000e+00
Iteration: 3
  Device: "MyDevice"	RelError: 2.34485e-01	AbsError: 7.88067e-02
    Region: "MyRegion"	RelError: 2.34485e-01	AbsError: 7.88067e-02
      Equation: "PotentialEquation"	RelError: 2.34485e-01	AbsError: 7.88067e-02
  Circuit: 	RelError: 0.00000e+00	AbsError: 0.00000e+00
Iteration: 4
  Device: "MyDevice"	RelError: 1.94033e-01	AbsError: 7.35639e-02
    Region: "MyRegion"	RelError: 1.94033e-01	AbsError: 7.35639e-02
      Equation: "PotentialEquation"	RelError: 1.94033e-01	AbsError: 7.35639e-02
  Circuit: 	RelError: 0.00000e+00	AbsError: 0.00000e+00
Iteration: 5
  Device: "MyDevice"	RelError: 2.20108e+00	AbsError: 5.56834e-02
    Region: "MyRegion"	RelError: 2.20108e+00	AbsError: 5.56834e-02
      Equation: "PotentialEquation"	RelError: 2.20108e+00	AbsError: 5.56834e-02
  Circuit: 	RelError: 0.00000e+00	AbsError: 0.00000e+00
Iteration: 6
  Device: "MyDevice"	RelError: 4.34688e-01	AbsError: 3.95692e-02
    Region: "MyRegion"	RelError: 4.34688e-01	AbsError: 3.95692e-02
      Equation: "PotentialEquation"	RelError: 4.34688e-01	AbsError: 3.95692e-02
  Circuit: 	RelError: 0.00000e+00	AbsError: 0.00000e+00
Iteration: 7
  Device: "MyDevice"	RelError: 6.45050e-02	AbsError: 2.91367e-02
    Region: "MyRegion"	RelError: 6.45050e-02	AbsError: 2.91367e-02
      Equation: "PotentialEquation"	RelError: 6.45050e-02	AbsError: 2.91367e-02
  Circuit: 	RelError: 0.00000e+00	AbsError: 0.00000e+00
Iteration: 8
  Device: "MyDevice"	RelError: 5.18778e-02	AbsError: 2.47384e-02
    Region: "MyRegion"	RelError: 5.18778e-02	AbsError: 2.47384e-02
      Equation: "PotentialEquation"	RelError: 5.18778e-02	AbsError: 2.47384e-02
  Circuit: 	RelError: 0.00000e+00	AbsError: 0.00000e+00
Iteration: 9
  Device: "MyDevice"	RelError: 8.93317e-04	AbsError: 4.25961e-04
    Region: "MyRegion"	RelError: 8.93317e-04	AbsError: 4.25961e-04
      Equation: "PotentialEquation"	RelError: 8.93317e-04	AbsError: 4.25961e-04
  Circuit: 	RelError: 0.00000e+00	AbsError: 0.00000e+00
Iteration: 10
  Device: "MyDevice"	RelError: 2.08087e-06	AbsError: 9.92174e-07
    Region: "MyRegion"	RelError: 2.08087e-06	AbsError: 9.92174e-07
      Equation: "PotentialEquation"	RelError: 2.08087e-06	AbsError: 9.92174e-07
  Circuit: 	RelError: 0.00000e+00	AbsError: 0.00000e+00
Iteration: 11
  Device: "MyDevice"	RelError: 1.63447e-11	AbsError: 7.79300e-12
    Region: "MyRegion"	RelError: 1.63447e-11	AbsError: 7.79300e-12
      Equation: "PotentialEquation"	RelError: 1.63447e-11	AbsError: 7.79300e-12
  Circuit: 	RelError: 0.00000e+00	AbsError: 0.00000e+00
Iteration: 12
  Device: "MyDevice"	RelError: 1.60536e-14	AbsError: 4.38227e-17
    Region: "MyRegion"	RelError: 1.60536e-14	AbsError: 4.38227e-17
      Equation: "PotentialEquation"	RelError: 1.60536e-14	AbsError: 4.38227e-17
  Circuit: 	RelError: 0.00000e+00	AbsError: 0.00000e+00
Circuit Solution:
V1.I	0
top_bias	0
Warning: Replacing equation with equation of the same name.
Region: MyRegion, Equation: PotentialEquation, Variable: Potential
Region "MyRegion" on device "MyDevice" has equations 0:770
Device "MyDevice" has equations 0:770
0	18446744073709551615	ground
GND	18446744073709551615	ground
V1.I	0	mna
top_bias	1	default
Circuit  has equations 771:772
number of equations 773
Iteration: 0
  Device: "MyDevice"	RelError: 3.14519e-14	AbsError: 1.03680e+04
    Region: "MyRegion"	RelError: 3.14519e-14	AbsError: 1.03680e+04
      Equation: "ElectronContinuityEquation"	RelError: 9.46249e-15	AbsError: 5.24800e+03
      Equation: "HoleContinuityEquation"	RelError: 9.47490e-15	AbsError: 5.12000e+03
      Equation: "PotentialEquation"	RelError: 1.25145e-14	AbsError: 1.14954e-16
  Circuit: 	RelError: 3.30872e-13	AbsError: 3.30872e-23
Circuit Solution:
V1.I	3.30872e-23
top_bias	0
bot	0	6.14280668542e-09	7.39016990586e-25	6.14280668542e-09
Region "MyRegion" on device "MyDevice" has equations 0:770
Device "MyDevice" has equations 0:770
0	18446744073709551615	ground
GND	18446744073709551615	ground
V1.I	0	mna
top_bias	1	default
Circuit  has equations 771:772
creating solution ssac_real with 2 nodes
creating solution ssac_imag with 2 nodes
Device: MyDevice	Region: MyRegion	Creating: Electrons_Real
Device: MyDevice	Region: MyRegion	Creating: Electrons_Imag
Device: MyDevice	Region: MyRegion	Creating: Holes_Real
Device: MyDevice	Region: MyRegion	Creating: Holes_Imag
Device: MyDevice	Region: MyRegion	Creating: Potential_Real
Device: MyDevice	Region: MyRegion	Creating: Potential_Imag
Setting V1.I = (4.17233e-07,1.2666e-06)
Setting top_bias = (1,0)
AC Iteration:
number of equations 773
Circuit AC Solution:
V1.I	(4.17233e-07,1.2666e-06)
top_bias	(1,0)
capacitance 0.0 2.01585614526e-07
Region "MyRegion" on device "MyDevice" has equations 0:770
Device "MyDevice" has equations 0:770
0	18446744073709551615	ground
GND	18446744073709551615	ground
V1.I	0	mna
top_bias	1	default
Circuit  has equations 771:772
number of equations 773
Iteration: 0
  Device: "MyDevice"	RelError: 1.55882e+01	AbsError: 2.08314e+17
    Region: "MyRegion"	RelError: 1.55882e+01	AbsError: 2.08314e+17
      Equation: "ElectronContinuityEquation"	RelError: 7.73734e-01	AbsError: 1.04105e+17
      Equation: "HoleContinuityEquation"	RelError: 7.73745e-01	AbsError: 1.04210e+17
      Equation: "PotentialEquation"	RelError: 1.40407e+01	AbsError: 4.09542e-02
  Circuit: 	RelError: 1.00000e+00	AbsError: 1.00000e-01
Iteration: 1
  Device: "MyDevice"	RelError: 1.44477e+01	AbsError: 2.88109e+16
    Region: "MyRegion"	RelError: 1.44477e+01	AbsError: 2.88109e+16
      Equation: "ElectronContinuityEquation"	RelError: 6.83256e-01	AbsError: 1.47864e+16
      Equation: "HoleContinuityEquation"	RelError: 7.67879e-01	AbsError: 1.40245e+16
      Equation: "PotentialEquation"	RelError: 1.29966e+01	AbsError: 3.15896e-02
  Circuit: 	RelError: 4.95566e+00	AbsError: 5.58794e-08
Iteration: 2
  Device: "MyDevice"	RelError: 2.60740e+00	AbsError: 6.61312e+15
    Region: "MyRegion"	RelError: 2.60740e+00	AbsError: 6.61312e+15
      Equation: "ElectronContinuityEquation"	RelError: 4.91097e-01	AbsError: 2.93660e+15
      Equation: "HoleContinuityEquation"	RelError: 4.86841e-01	AbsError: 3.67652e+15
      Equation: "PotentialEquation"	RelError: 1.62946e+00	AbsError: 2.58690e-02
  Circuit: 	RelError: 2.48333e-01	AbsError: 3.72529e-09
Iteration: 3
  Device: "MyDevice"	RelError: 3.82840e-01	AbsError: 2.38115e+14
    Region: "MyRegion"	RelError: 3.82840e-01	AbsError: 2.38115e+14
      Equation: "ElectronContinuityEquation"	RelError: 2.86306e-01	AbsError: 2.53115e+13
      Equation: "HoleContinuityEquation"	RelError: 7.33508e-02	AbsError: 2.12804e+14
      Equation: "PotentialEquation"	RelError: 2.31836e-02	AbsError: 8.73695e-03
  Circuit: 	RelError: 9.02092e+00	AbsError: 1.35042e-08
Iteration: 4
  Device: "MyDevice"	RelError: 7.36929e-02	AbsError: 1.44605e+14
    Region: "MyRegion"	RelError: 7.36929e-02	AbsError: 1.44605e+14
      Equation: "ElectronContinuityEquation"	RelError: 6.92493e-02	AbsError: 7.25767e+12
      Equation: "HoleContinuityEquation"	RelError: 3.09405e-04	AbsError: 1.37348e+14
      Equation: "PotentialEquation"	RelError: 4.13420e-03	AbsError: 5.72162e-06
  Circuit: 	RelError: 6.58301e-01	AbsError: 2.88401e-09
Iteration: 5
  Device: "MyDevice"	RelError: 6.93680e-06	AbsError: 7.52309e+09
    Region: "MyRegion"	RelError: 6.93680e-06	AbsError: 7.52309e+09
      Equation: "ElectronContinuityEquation"	RelError: 5.80052e-06	AbsError: 1.80191e+09
      Equation: "HoleContinuityEquation"	RelError: 1.18009e-07	AbsError: 5.72118e+09
      Equation: "PotentialEquation"	RelError: 1.01828e-06	AbsError: 1.64880e-09
  Circuit: 	RelError: 1.86297e-04	AbsError: 8.16014e-13
Iteration: 6
  Device: "MyDevice"	RelError: 9.08018e-09	AbsError: 2.40945e+07
    Region: "MyRegion"	RelError: 9.08018e-09	AbsError: 2.40945e+07
      Equation: "ElectronContinuityEquation"	RelError: 4.09451e-10	AbsError: 1.20512e+07
      Equation: "HoleContinuityEquation"	RelError: 1.80994e-09	AbsError: 1.20433e+07
      Equation: "PotentialEquation"	RelError: 6.86078e-09	AbsError: 1.09011e-11
  Circuit: 	RelError: 1.15841e-08	AbsError: 5.07407e-17
Iteration: 7
  Device: "MyDevice"	RelError: 1.01001e-10	AbsError: 3.20499e+05
    Region: "MyRegion"	RelError: 1.01001e-10	AbsError: 3.20499e+05
      Equation: "ElectronContinuityEquation"	RelError: 5.42842e-12	AbsError: 1.61150e+05
      Equation: "HoleContinuityEquation"	RelError: 4.72007e-12	AbsError: 1.59349e+05
      Equation: "PotentialEquation"	RelError: 9.08521e-11	AbsError: 1.44327e-13
  Circuit: 	RelError: 1.18657e-09	AbsError: 5.19739e-18
Iteration: 8
  Device: "MyDevice"	RelError: 1.54899e-12	AbsError: 4.89748e+03
    Region: "MyRegion"	RelError: 1.54899e-12	AbsError: 4.89748e+03
      Equation: "ElectronContinuityEquation"	RelError: 9.70174e-14	AbsError: 2.50743e+03
      Equation: "HoleContinuityEquation"	RelError: 1.63109e-13	AbsError: 2.39005e+03
      Equation: "PotentialEquation"	RelError: 1.28886e-12	AbsError: 2.09287e-15
  Circuit: 	RelError: 7.03414e-12	AbsError: 3.08108e-20
Circuit Solution:
V1.I	-4.28018e-09
top_bias	0.1
bot	0	-2.04366647259e-08	-1.38872658224e-09	-2.18253913081e-08
Region "MyRegion" on device "MyDevice" has equations 0:770
Device "MyDevice" has equations 0:770
0	18446744073709551615	ground
GND	18446744073709551615	ground
V1.I	0	mna
top_bias	1	default
Circuit  has equations 771:772
Setting V1.I = (-2.38419e-07,1.37743e-06)
Setting top_bias = (1,0)
AC Iteration:
number of equations 773
Circuit AC Solution:
V1.I	(-2.38419e-07,1.37743e-06)
top_bias	(1,0)
capacitance 0.1 2.19224355797e-07
Region "MyRegion" on device "MyDevice" has equations 0:770
Device "MyDevice" has equations 0:770
0	18446744073709551615	ground
GND	18446744073709551615	ground
V1.I	0	mna
top_bias	1	default
Circuit  has equations 771:772
number of equations 773
Iteration: 0
  Device: "MyDevice"	RelError: 6.47404e+01	AbsError: 2.19141e+17
    Region: "MyRegion"	RelError: 6.47404e+01	AbsError: 2.19141e+17
      Equation: "ElectronContinuityEquation"	RelError: 7.88360e-01	AbsError: 1.09575e+17
      Equation: "HoleContinuityEquation"	RelError: 7.88935e-01	AbsError: 1.09566e+17
      Equation: "PotentialEquation"	RelError: 6.31631e+01	AbsError: 4.07831e-02
  Circuit: 	RelError: 1.05375e+00	AbsError: 1.00000e-01
Iteration: 1
  Device: "MyDevice"	RelError: 6.39533e+01	AbsError: 2.86126e+16
    Region: "MyRegion"	RelError: 6.39533e+01	AbsError: 2.86126e+16
      Equation: "ElectronContinuityEquation"	RelError: 6.86718e-01	AbsError: 1.47144e+16
      Equation: "HoleContinuityEquation"	RelError: 7.74191e-01	AbsError: 1.38982e+16
      Equation: "PotentialEquation"	RelError: 6.24924e+01	AbsError: 3.08164e-02
  Circuit: 	RelError: 1.82715e+00	AbsError: 1.71363e-07
Iteration: 2
  Device: "MyDevice"	RelError: 1.33149e+01	AbsError: 2.29089e+15
    Region: "MyRegion"	RelError: 1.33149e+01	AbsError: 2.29089e+15
      Equation: "ElectronContinuityEquation"	RelError: 5.08008e-01	AbsError: 9.15760e+14
      Equation: "HoleContinuityEquation"	RelError: 4.96408e-01	AbsError: 1.37513e+15
      Equation: "PotentialEquation"	RelError: 1.23105e+01	AbsError: 2.56605e-02
  Circuit: 	RelError: 5.03199e-01	AbsError: 9.49949e-08
Iteration: 3
  Device: "MyDevice"	RelError: 3.95696e-01	AbsError: 1.92644e+14
    Region: "MyRegion"	RelError: 3.95696e-01	AbsError: 1.92644e+14
      Equation: "ElectronContinuityEquation"	RelError: 2.83684e-01	AbsError: 1.13539e+11
      Equation: "HoleContinuityEquation"	RelError: 7.86843e-02	AbsError: 1.92530e+14
      Equation: "PotentialEquation"	RelError: 3.33272e-02	AbsError: 9.22697e-03
  Circuit: 	RelError: 8.27977e-02	AbsError: 1.44355e-08
Iteration: 4
  Device: "MyDevice"	RelError: 8.36375e-02	AbsError: 1.57705e+14
    Region: "MyRegion"	RelError: 8.36375e-02	AbsError: 1.57705e+14
      Equation: "ElectronContinuityEquation"	RelError: 7.80316e-02	AbsError: 7.53288e+12
      Equation: "HoleContinuityEquation"	RelError: 3.99750e-04	AbsError: 1.50172e+14
      Equation: "PotentialEquation"	RelError: 5.20618e-03	AbsError: 5.36341e-06
  Circuit: 	RelError: 9.91689e-02	AbsError: 1.91931e-08
Iteration: 5
  Device: "MyDevice"	RelError: 9.17382e-06	AbsError: 7.68662e+09
    Region: "MyRegion"	RelError: 9.17382e-06	AbsError: 7.68662e+09
      Equation: "ElectronContinuityEquation"	RelError: 7.81863e-06	AbsError: 1.80271e+09
      Equation: "HoleContinuityEquation"	RelError: 1.20649e-07	AbsError: 5.88391e+09
      Equation: "PotentialEquation"	RelError: 1.23454e-06	AbsError: 1.52548e-09
  Circuit: 	RelError: 1.11767e-05	AbsError: 2.16310e-12
Iteration: 6
  Device: "MyDevice"	RelError: 3.28243e-10	AbsError: 8.63793e+05
    Region: "MyRegion"	RelError: 3.28243e-10	AbsError: 8.63793e+05
      Equation: "ElectronContinuityEquation"	RelError: 1.39573e-11	AbsError: 4.31890e+05
      Equation: "HoleContinuityEquation"	RelError: 1.58433e-11	AbsError: 4.31903e+05
      Equation: "PotentialEquation"	RelError: 2.98443e-10	AbsError: 3.65712e-13
  Circuit: 	RelError: 4.07638e-09	AbsError: 7.88933e-16
Iteration: 7
  Device: "MyDevice"	RelError: 1.67727e-13	AbsError: 5.34071e+02
    Region: "MyRegion"	RelError: 1.67727e-13	AbsError: 5.34071e+02
      Equation: "ElectronContinuityEquation"	RelError: 7.78168e-14	AbsError: 2.87817e+02
      Equation: "HoleContinuityEquation"	RelError: 1.64673e-14	AbsError: 2.46254e+02
      Equation: "PotentialEquation"	RelError: 7.34424e-14	AbsError: 9.73485e-17
  Circuit: 	RelError: 1.76209e-13	AbsError: 3.41030e-20
Circuit Solution:
V1.I	-1.93437e-07
top_bias	0.2
bot	0	-1.08095030803e-07	-6.41988690853e-08	-1.72293899888e-07
Region "MyRegion" on device "MyDevice" has equations 0:770
Device "MyDevice" has equations 0:770
0	18446744073709551615	ground
GND	18446744073709551615	ground
V1.I	0	mna
top_bias	1	default
Circuit  has equations 771:772
Setting V1.I = (-6.85453e-06,1.48465e-06)
Setting top_bias = (1,0)
AC Iteration:
number of equations 773
Circuit AC Solution:
V1.I	(-6.85453e-06,1.48465e-06)
top_bias	(1,0)
capacitance 0.2 2.36289884297e-07
Region "MyRegion" on device "MyDevice" has equations 0:770
Device "MyDevice" has equations 0:770
0	18446744073709551615	ground
GND	18446744073709551615	ground
V1.I	0	mna
top_bias	1	default
Circuit  has equations 771:772
number of equations 773
Iteration: 0
  Device: "MyDevice"	RelError: 1.76062e+01	AbsError: 2.36185e+17
    Region: "MyRegion"	RelError: 1.76062e+01	AbsError: 2.36185e+17
      Equation: "ElectronContinuityEquation"	RelError: 7.92000e-01	AbsError: 1.18072e+17
      Equation: "HoleContinuityEquation"	RelError: 7.91988e-01	AbsError: 1.18112e+17
      Equation: "PotentialEquation"	RelError: 1.60223e+01	AbsError: 4.09531e-02
  Circuit: 	RelError: 7.74073e-01	AbsError: 1.00001e-01
Iteration: 1
  Device: "MyDevice"	RelError: 5.79086e+01	AbsError: 3.20696e+16
    Region: "MyRegion"	RelError: 5.79086e+01	AbsError: 3.20696e+16
      Equation: "ElectronContinuityEquation"	RelError: 6.87339e-01	AbsError: 1.65583e+16
      Equation: "HoleContinuityEquation"	RelError: 7.76704e-01	AbsError: 1.55113e+16
      Equation: "PotentialEquation"	RelError: 5.64446e+01	AbsError: 3.07636e-02
  Circuit: 	RelError: 7.42481e-01	AbsError: 2.46987e-06
Iteration: 2
  Device: "MyDevice"	RelError: 8.51241e+00	AbsError: 3.22768e+15
    Region: "MyRegion"	RelError: 8.51241e+00	AbsError: 3.22768e+15
      Equation: "ElectronContinuityEquation"	RelError: 5.07290e-01	AbsError: 1.57408e+15
      Equation: "HoleContinuityEquation"	RelError: 4.97216e-01	AbsError: 1.65360e+15
      Equation: "PotentialEquation"	RelError: 7.50791e+00	AbsError: 2.56522e-02
  Circuit: 	RelError: 5.04315e-01	AbsError: 3.38443e-06
Iteration: 3
  Device: "MyDevice"	RelError: 4.11245e-01	AbsError: 1.78098e+14
    Region: "MyRegion"	RelError: 4.11245e-01	AbsError: 1.78098e+14
      Equation: "ElectronContinuityEquation"	RelError: 2.83475e-01	AbsError: 2.86727e+12
      Equation: "HoleContinuityEquation"	RelError: 7.59452e-02	AbsError: 1.75231e+14
      Equation: "PotentialEquation"	RelError: 5.18250e-02	AbsError: 9.16575e-03
  Circuit: 	RelError: 1.89749e-01	AbsError: 1.57161e-06
Iteration: 4
  Device: "MyDevice"	RelError: 7.99139e-02	AbsError: 1.40270e+14
    Region: "MyRegion"	RelError: 7.99139e-02	AbsError: 1.40270e+14
      Equation: "ElectronContinuityEquation"	RelError: 7.70639e-02	AbsError: 7.35750e+12
      Equation: "HoleContinuityEquation"	RelError: 3.43962e-04	AbsError: 1.32912e+14
      Equation: "PotentialEquation"	RelError: 2.50605e-03	AbsError: 4.83282e-06
  Circuit: 	RelError: 4.98856e-02	AbsError: 4.34874e-07
Iteration: 5
  Device: "MyDevice"	RelError: 7.06716e-06	AbsError: 1.13585e+11
    Region: "MyRegion"	RelError: 7.06716e-06	AbsError: 1.13585e+11
      Equation: "ElectronContinuityEquation"	RelError: 6.93729e-06	AbsError: 3.14841e+08
      Equation: "HoleContinuityEquation"	RelError: 1.13287e-07	AbsError: 1.13270e+11
      Equation: "PotentialEquation"	RelError: 1.65845e-08	AbsError: 2.93306e-09
  Circuit: 	RelError: 4.37291e-06	AbsError: 3.81203e-11
Iteration: 6
  Device: "MyDevice"	RelError: 1.31439e-11	AbsError: 7.02868e+06
    Region: "MyRegion"	RelError: 1.31439e-11	AbsError: 7.02868e+06
      Equation: "ElectronContinuityEquation"	RelError: 5.08482e-12	AbsError: 2.65343e+02
      Equation: "HoleContinuityEquation"	RelError: 7.02947e-12	AbsError: 7.02842e+06
      Equation: "PotentialEquation"	RelError: 1.02963e-12	AbsError: 1.82097e-13
  Circuit: 	RelError: 2.43600e-11	AbsError: 2.12355e-16
Circuit Solution:
V1.I	-8.71728e-06
top_bias	0.3
bot	0	-5.80555075445e-06	-2.90489765995e-06	-8.7104484144e-06
Region "MyRegion" on device "MyDevice" has equations 0:770
Device "MyDevice" has equations 0:770
0	18446744073709551615	ground
GND	18446744073709551615	ground
V1.I	0	mna
top_bias	1	default
Circuit  has equations 771:772
Setting V1.I = (-0.000332594,1.67193e-06)
Setting top_bias = (1,0)
AC Iteration:
number of equations 773
Circuit AC Solution:
V1.I	(-0.000332594,1.67193e-06)
top_bias	(1,0)
capacitance 0.3 2.66096581993e-07
Region "MyRegion" on device "MyDevice" has equations 0:770
Device "MyDevice" has equations 0:770
0	18446744073709551615	ground
GND	18446744073709551615	ground
V1.I	0	mna
top_bias	1	default
Circuit  has equations 771:772
number of equations 773
Iteration: 0
  Device: "MyDevice"	RelError: 4.11249e+01	AbsError: 2.55029e+17
    Region: "MyRegion"	RelError: 4.11249e+01	AbsError: 2.55029e+17
      Equation: "ElectronContinuityEquation"	RelError: 7.92174e-01	AbsError: 1.27553e+17
      Equation: "HoleContinuityEquation"	RelError: 7.92127e-01	AbsError: 1.27476e+17
      Equation: "PotentialEquation"	RelError: 3.95406e+01	AbsError: 4.09542e-02
  Circuit: 	RelError: 7.92199e-01	AbsError: 1.00033e-01
Iteration: 1
  Device: "MyDevice"	RelError: 2.18873e+01	AbsError: 3.81299e+16
    Region: "MyRegion"	RelError: 2.18873e+01	AbsError: 3.81299e+16
      Equation: "ElectronContinuityEquation"	RelError: 6.87329e-01	AbsError: 1.97538e+16
      Equation: "HoleContinuityEquation"	RelError: 7.76844e-01	AbsError: 1.83761e+16
      Equation: "PotentialEquation"	RelError: 2.04231e+01	AbsError: 3.07747e-02
  Circuit: 	RelError: 7.24014e-01	AbsError: 1.10053e-04
Iteration: 2
  Device: "MyDevice"	RelError: 1.27550e+01	AbsError: 4.70546e+15
    Region: "MyRegion"	RelError: 1.27550e+01	AbsError: 4.70546e+15
      Equation: "ElectronContinuityEquation"	RelError: 5.07258e-01	AbsError: 2.56704e+15
      Equation: "HoleContinuityEquation"	RelError: 4.98544e-01	AbsError: 2.13841e+15
      Equation: "PotentialEquation"	RelError: 1.17492e+01	AbsError: 2.58121e-02
  Circuit: 	RelError: 4.97540e-01	AbsError: 1.50515e-04
Iteration: 3
  Device: "MyDevice"	RelError: 4.80309e-01	AbsError: 1.82031e+14
    Region: "MyRegion"	RelError: 4.80309e-01	AbsError: 1.82031e+14
      Equation: "ElectronContinuityEquation"	RelError: 2.85808e-01	AbsError: 8.50536e+12
      Equation: "HoleContinuityEquation"	RelError: 7.50492e-02	AbsError: 1.73526e+14
      Equation: "PotentialEquation"	RelError: 1.19452e-01	AbsError: 9.18075e-03
  Circuit: 	RelError: 1.89364e-01	AbsError: 7.06678e-05
Iteration: 4
  Device: "MyDevice"	RelError: 8.00531e-02	AbsError: 1.22388e+14
    Region: "MyRegion"	RelError: 8.00531e-02	AbsError: 1.22388e+14
      Equation: "ElectronContinuityEquation"	RelError: 7.69252e-02	AbsError: 7.17852e+12
      Equation: "HoleContinuityEquation"	RelError: 2.92506e-04	AbsError: 1.15209e+14
      Equation: "PotentialEquation"	RelError: 2.83548e-03	AbsError: 4.29230e-06
  Circuit: 	RelError: 5.13046e-02	AbsError: 2.01816e-05
Iteration: 5
  Device: "MyDevice"	RelError: 5.93249e-06	AbsError: 8.03571e+09
    Region: "MyRegion"	RelError: 5.93249e-06	AbsError: 8.03571e+09
      Equation: "ElectronContinuityEquation"	RelError: 5.89855e-06	AbsError: 5.97446e+07
      Equation: "HoleContinuityEquation"	RelError: 3.12512e-08	AbsError: 7.97596e+09
      Equation: "PotentialEquation"	RelError: 2.68673e-09	AbsError: 2.06494e-10
  Circuit: 	RelError: 3.92262e-06	AbsError: 1.54303e-09
Iteration: 6
  Device: "MyDevice"	RelError: 3.84612e-13	AbsError: 6.75289e+04
    Region: "MyRegion"	RelError: 3.84612e-13	AbsError: 6.75289e+04
      Equation: "ElectronContinuityEquation"	RelError: 1.31200e-13	AbsError: 3.03530e+02
      Equation: "HoleContinuityEquation"	RelError: 2.30766e-13	AbsError: 6.72254e+04
      Equation: "PotentialEquation"	RelError: 2.26459e-14	AbsError: 1.74050e-15
  Circuit: 	RelError: 1.68340e-13	AbsError: 6.62190e-17
Circuit Solution:
V1.I	-0.000393366
top_bias	0.4
bot	0	-0.000262165911866	-0.000131169633098	-0.000393335544965
Region "MyRegion" on device "MyDevice" has equations 0:770
Device "MyDevice" has equations 0:770
0	18446744073709551615	ground
GND	18446744073709551615	ground
V1.I	0	mna
top_bias	1	default
Circuit  has equations 771:772
Setting V1.I = (-0.014982,1.75195e-06)
Setting top_bias = (1,0)
AC Iteration:
number of equations 773
Circuit AC Solution:
V1.I	(-0.014982,1.75195e-06)
top_bias	(1,0)
capacitance 0.4 2.78831679166e-07
Region "MyRegion" on device "MyDevice" has equations 0:770
Device "MyDevice" has equations 0:770
0	18446744073709551615	ground
GND	18446744073709551615	ground
V1.I	0	mna
top_bias	1	default
Circuit  has equations 771:772
number of equations 773
Iteration: 0
  Device: "MyDevice"	RelError: 4.28085e+01	AbsError: 2.79301e+17
    Region: "MyRegion"	RelError: 4.28085e+01	AbsError: 2.79301e+17
      Equation: "ElectronContinuityEquation"	RelError: 7.92057e-01	AbsError: 1.39697e+17
      Equation: "HoleContinuityEquation"	RelError: 7.92055e-01	AbsError: 1.39604e+17
      Equation: "PotentialEquation"	RelError: 4.12244e+01	AbsError: 4.09542e-02
  Circuit: 	RelError: 7.92050e-01	AbsError: 1.01498e-01
Iteration: 1
  Device: "MyDevice"	RelError: 2.36881e+02	AbsError: 4.70468e+16
    Region: "MyRegion"	RelError: 2.36881e+02	AbsError: 4.70468e+16
      Equation: "ElectronContinuityEquation"	RelError: 6.87127e-01	AbsError: 2.45830e+16
      Equation: "HoleContinuityEquation"	RelError: 7.76600e-01	AbsError: 2.24638e+16
      Equation: "PotentialEquation"	RelError: 2.35417e+02	AbsError: 3.07632e-02
  Circuit: 	RelError: 7.23979e-01	AbsError: 4.96160e-03
Iteration: 2
  Device: "MyDevice"	RelError: 2.37518e+00	AbsError: 7.17496e+15
    Region: "MyRegion"	RelError: 2.37518e+00	AbsError: 7.17496e+15
      Equation: "ElectronContinuityEquation"	RelError: 5.06852e-01	AbsError: 4.23105e+15
      Equation: "HoleContinuityEquation"	RelError: 5.00372e-01	AbsError: 2.94391e+15
      Equation: "PotentialEquation"	RelError: 1.36796e+00	AbsError: 2.58032e-02
  Circuit: 	RelError: 4.97481e-01	AbsError: 6.78454e-03
Iteration: 3
  Device: "MyDevice"	RelError: 7.55957e-01	AbsError: 2.46039e+14
    Region: "MyRegion"	RelError: 7.55957e-01	AbsError: 2.46039e+14
      Equation: "ElectronContinuityEquation"	RelError: 2.85014e-01	AbsError: 2.19164e+13
      Equation: "HoleContinuityEquation"	RelError: 7.48665e-02	AbsError: 2.24122e+14
      Equation: "PotentialEquation"	RelError: 3.96077e-01	AbsError: 9.16533e-03
  Circuit: 	RelError: 1.88934e-01	AbsError: 3.17687e-03
Iteration: 4
  Device: "MyDevice"	RelError: 7.65488e-02	AbsError: 1.03944e+14
    Region: "MyRegion"	RelError: 7.65488e-02	AbsError: 1.03944e+14
      Equation: "ElectronContinuityEquation"	RelError: 7.62081e-02	AbsError: 6.84799e+12
      Equation: "HoleContinuityEquation"	RelError: 2.53134e-04	AbsError: 9.70961e+13
      Equation: "PotentialEquation"	RelError: 8.76034e-05	AbsError: 3.63267e-06
  Circuit: 	RelError: 5.08772e-02	AbsError: 9.01339e-04
Iteration: 5
  Device: "MyDevice"	RelError: 4.91139e-06	AbsError: 2.15465e+09
    Region: "MyRegion"	RelError: 4.91139e-06	AbsError: 2.15465e+09
      Equation: "ElectronContinuityEquation"	RelError: 4.88843e-06	AbsError: 5.57091e+07
      Equation: "HoleContinuityEquation"	RelError: 2.20789e-08	AbsError: 2.09894e+09
      Equation: "PotentialEquation"	RelError: 8.81273e-10	AbsError: 2.63187e-11
  Circuit: 	RelError: 3.25120e-06	AbsError: 5.75980e-08
Iteration: 6
  Device: "MyDevice"	RelError: 9.35463e-14	AbsError: 1.33577e+03
    Region: "MyRegion"	RelError: 9.35463e-14	AbsError: 1.33577e+03
      Equation: "ElectronContinuityEquation"	RelError: 4.66322e-14	AbsError: 2.15976e+02
      Equation: "HoleContinuityEquation"	RelError: 4.57437e-14	AbsError: 1.11979e+03
      Equation: "PotentialEquation"	RelError: 1.17030e-15	AbsError: 3.65132e-17
  Circuit: 	RelError: 4.51842e-15	AbsError: 8.00480e-17
Circuit Solution:
V1.I	-0.0177159
top_bias	0.5
bot	0	-0.0118079690348	-0.00590798459506	-0.0177159536298
Region "MyRegion" on device "MyDevice" has equations 0:770
Device "MyDevice" has equations 0:770
0	18446744073709551615	ground
GND	18446744073709551615	ground
V1.I	0	mna
top_bias	1	default
Circuit  has equations 771:772
Setting V1.I = (-0.674249,1.96386e-06)
Setting top_bias = (1,0)
AC Iteration:
number of equations 773
Circuit AC Solution:
V1.I	(-0.674249,1.96386e-06)
top_bias	(1,0)
capacitance 0.5 3.12558047311e-07
V1.I	dcop	-0.0177159276828
V1.I	dcop_prev	-0.000393365723862
V1.I	ssac_imag	1.9638584717e-06
V1.I	ssac_real	-0.674249470234
top_bias	dcop	0.5
top_bias	dcop_prev	0.4
top_bias	ssac_imag	0.0
top_bias	ssac_real	1.0
