Physical group name air has 0 Tetrahedra.
Physical group name air has 7689 Triangles.
Physical group name air has 11633 Lines.
Physical group name air has 3943 Points.
Physical group name air_left_interface has 0 Tetrahedra.
Physical group name air_left_interface has 0 Triangles.
Physical group name air_left_interface has 62 Lines.
Physical group name air_left_interface has 62 Points.
Physical group name air_right_interface has 0 Tetrahedra.
Physical group name air_right_interface has 0 Triangles.
Physical group name air_right_interface has 62 Lines.
Physical group name air_right_interface has 62 Points.
Physical group name bottom has 0 Tetrahedra.
Physical group name bottom has 0 Triangles.
Physical group name bottom has 0 Lines.
Physical group name bottom has 1 Points.
Physical group name left has 0 Tetrahedra.
Physical group name left has 630 Triangles.
Physical group name left has 976 Lines.
Physical group name left has 347 Points.
Physical group name right has 0 Tetrahedra.
Physical group name right has 624 Triangles.
Physical group name right has 967 Lines.
Physical group name right has 344 Points.
Device twowire has 4510 coordinates with max index 4510
Region air has 3943 nodes.
Region left has 347 nodes.
Region right has 344 nodes.
Contact bottom in region air with 1 nodes
Adding interface air_left with 62, 62 nodes
Adding interface air_right with 62, 62 nodes
number of equations 4634
Iteration: 0
  Device: "twowire"	RelError: 3.00000e+00	AbsError: 9.59904e-03
    Region: "air"	RelError: 1.00000e+00	AbsError: 8.06505e-03
      Equation: "Az_Equation"	RelError: 1.00000e+00	AbsError: 8.06505e-03
    Region: "left"	RelError: 1.00000e+00	AbsError: 9.59904e-03
      Equation: "Az_Equation"	RelError: 1.00000e+00	AbsError: 9.59904e-03
    Region: "right"	RelError: 1.00000e+00	AbsError: 9.49731e-03
      Equation: "Az_Equation"	RelError: 1.00000e+00	AbsError: 9.49731e-03
Iteration: 1
  Device: "twowire"	RelError: 1.43952e-10	AbsError: 2.17972e-16
    Region: "air"	RelError: 1.43917e-10	AbsError: 2.10210e-16
      Equation: "Az_Equation"	RelError: 1.43917e-10	AbsError: 2.10210e-16
    Region: "left"	RelError: 8.28255e-15	AbsError: 4.79112e-17
      Equation: "Az_Equation"	RelError: 8.28255e-15	AbsError: 4.79112e-17
    Region: "right"	RelError: 2.67020e-14	AbsError: 2.17972e-16
      Equation: "Az_Equation"	RelError: 2.67020e-14	AbsError: 2.17972e-16
Iteration: 2
  Device: "twowire"	RelError: 1.21555e-11	AbsError: 9.83853e-18
    Region: "air"	RelError: 1.21522e-11	AbsError: 9.59006e-18
      Equation: "Az_Equation"	RelError: 1.21522e-11	AbsError: 9.59006e-18
    Region: "left"	RelError: 1.66237e-15	AbsError: 9.78431e-18
      Equation: "Az_Equation"	RelError: 1.66237e-15	AbsError: 9.78431e-18
    Region: "right"	RelError: 1.70152e-15	AbsError: 9.83853e-18
      Equation: "Az_Equation"	RelError: 1.70152e-15	AbsError: 9.83853e-18
ElementNodeVolume 2.002482e+02
NodeVolume 4.004963e+02
ElementNodeVolume 1.570720e-02
NodeVolume 3.141441e-02
ElementNodeVolume 1.569389e-02
NodeVolume 3.138777e-02
