Physical group name Base has 0 Tetrahedra.
Physical group name Base has 223 Triangles.
Physical group name Base has 354 Lines.
Physical group name Base has 132 Points.
Physical group name Bulk has 6701 Tetrahedra.
Physical group name Bulk has 14066 Triangles.
Physical group name Bulk has 8781 Lines.
Physical group name Bulk has 1417 Points.
Physical group name Emitter has 0 Tetrahedra.
Physical group name Emitter has 201 Triangles.
Physical group name Emitter has 320 Lines.
Physical group name Emitter has 120 Points.
Device diode3d has 1417 coordinates with max index 1417
Region Bulk has 1417 nodes.
Contact bot in region Bulk with 120 nodes
Contact top in region Bulk with 132 nodes
number of equations 1417
Iteration: 0
  Device: "diode3d"	RelError: 1.00000e+00	AbsError: 8.97349e-02
    Region: "Bulk"	RelError: 1.00000e+00	AbsError: 8.97349e-02
      Equation: "PotentialEquation"	RelError: 1.00000e+00	AbsError: 8.97349e-02
Iteration: 1
  Device: "diode3d"	RelError: 4.91582e-01	AbsError: 8.67635e-02
    Region: "Bulk"	RelError: 4.91582e-01	AbsError: 8.67635e-02
      Equation: "PotentialEquation"	RelError: 4.91582e-01	AbsError: 8.67635e-02
Iteration: 2
  Device: "diode3d"	RelError: 3.21212e-01	AbsError: 8.35216e-02
    Region: "Bulk"	RelError: 3.21212e-01	AbsError: 8.35216e-02
      Equation: "PotentialEquation"	RelError: 3.21212e-01	AbsError: 8.35216e-02
Iteration: 3
  Device: "diode3d"	RelError: 2.35032e-01	AbsError: 7.98898e-02
    Region: "Bulk"	RelError: 2.35032e-01	AbsError: 7.98898e-02
      Equation: "PotentialEquation"	RelError: 2.35032e-01	AbsError: 7.98898e-02
Iteration: 4
  Device: "diode3d"	RelError: 5.16590e-01	AbsError: 7.44408e-02
    Region: "Bulk"	RelError: 5.16590e-01	AbsError: 7.44408e-02
      Equation: "PotentialEquation"	RelError: 5.16590e-01	AbsError: 7.44408e-02
Iteration: 5
  Device: "diode3d"	RelError: 2.34632e+00	AbsError: 5.62017e-02
    Region: "Bulk"	RelError: 2.34632e+00	AbsError: 5.62017e-02
      Equation: "PotentialEquation"	RelError: 2.34632e+00	AbsError: 5.62017e-02
Iteration: 6
  Device: "diode3d"	RelError: 3.59746e+00	AbsError: 3.95692e-02
    Region: "Bulk"	RelError: 3.59746e+00	AbsError: 3.95692e-02
      Equation: "PotentialEquation"	RelError: 3.59746e+00	AbsError: 3.95692e-02
Iteration: 7
  Device: "diode3d"	RelError: 1.72191e-01	AbsError: 2.91367e-02
    Region: "Bulk"	RelError: 1.72191e-01	AbsError: 2.91367e-02
      Equation: "PotentialEquation"	RelError: 1.72191e-01	AbsError: 2.91367e-02
Iteration: 8
  Device: "diode3d"	RelError: 5.18778e-02	AbsError: 2.47384e-02
    Region: "Bulk"	RelError: 5.18778e-02	AbsError: 2.47384e-02
      Equation: "PotentialEquation"	RelError: 5.18778e-02	AbsError: 2.47384e-02
Iteration: 9
  Device: "diode3d"	RelError: 3.11204e-04	AbsError: 4.09701e-05
    Region: "Bulk"	RelError: 3.11204e-04	AbsError: 4.09701e-05
      Equation: "PotentialEquation"	RelError: 3.11204e-04	AbsError: 4.09701e-05
Iteration: 10
  Device: "diode3d"	RelError: 4.19686e-08	AbsError: 1.62468e-08
    Region: "Bulk"	RelError: 4.19686e-08	AbsError: 1.62468e-08
      Equation: "PotentialEquation"	RelError: 4.19686e-08	AbsError: 1.62468e-08
Iteration: 11
  Device: "diode3d"	RelError: 6.95638e-15	AbsError: 2.51281e-15
    Region: "Bulk"	RelError: 6.95638e-15	AbsError: 2.51281e-15
      Equation: "PotentialEquation"	RelError: 6.95638e-15	AbsError: 2.51281e-15
Warning: Replacing equation with equation of the same name.
Region: Bulk, Equation: PotentialEquation, Variable: Potential
number of equations 4251
Iteration: 0
  Device: "diode3d"	RelError: 6.33970e-09	AbsError: 1.02400e+04
    Region: "Bulk"	RelError: 6.33970e-09	AbsError: 1.02400e+04
      Equation: "ElectronContinuityEquation"	RelError: 2.91207e-09	AbsError: 5.12000e+03
      Equation: "HoleContinuityEquation"	RelError: 3.42762e-09	AbsError: 5.12000e+03
      Equation: "PotentialEquation"	RelError: 8.56444e-15	AbsError: 1.47965e-16
number of equations 4251
Iteration: 0
  Device: "diode3d"	RelError: 8.32856e+02	AbsError: 2.07679e+17
    Region: "Bulk"	RelError: 8.32856e+02	AbsError: 2.07679e+17
      Equation: "ElectronContinuityEquation"	RelError: 7.77238e-01	AbsError: 1.03574e+17
      Equation: "HoleContinuityEquation"	RelError: 7.77160e-01	AbsError: 1.04105e+17
      Equation: "PotentialEquation"	RelError: 8.31302e+02	AbsError: 4.09542e-02
Iteration: 1
  Device: "diode3d"	RelError: 4.62797e+02	AbsError: 2.51351e+16
    Region: "Bulk"	RelError: 4.62797e+02	AbsError: 2.51351e+16
      Equation: "ElectronContinuityEquation"	RelError: 6.75089e-01	AbsError: 1.37015e+16
      Equation: "HoleContinuityEquation"	RelError: 7.55066e-01	AbsError: 1.14336e+16
      Equation: "PotentialEquation"	RelError: 4.61367e+02	AbsError: 3.07632e-02
Iteration: 2
  Device: "diode3d"	RelError: 4.01106e+00	AbsError: 2.40109e+15
    Region: "Bulk"	RelError: 4.01106e+00	AbsError: 2.40109e+15
      Equation: "ElectronContinuityEquation"	RelError: 4.93694e-01	AbsError: 7.20254e+14
      Equation: "HoleContinuityEquation"	RelError: 4.80286e-01	AbsError: 1.68084e+15
      Equation: "PotentialEquation"	RelError: 3.03708e+00	AbsError: 2.57994e-02
Iteration: 3
  Device: "diode3d"	RelError: 2.52501e+01	AbsError: 1.29272e+15
    Region: "Bulk"	RelError: 2.52501e+01	AbsError: 1.29272e+15
      Equation: "ElectronContinuityEquation"	RelError: 3.03273e-01	AbsError: 5.73054e+13
      Equation: "HoleContinuityEquation"	RelError: 1.38224e-01	AbsError: 1.23542e+15
      Equation: "PotentialEquation"	RelError: 2.48086e+01	AbsError: 9.16533e-03
Iteration: 4
  Device: "diode3d"	RelError: 1.11139e+00	AbsError: 1.47624e+15
    Region: "Bulk"	RelError: 1.11139e+00	AbsError: 1.47624e+15
      Equation: "ElectronContinuityEquation"	RelError: 8.34355e-02	AbsError: 1.30910e+14
      Equation: "HoleContinuityEquation"	RelError: 1.11892e-02	AbsError: 1.34533e+15
      Equation: "PotentialEquation"	RelError: 1.01677e+00	AbsError: 1.29767e-04
Iteration: 5
  Device: "diode3d"	RelError: 3.89835e-04	AbsError: 7.92323e+11
    Region: "Bulk"	RelError: 3.89835e-04	AbsError: 7.92323e+11
      Equation: "ElectronContinuityEquation"	RelError: 1.24643e-04	AbsError: 3.71141e+10
      Equation: "HoleContinuityEquation"	RelError: 3.06958e-05	AbsError: 7.55209e+11
      Equation: "PotentialEquation"	RelError: 2.34496e-04	AbsError: 5.01365e-08
Iteration: 6
  Device: "diode3d"	RelError: 1.37431e-09	AbsError: 2.54739e+05
    Region: "Bulk"	RelError: 1.37431e-09	AbsError: 2.54739e+05
      Equation: "ElectronContinuityEquation"	RelError: 5.02312e-10	AbsError: 6.66805e+03
      Equation: "HoleContinuityEquation"	RelError: 8.38533e-10	AbsError: 2.48071e+05
      Equation: "PotentialEquation"	RelError: 3.34691e-11	AbsError: 1.45755e-14
top	0.1	3.282916619708729e-19	1.696213113777004e-19	4.979129733485733e-19
bot	0.0	-3.5064982108451493e-19	-1.6183877034099463e-19	-5.124885914255095e-19
number of equations 4251
Iteration: 0
  Device: "diode3d"	RelError: 4.26231e+01	AbsError: 2.16742e+17
    Region: "Bulk"	RelError: 4.26231e+01	AbsError: 2.16742e+17
      Equation: "ElectronContinuityEquation"	RelError: 7.90061e-01	AbsError: 1.08834e+17
      Equation: "HoleContinuityEquation"	RelError: 7.90318e-01	AbsError: 1.07907e+17
      Equation: "PotentialEquation"	RelError: 4.10427e+01	AbsError: 4.09542e-02
Iteration: 1
  Device: "diode3d"	RelError: 2.19684e+01	AbsError: 2.82777e+16
    Region: "Bulk"	RelError: 2.19684e+01	AbsError: 2.82777e+16
      Equation: "ElectronContinuityEquation"	RelError: 6.85626e-01	AbsError: 1.53608e+16
      Equation: "HoleContinuityEquation"	RelError: 7.68757e-01	AbsError: 1.29169e+16
      Equation: "PotentialEquation"	RelError: 2.05140e+01	AbsError: 3.07632e-02
Iteration: 2
  Device: "diode3d"	RelError: 6.51045e+00	AbsError: 2.99573e+15
    Region: "Bulk"	RelError: 6.51045e+00	AbsError: 2.99573e+15
      Equation: "ElectronContinuityEquation"	RelError: 5.01312e-01	AbsError: 1.04347e+15
      Equation: "HoleContinuityEquation"	RelError: 4.81769e-01	AbsError: 1.95226e+15
      Equation: "PotentialEquation"	RelError: 5.52737e+00	AbsError: 2.58614e-02
Iteration: 3
  Device: "diode3d"	RelError: 4.77878e-01	AbsError: 1.22407e+15
    Region: "Bulk"	RelError: 4.77878e-01	AbsError: 1.22407e+15
      Equation: "ElectronContinuityEquation"	RelError: 3.04219e-01	AbsError: 5.33340e+13
      Equation: "HoleContinuityEquation"	RelError: 1.40555e-01	AbsError: 1.17074e+15
      Equation: "PotentialEquation"	RelError: 3.31046e-02	AbsError: 9.16533e-03
Iteration: 4
  Device: "diode3d"	RelError: 1.42678e-01	AbsError: 1.40119e+15
    Region: "Bulk"	RelError: 1.42678e-01	AbsError: 1.40119e+15
      Equation: "ElectronContinuityEquation"	RelError: 8.48636e-02	AbsError: 1.44450e+14
      Equation: "HoleContinuityEquation"	RelError: 8.98426e-03	AbsError: 1.25674e+15
      Equation: "PotentialEquation"	RelError: 4.88305e-02	AbsError: 1.24427e-04
Iteration: 5
  Device: "diode3d"	RelError: 1.68666e-04	AbsError: 6.87974e+11
    Region: "Bulk"	RelError: 1.68666e-04	AbsError: 6.87974e+11
      Equation: "ElectronContinuityEquation"	RelError: 1.32248e-04	AbsError: 3.43587e+10
      Equation: "HoleContinuityEquation"	RelError: 2.53373e-05	AbsError: 6.53615e+11
      Equation: "PotentialEquation"	RelError: 1.10801e-05	AbsError: 4.27929e-08
Iteration: 6
  Device: "diode3d"	RelError: 5.16271e-10	AbsError: 2.31480e+05
    Region: "Bulk"	RelError: 5.16271e-10	AbsError: 2.31480e+05
      Equation: "ElectronContinuityEquation"	RelError: 1.96148e-10	AbsError: 5.38564e+03
      Equation: "HoleContinuityEquation"	RelError: 3.18882e-10	AbsError: 2.26095e+05
      Equation: "PotentialEquation"	RelError: 1.24146e-12	AbsError: 1.19812e-14
top	0.2	1.5135299280169977e-17	7.534636978144913e-18	2.266993625831489e-17
bot	0.0	-1.5196719099254988e-17	-7.469830686334369e-18	-2.2666549785589355e-17
number of equations 4251
Iteration: 0
  Device: "diode3d"	RelError: 2.27042e+01	AbsError: 2.35424e+17
    Region: "Bulk"	RelError: 2.27042e+01	AbsError: 2.35424e+17
      Equation: "ElectronContinuityEquation"	RelError: 7.91985e-01	AbsError: 1.18515e+17
      Equation: "HoleContinuityEquation"	RelError: 7.92159e-01	AbsError: 1.16909e+17
      Equation: "PotentialEquation"	RelError: 2.11201e+01	AbsError: 4.09542e-02
Iteration: 1
  Device: "diode3d"	RelError: 1.41938e+02	AbsError: 3.39569e+16
    Region: "Bulk"	RelError: 1.41938e+02	AbsError: 3.39569e+16
      Equation: "ElectronContinuityEquation"	RelError: 6.86120e-01	AbsError: 1.88465e+16
      Equation: "HoleContinuityEquation"	RelError: 7.70273e-01	AbsError: 1.51104e+16
      Equation: "PotentialEquation"	RelError: 1.40482e+02	AbsError: 3.07632e-02
Iteration: 2
  Device: "diode3d"	RelError: 1.69132e+01	AbsError: 4.65189e+15
    Region: "Bulk"	RelError: 1.69132e+01	AbsError: 4.65189e+15
      Equation: "ElectronContinuityEquation"	RelError: 5.02345e-01	AbsError: 1.88827e+15
      Equation: "HoleContinuityEquation"	RelError: 4.81976e-01	AbsError: 2.76362e+15
      Equation: "PotentialEquation"	RelError: 1.59289e+01	AbsError: 2.58499e-02
Iteration: 3
  Device: "diode3d"	RelError: 5.00817e-01	AbsError: 1.27498e+15
    Region: "Bulk"	RelError: 5.00817e-01	AbsError: 1.27498e+15
      Equation: "ElectronContinuityEquation"	RelError: 3.07427e-01	AbsError: 3.51186e+13
      Equation: "HoleContinuityEquation"	RelError: 1.41568e-01	AbsError: 1.23987e+15
      Equation: "PotentialEquation"	RelError: 5.18226e-02	AbsError: 9.16533e-03
Iteration: 4
  Device: "diode3d"	RelError: 1.90064e-01	AbsError: 1.33543e+15
    Region: "Bulk"	RelError: 1.90064e-01	AbsError: 1.33543e+15
      Equation: "ElectronContinuityEquation"	RelError: 8.46246e-02	AbsError: 1.48012e+14
      Equation: "HoleContinuityEquation"	RelError: 9.21830e-03	AbsError: 1.18742e+15
      Equation: "PotentialEquation"	RelError: 9.62207e-02	AbsError: 1.15478e-04
Iteration: 5
  Device: "diode3d"	RelError: 1.61913e-04	AbsError: 6.33572e+11
    Region: "Bulk"	RelError: 1.61913e-04	AbsError: 6.33572e+11
      Equation: "ElectronContinuityEquation"	RelError: 1.25004e-04	AbsError: 3.21987e+10
      Equation: "HoleContinuityEquation"	RelError: 2.10205e-05	AbsError: 6.01373e+11
      Equation: "PotentialEquation"	RelError: 1.58883e-05	AbsError: 3.67556e-08
Iteration: 6
  Device: "diode3d"	RelError: 2.15827e-10	AbsError: 1.82359e+05
    Region: "Bulk"	RelError: 2.15827e-10	AbsError: 1.82359e+05
      Equation: "ElectronContinuityEquation"	RelError: 8.71076e-11	AbsError: 2.85589e+03
      Equation: "HoleContinuityEquation"	RelError: 1.27022e-10	AbsError: 1.79503e+05
      Equation: "PotentialEquation"	RelError: 1.69723e-12	AbsError: 8.53212e-15
top	0.30000000000000004	6.830039352868481e-16	3.3797717171907167e-16	1.0209811070059197e-15
bot	0.0	-6.83510149407892e-16	-3.3747095465213863e-16	-1.0209811040600305e-15
number of equations 4251
Iteration: 0
  Device: "diode3d"	RelError: 3.07880e+01	AbsError: 2.55290e+17
    Region: "Bulk"	RelError: 3.07880e+01	AbsError: 2.55290e+17
      Equation: "ElectronContinuityEquation"	RelError: 7.92095e-01	AbsError: 1.28775e+17
      Equation: "HoleContinuityEquation"	RelError: 7.92250e-01	AbsError: 1.26515e+17
      Equation: "PotentialEquation"	RelError: 2.92036e+01	AbsError: 4.09542e-02
Iteration: 1
  Device: "diode3d"	RelError: 2.07454e+02	AbsError: 4.09257e+16
    Region: "Bulk"	RelError: 2.07454e+02	AbsError: 4.09257e+16
      Equation: "ElectronContinuityEquation"	RelError: 6.84590e-01	AbsError: 2.24619e+16
      Equation: "HoleContinuityEquation"	RelError: 7.70615e-01	AbsError: 1.84638e+16
      Equation: "PotentialEquation"	RelError: 2.05999e+02	AbsError: 3.07632e-02
Iteration: 2
  Device: "diode3d"	RelError: 2.03071e+01	AbsError: 6.19319e+15
    Region: "Bulk"	RelError: 2.03071e+01	AbsError: 6.19319e+15
      Equation: "ElectronContinuityEquation"	RelError: 5.02874e-01	AbsError: 2.63459e+15
      Equation: "HoleContinuityEquation"	RelError: 4.82539e-01	AbsError: 3.55861e+15
      Equation: "PotentialEquation"	RelError: 1.93217e+01	AbsError: 2.58888e-02
Iteration: 3
  Device: "diode3d"	RelError: 5.69307e-01	AbsError: 1.26279e+15
    Region: "Bulk"	RelError: 5.69307e-01	AbsError: 1.26279e+15
      Equation: "ElectronContinuityEquation"	RelError: 3.06473e-01	AbsError: 4.15472e+13
      Equation: "HoleContinuityEquation"	RelError: 1.42315e-01	AbsError: 1.22124e+15
      Equation: "PotentialEquation"	RelError: 1.20518e-01	AbsError: 9.16533e-03
Iteration: 4
  Device: "diode3d"	RelError: 1.79059e-01	AbsError: 1.28973e+15
    Region: "Bulk"	RelError: 1.79059e-01	AbsError: 1.28973e+15
      Equation: "ElectronContinuityEquation"	RelError: 8.42441e-02	AbsError: 1.44969e+14
      Equation: "HoleContinuityEquation"	RelError: 7.56390e-03	AbsError: 1.14476e+15
      Equation: "PotentialEquation"	RelError: 8.72507e-02	AbsError: 1.00801e-04
Iteration: 5
  Device: "diode3d"	RelError: 1.31836e-04	AbsError: 5.04879e+11
    Region: "Bulk"	RelError: 1.31836e-04	AbsError: 5.04879e+11
      Equation: "ElectronContinuityEquation"	RelError: 1.03163e-04	AbsError: 2.50591e+10
      Equation: "HoleContinuityEquation"	RelError: 1.75933e-05	AbsError: 4.79820e+11
      Equation: "PotentialEquation"	RelError: 1.10800e-05	AbsError: 2.60160e-08
Iteration: 6
  Device: "diode3d"	RelError: 3.42722e-11	AbsError: 9.24783e+04
    Region: "Bulk"	RelError: 3.42722e-11	AbsError: 9.24783e+04
      Equation: "ElectronContinuityEquation"	RelError: 2.23605e-11	AbsError: 1.72596e+03
      Equation: "HoleContinuityEquation"	RelError: 1.09878e-11	AbsError: 9.07524e+04
      Equation: "PotentialEquation"	RelError: 9.23874e-13	AbsError: 4.58008e-15
top	0.4	3.07499041974136e-14	1.521706170317209e-14	4.5966965900585694e-14
bot	0.0	-3.0753678853991744e-14	-1.5213283169361205e-14	-4.596696202335295e-14
number of equations 4251
Iteration: 0
  Device: "diode3d"	RelError: 8.00495e+01	AbsError: 2.79057e+17
    Region: "Bulk"	RelError: 8.00495e+01	AbsError: 2.79057e+17
      Equation: "ElectronContinuityEquation"	RelError: 7.91978e-01	AbsError: 1.40123e+17
      Equation: "HoleContinuityEquation"	RelError: 7.92158e-01	AbsError: 1.38934e+17
      Equation: "PotentialEquation"	RelError: 7.84653e+01	AbsError: 4.09542e-02
Iteration: 1
  Device: "diode3d"	RelError: 1.17314e+02	AbsError: 5.42238e+16
    Region: "Bulk"	RelError: 1.17314e+02	AbsError: 5.42238e+16
      Equation: "ElectronContinuityEquation"	RelError: 6.85966e-01	AbsError: 3.10611e+16
      Equation: "HoleContinuityEquation"	RelError: 7.70042e-01	AbsError: 2.31626e+16
      Equation: "PotentialEquation"	RelError: 1.15858e+02	AbsError: 3.07632e-02
Iteration: 2
  Device: "diode3d"	RelError: 2.35756e+00	AbsError: 8.23665e+15
    Region: "Bulk"	RelError: 2.35756e+00	AbsError: 8.23665e+15
      Equation: "ElectronContinuityEquation"	RelError: 5.03611e-01	AbsError: 3.87445e+15
      Equation: "HoleContinuityEquation"	RelError: 4.85987e-01	AbsError: 4.36220e+15
      Equation: "PotentialEquation"	RelError: 1.36796e+00	AbsError: 2.58764e-02
Iteration: 3
  Device: "diode3d"	RelError: 8.51755e-01	AbsError: 1.56925e+15
    Region: "Bulk"	RelError: 8.51755e-01	AbsError: 1.56925e+15
      Equation: "ElectronContinuityEquation"	RelError: 3.11527e-01	AbsError: 1.18678e+14
      Equation: "HoleContinuityEquation"	RelError: 1.44151e-01	AbsError: 1.45057e+15
      Equation: "PotentialEquation"	RelError: 3.96077e-01	AbsError: 9.16533e-03
Iteration: 4
  Device: "diode3d"	RelError: 9.38223e-02	AbsError: 1.26389e+15
    Region: "Bulk"	RelError: 9.38223e-02	AbsError: 1.26389e+15
      Equation: "ElectronContinuityEquation"	RelError: 8.26756e-02	AbsError: 1.58517e+14
      Equation: "HoleContinuityEquation"	RelError: 8.92604e-03	AbsError: 1.10537e+15
      Equation: "PotentialEquation"	RelError: 2.22072e-03	AbsError: 1.00996e-04
Iteration: 5
  Device: "diode3d"	RelError: 1.18474e-04	AbsError: 5.31221e+11
    Region: "Bulk"	RelError: 1.18474e-04	AbsError: 5.31221e+11
      Equation: "ElectronContinuityEquation"	RelError: 9.93889e-05	AbsError: 3.17151e+10
      Equation: "HoleContinuityEquation"	RelError: 1.85700e-05	AbsError: 4.99505e+11
      Equation: "PotentialEquation"	RelError: 5.14635e-07	AbsError: 2.94702e-08
Iteration: 6
  Device: "diode3d"	RelError: 1.89597e-11	AbsError: 1.31963e+05
    Region: "Bulk"	RelError: 1.89597e-11	AbsError: 1.31963e+05
      Equation: "ElectronContinuityEquation"	RelError: 1.45423e-11	AbsError: 2.69860e+03
      Equation: "HoleContinuityEquation"	RelError: 4.33117e-12	AbsError: 1.29264e+05
      Equation: "PotentialEquation"	RelError: 8.61663e-14	AbsError: 6.27059e-15
top	0.5	1.3802642240596282e-12	6.839864841826193e-13	2.0642507082422476e-12
bot	0.0	-1.380293491767422e-12	-6.839572201213462e-13	-2.0642507118887683e-12
