Adding 1417 nodes
Adding 8781 edges with 0 duplicates removed
Adding 14066 triangles  with 0 duplicate removed
Adding 6701 tetrahedra  with 0 duplicate removed
Contact bot in region Bulk with 120 nodes
Contact top in region Bulk with 132 nodes
Replacing Node Model Acceptors in region Bulk of material Silicon
Replacing Edge Model Bern01 in region Bulk of material Silicon
Replacing Edge Model Bern01:Potential@n0 in region Bulk of material Silicon
Replacing Edge Model Bern01:Potential@n1 in region Bulk of material Silicon
Replacing Node Model Donors in region Bulk of material Silicon
Replacing Edge Model ElectricField in region Bulk of material Silicon
Replacing Edge Model ElectricField:Potential@n0 in region Bulk of material Silicon
Replacing Edge Model ElectricField:Potential@n1 in region Bulk of material Silicon
Replacing Tetrahedron Edge Model ElectricField_x in region Bulk of material Silicon
Replacing Tetrahedron Edge Model ElectricField_y in region Bulk of material Silicon
Replacing Tetrahedron Edge Model ElectricField_z in region Bulk of material Silicon
Replacing Edge Model ElectronCurrent in region Bulk of material Silicon
Replacing Edge Model ElectronCurrent:Electrons@n0 in region Bulk of material Silicon
Replacing Edge Model ElectronCurrent:Electrons@n1 in region Bulk of material Silicon
Replacing Edge Model ElectronCurrent:Holes@n0 in region Bulk of material Silicon
Replacing Edge Model ElectronCurrent:Holes@n1 in region Bulk of material Silicon
Replacing Edge Model ElectronCurrent:Potential@n0 in region Bulk of material Silicon
Replacing Edge Model ElectronCurrent:Potential@n1 in region Bulk of material Silicon
Replacing Tetrahedron Edge Model ElectronCurrent_x in region Bulk of material Silicon
Replacing Tetrahedron Edge Model ElectronCurrent_y in region Bulk of material Silicon
Replacing Tetrahedron Edge Model ElectronCurrent_z in region Bulk of material Silicon
Replacing Node Model ElectronGeneration in region Bulk of material Silicon
Replacing Node Model ElectronGeneration:Electrons in region Bulk of material Silicon
Replacing Node Model ElectronGeneration:Holes in region Bulk of material Silicon
Replacing Edge Model Electrons@n0 in region Bulk of material Silicon
Replacing Edge Model Electrons@n1 in region Bulk of material Silicon
Replacing Edge Model HoleCurrent in region Bulk of material Silicon
Replacing Edge Model HoleCurrent:Electrons@n0 in region Bulk of material Silicon
Replacing Edge Model HoleCurrent:Electrons@n1 in region Bulk of material Silicon
Replacing Edge Model HoleCurrent:Holes@n0 in region Bulk of material Silicon
Replacing Edge Model HoleCurrent:Holes@n1 in region Bulk of material Silicon
Replacing Edge Model HoleCurrent:Potential@n0 in region Bulk of material Silicon
Replacing Edge Model HoleCurrent:Potential@n1 in region Bulk of material Silicon
Replacing Tetrahedron Edge Model HoleCurrent_x in region Bulk of material Silicon
Replacing Tetrahedron Edge Model HoleCurrent_y in region Bulk of material Silicon
Replacing Tetrahedron Edge Model HoleCurrent_z in region Bulk of material Silicon
Replacing Node Model HoleGeneration in region Bulk of material Silicon
Replacing Node Model HoleGeneration:Electrons in region Bulk of material Silicon
Replacing Node Model HoleGeneration:Holes in region Bulk of material Silicon
Replacing Edge Model Holes@n0 in region Bulk of material Silicon
Replacing Edge Model Holes@n1 in region Bulk of material Silicon
Replacing Node Model IntrinsicCharge in region Bulk of material Silicon
Replacing Node Model IntrinsicCharge:Potential in region Bulk of material Silicon
Replacing Node Model IntrinsicElectrons in region Bulk of material Silicon
Replacing Node Model IntrinsicElectrons:Potential in region Bulk of material Silicon
Replacing Node Model IntrinsicHoles in region Bulk of material Silicon
Replacing Node Model IntrinsicHoles:Potential in region Bulk of material Silicon
Replacing Node Model NCharge in region Bulk of material Silicon
Replacing Node Model NCharge:Electrons in region Bulk of material Silicon
Replacing Node Model NetDoping in region Bulk of material Silicon
Replacing Node Model PCharge in region Bulk of material Silicon
Replacing Node Model PCharge:Holes in region Bulk of material Silicon
Replacing Edge Model Potential@n0 in region Bulk of material Silicon
Replacing Edge Model Potential@n1 in region Bulk of material Silicon
Replacing Edge Model PotentialEdgeFlux in region Bulk of material Silicon
Replacing Edge Model PotentialEdgeFlux:Potential@n0 in region Bulk of material Silicon
Replacing Edge Model PotentialEdgeFlux:Potential@n1 in region Bulk of material Silicon
Replacing Node Model PotentialIntrinsicCharge in region Bulk of material Silicon
Replacing Node Model PotentialIntrinsicCharge:Potential in region Bulk of material Silicon
Replacing Node Model PotentialNodeCharge in region Bulk of material Silicon
Replacing Node Model PotentialNodeCharge:Electrons in region Bulk of material Silicon
Replacing Node Model PotentialNodeCharge:Holes in region Bulk of material Silicon
Replacing Node Model USRH in region Bulk of material Silicon
Replacing Node Model USRH:Electrons in region Bulk of material Silicon
Replacing Node Model USRH:Holes in region Bulk of material Silicon
Replacing Node Model botnodeelectrons in region Bulk of material Silicon
Replacing Node Model botnodeelectrons:Electrons in region Bulk of material Silicon
Replacing Node Model botnodeholes in region Bulk of material Silicon
Replacing Node Model botnodeholes:Holes in region Bulk of material Silicon
Replacing Node Model botnodemodel in region Bulk of material Silicon
Replacing Node Model botnodemodel:Potential in region Bulk of material Silicon
Replacing Edge Model contactcharge_edge in region Bulk of material Silicon
Replacing Edge Model contactcharge_edge:Potential@n0 in region Bulk of material Silicon
Replacing Edge Model contactcharge_edge:Potential@n1 in region Bulk of material Silicon
Replacing Node Model contactcharge_node in region Bulk of material Silicon
Replacing Node Model topnodeelectrons in region Bulk of material Silicon
Replacing Node Model topnodeelectrons:Electrons in region Bulk of material Silicon
Replacing Node Model topnodeholes in region Bulk of material Silicon
Replacing Node Model topnodeholes:Holes in region Bulk of material Silicon
Replacing Node Model topnodemodel in region Bulk of material Silicon
Replacing Node Model topnodemodel:Potential in region Bulk of material Silicon
Replacing Edge Model vdiff in region Bulk of material Silicon
Replacing Edge Model vdiff:Potential@n0 in region Bulk of material Silicon
Replacing Edge Model vdiff:Potential@n1 in region Bulk of material Silicon
Replacing Tetrahedron Edge Model ElectricField_x in region Bulk of material Silicon
Replacing Tetrahedron Edge Model ElectricField_y in region Bulk of material Silicon
Replacing Tetrahedron Edge Model ElectricField_z in region Bulk of material Silicon
0 ElectricField_x
1 ElectricField_y
2 ElectricField_z
3 ElectricField_x:Potential@en0
4 ElectricField_y:Potential@en0
5 ElectricField_z:Potential@en0
6 ElectricField_x:Potential@en1
7 ElectricField_y:Potential@en1
8 ElectricField_z:Potential@en1
9 ElectricField_x:Potential@en2
10 ElectricField_y:Potential@en2
11 ElectricField_z:Potential@en2
12 ElectricField_x:Potential@en3
13 ElectricField_y:Potential@en3
14 ElectricField_z:Potential@en3
0.0
[[ 25.55544512  27.95724793 -81.94344116]
 [ 25.55544512  27.95724793 -81.94344116]
 [ 25.55544512  27.95724793 -81.94344116]
 [ 25.55544512  27.95724793 -81.94344116]
 [ 25.55544512  27.95724793 -81.94344116]
 [ 25.55544512  27.95724793 -81.94344116]]
[[ 25.55544512  27.95724793 -81.94344116]
 [ 25.55544512  27.95724793 -81.94344116]
 [ 25.55544512  27.95724793 -81.94344116]
 [ 25.55544512  27.95724793 -81.94344116]
 [ 25.55544512  27.95724793 -81.94344116]
 [ 25.55544512  27.95724793 -81.94344116]]
[[0. 0. 0.]
 [0. 0. 0.]
 [0. 0. 0.]
 [0. 0. 0.]
 [0. 0. 0.]
 [0. 0. 0.]]
0 ElectricField_node0_x
1 ElectricField_node0_y
2 ElectricField_node0_z
3 ElectricField_node0_x:Potential@en0
4 ElectricField_node0_y:Potential@en0
5 ElectricField_node0_z:Potential@en0
6 ElectricField_node0_x:Potential@en1
7 ElectricField_node0_y:Potential@en1
8 ElectricField_node0_z:Potential@en1
9 ElectricField_node0_x:Potential@en2
10 ElectricField_node0_y:Potential@en2
11 ElectricField_node0_z:Potential@en2
12 ElectricField_node0_x:Potential@en3
13 ElectricField_node0_y:Potential@en3
14 ElectricField_node0_z:Potential@en3
0.0
[[ 25.55544512  27.95724793 -81.94344116]
 [ 25.55544512  27.95724793 -81.94344116]
 [ 25.55544512  27.95724793 -81.94344116]
 [ 25.55544512  27.95724793 -81.94344116]
 [ 25.55544512  27.95724793 -81.94344116]
 [ 25.55544512  27.95724793 -81.94344116]]
[[ 25.55544512  27.95724793 -81.94344116]
 [ 25.55544512  27.95724793 -81.94344116]
 [ 25.55544512  27.95724793 -81.94344116]
 [ 25.55544512  27.95724793 -81.94344116]
 [ 25.55544512  27.95724793 -81.94344116]
 [ 25.55544512  27.95724793 -81.94344116]]
[[0. 0. 0.]
 [0. 0. 0.]
 [0. 0. 0.]
 [0. 0. 0.]
 [0. 0. 0.]
 [0. 0. 0.]]
0 ElectricField_node1_x
1 ElectricField_node1_y
2 ElectricField_node1_z
3 ElectricField_node1_x:Potential@en0
4 ElectricField_node1_y:Potential@en0
5 ElectricField_node1_z:Potential@en0
6 ElectricField_node1_x:Potential@en1
7 ElectricField_node1_y:Potential@en1
8 ElectricField_node1_z:Potential@en1
9 ElectricField_node1_x:Potential@en2
10 ElectricField_node1_y:Potential@en2
11 ElectricField_node1_z:Potential@en2
12 ElectricField_node1_x:Potential@en3
13 ElectricField_node1_y:Potential@en3
14 ElectricField_node1_z:Potential@en3
0.0
[[ 25.55544512  27.95724793 -81.94344116]
 [ 25.55544512  27.95724793 -81.94344116]
 [ 25.55544512  27.95724793 -81.94344116]
 [ 25.55544512  27.95724793 -81.94344116]
 [ 25.55544512  27.95724793 -81.94344116]
 [ 25.55544512  27.95724793 -81.94344116]]
[[ 25.55544512  27.95724793 -81.94344116]
 [ 25.55544512  27.95724793 -81.94344116]
 [ 25.55544512  27.95724793 -81.94344116]
 [ 25.55544512  27.95724793 -81.94344116]
 [ 25.55544512  27.95724793 -81.94344116]
 [ 25.55544512  27.95724793 -81.94344116]]
[[0. 0. 0.]
 [0. 0. 0.]
 [0. 0. 0.]
 [0. 0. 0.]
 [0. 0. 0.]
 [0. 0. 0.]]
Replacing Tetrahedron Edge Model scalar_efield in region Bulk of material Silicon
Replacing Tetrahedron Edge Model scalar_efield_n0 in region Bulk of material Silicon
Replacing Tetrahedron Edge Model scalar_efield_n1 in region Bulk of material Silicon
Replacing Tetrahedron Edge Model node_index@en0 in region Bulk of material Silicon
Replacing Tetrahedron Edge Model node_index@en1 in region Bulk of material Silicon
Replacing Tetrahedron Edge Model node_index@en2 in region Bulk of material Silicon
Replacing Tetrahedron Edge Model node_index@en3 in region Bulk of material Silicon
Replacing Tetrahedron Edge Model sx in region Bulk of material Silicon
Replacing Tetrahedron Edge Model sy in region Bulk of material Silicon
Replacing Tetrahedron Edge Model sz in region Bulk of material Silicon
Replacing Tetrahedron Edge Model ElectronCurrent_x in region Bulk of material Silicon
Replacing Tetrahedron Edge Model ElectronCurrent_y in region Bulk of material Silicon
Replacing Tetrahedron Edge Model ElectronCurrent_z in region Bulk of material Silicon
0 ElectronCurrent_x
1 ElectronCurrent_y
2 ElectronCurrent_z
3 ElectronCurrent_x:Potential@en0
4 ElectronCurrent_y:Potential@en0
5 ElectronCurrent_z:Potential@en0
6 ElectronCurrent_x:Potential@en1
7 ElectronCurrent_y:Potential@en1
8 ElectronCurrent_z:Potential@en1
9 ElectronCurrent_x:Potential@en2
10 ElectronCurrent_y:Potential@en2
11 ElectronCurrent_z:Potential@en2
12 ElectronCurrent_x:Potential@en3
13 ElectronCurrent_y:Potential@en3
14 ElectronCurrent_z:Potential@en3
0.0
[[ 5.82060697e-05 -1.13368584e-04  1.22693321e-02]
 [ 5.72356456e-05 -1.14354479e-04  1.22671159e-02]
 [ 5.72656544e-05 -1.14324562e-04  1.22672245e-02]
 [ 6.03081449e-05 -1.11133211e-04  1.22671159e-02]
 [ 6.03381538e-05 -1.11103294e-04  1.22672245e-02]
 [ 5.93677297e-05 -1.12089189e-04  1.22650083e-02]]
[[ 5.82060697e-05 -1.13368584e-04  1.22693321e-02]
 [ 5.72356456e-05 -1.14354479e-04  1.22671159e-02]
 [ 5.72656544e-05 -1.14324562e-04  1.22672245e-02]
 [ 6.03081449e-05 -1.11133211e-04  1.22671159e-02]
 [ 6.03381538e-05 -1.11103294e-04  1.22672245e-02]
 [ 5.93677297e-05 -1.12089189e-04  1.22650083e-02]]
[[0. 0. 0.]
 [0. 0. 0.]
 [0. 0. 0.]
 [0. 0. 0.]
 [0. 0. 0.]
 [0. 0. 0.]]
0 ElectronCurrent_node0_x
1 ElectronCurrent_node0_y
2 ElectronCurrent_node0_z
3 ElectronCurrent_node0_x:Potential@en0
4 ElectronCurrent_node0_y:Potential@en0
5 ElectronCurrent_node0_z:Potential@en0
6 ElectronCurrent_node0_x:Potential@en1
7 ElectronCurrent_node0_y:Potential@en1
8 ElectronCurrent_node0_z:Potential@en1
9 ElectronCurrent_node0_x:Potential@en2
10 ElectronCurrent_node0_y:Potential@en2
11 ElectronCurrent_node0_z:Potential@en2
12 ElectronCurrent_node0_x:Potential@en3
13 ElectronCurrent_node0_y:Potential@en3
14 ElectronCurrent_node0_z:Potential@en3
0.0
[[ 5.51335703e-05 -1.16589852e-04  1.22693321e-02]
 [ 5.51335703e-05 -1.16589852e-04  1.22693321e-02]
 [ 5.51335703e-05 -1.16589852e-04  1.22693321e-02]
 [ 6.12785690e-05 -1.10147316e-04  1.22693321e-02]
 [ 6.12785690e-05 -1.10147316e-04  1.22693321e-02]
 [ 5.93377208e-05 -1.12119106e-04  1.22648997e-02]]
[[ 5.51335703e-05 -1.16589852e-04  1.22693321e-02]
 [ 5.51335703e-05 -1.16589852e-04  1.22693321e-02]
 [ 5.51335703e-05 -1.16589852e-04  1.22693321e-02]
 [ 6.12785690e-05 -1.10147316e-04  1.22693321e-02]
 [ 6.12785690e-05 -1.10147316e-04  1.22693321e-02]
 [ 5.93377208e-05 -1.12119106e-04  1.22648997e-02]]
[[0. 0. 0.]
 [0. 0. 0.]
 [0. 0. 0.]
 [0. 0. 0.]
 [0. 0. 0.]
 [0. 0. 0.]]
0 ElectronCurrent_node1_x
1 ElectronCurrent_node1_y
2 ElectronCurrent_node1_z
3 ElectronCurrent_node1_x:Potential@en0
4 ElectronCurrent_node1_y:Potential@en0
5 ElectronCurrent_node1_z:Potential@en0
6 ElectronCurrent_node1_x:Potential@en1
7 ElectronCurrent_node1_y:Potential@en1
8 ElectronCurrent_node1_z:Potential@en1
9 ElectronCurrent_node1_x:Potential@en2
10 ElectronCurrent_node1_y:Potential@en2
11 ElectronCurrent_node1_z:Potential@en2
12 ElectronCurrent_node1_x:Potential@en3
13 ElectronCurrent_node1_y:Potential@en3
14 ElectronCurrent_node1_z:Potential@en3
0.0
[[ 6.12785690e-05 -1.10147316e-04  1.22693321e-02]
 [ 5.93377208e-05 -1.12119106e-04  1.22648997e-02]
 [ 5.93977386e-05 -1.12059272e-04  1.22651170e-02]
 [ 5.93377208e-05 -1.12119106e-04  1.22648997e-02]
 [ 5.93977386e-05 -1.12059272e-04  1.22651170e-02]
 [ 5.93977386e-05 -1.12059272e-04  1.22651170e-02]]
[[ 6.12785690e-05 -1.10147316e-04  1.22693321e-02]
 [ 5.93377208e-05 -1.12119106e-04  1.22648997e-02]
 [ 5.93977386e-05 -1.12059272e-04  1.22651170e-02]
 [ 5.93377208e-05 -1.12119106e-04  1.22648997e-02]
 [ 5.93977386e-05 -1.12059272e-04  1.22651170e-02]
 [ 5.93977386e-05 -1.12059272e-04  1.22651170e-02]]
[[0. 0. 0.]
 [0. 0. 0.]
 [0. 0. 0.]
 [0. 0. 0.]
 [0. 0. 0.]
 [0. 0. 0.]]
