Adding 501 nodes
Adding 1422 edges with 0 duplicates removed
Adding 922 triangles  with 0 duplicate removed
Contact bot in region Bulk with 21 nodes
Contact top in region Bulk with 20 nodes
Replacing Node Model Acceptors in region Bulk of material Silicon
Replacing Edge Model Bern01 in region Bulk of material Silicon
Replacing Edge Model Bern01:Potential@n0 in region Bulk of material Silicon
Replacing Edge Model Bern01:Potential@n1 in region Bulk of material Silicon
Replacing Node Model Donors in region Bulk of material Silicon
Replacing Edge Model ElectricField in region Bulk of material Silicon
Replacing Edge Model ElectricField:Potential@n0 in region Bulk of material Silicon
Replacing Edge Model ElectricField:Potential@n1 in region Bulk of material Silicon
Replacing Edge Model ElectronCurrent in region Bulk of material Silicon
Replacing Edge Model ElectronCurrent:Electrons@n0 in region Bulk of material Silicon
Replacing Edge Model ElectronCurrent:Electrons@n1 in region Bulk of material Silicon
Replacing Edge Model ElectronCurrent:Holes@n0 in region Bulk of material Silicon
Replacing Edge Model ElectronCurrent:Holes@n1 in region Bulk of material Silicon
Replacing Edge Model ElectronCurrent:Potential@n0 in region Bulk of material Silicon
Replacing Edge Model ElectronCurrent:Potential@n1 in region Bulk of material Silicon
Replacing Node Model ElectronGeneration in region Bulk of material Silicon
Replacing Node Model ElectronGeneration:Electrons in region Bulk of material Silicon
Replacing Node Model ElectronGeneration:Holes in region Bulk of material Silicon
Replacing Edge Model Electrons@n0 in region Bulk of material Silicon
Replacing Edge Model Electrons@n1 in region Bulk of material Silicon
Replacing Edge Model HoleCurrent in region Bulk of material Silicon
Replacing Edge Model HoleCurrent:Electrons@n0 in region Bulk of material Silicon
Replacing Edge Model HoleCurrent:Electrons@n1 in region Bulk of material Silicon
Replacing Edge Model HoleCurrent:Holes@n0 in region Bulk of material Silicon
Replacing Edge Model HoleCurrent:Holes@n1 in region Bulk of material Silicon
Replacing Edge Model HoleCurrent:Potential@n0 in region Bulk of material Silicon
Replacing Edge Model HoleCurrent:Potential@n1 in region Bulk of material Silicon
Replacing Node Model HoleGeneration in region Bulk of material Silicon
Replacing Node Model HoleGeneration:Electrons in region Bulk of material Silicon
Replacing Node Model HoleGeneration:Holes in region Bulk of material Silicon
Replacing Edge Model Holes@n0 in region Bulk of material Silicon
Replacing Edge Model Holes@n1 in region Bulk of material Silicon
Replacing Node Model IntrinsicCharge in region Bulk of material Silicon
Replacing Node Model IntrinsicCharge:Potential in region Bulk of material Silicon
Replacing Node Model IntrinsicElectrons in region Bulk of material Silicon
Replacing Node Model IntrinsicElectrons:Potential in region Bulk of material Silicon
Replacing Node Model IntrinsicHoles in region Bulk of material Silicon
Replacing Node Model IntrinsicHoles:Potential in region Bulk of material Silicon
Replacing Node Model NCharge in region Bulk of material Silicon
Replacing Node Model NCharge:Electrons in region Bulk of material Silicon
Replacing Node Model NetDoping in region Bulk of material Silicon
Replacing Node Model PCharge in region Bulk of material Silicon
Replacing Node Model PCharge:Holes in region Bulk of material Silicon
Replacing Edge Model Potential@n0 in region Bulk of material Silicon
Replacing Edge Model Potential@n1 in region Bulk of material Silicon
Replacing Edge Model PotentialEdgeFlux in region Bulk of material Silicon
Replacing Edge Model PotentialEdgeFlux:Potential@n0 in region Bulk of material Silicon
Replacing Edge Model PotentialEdgeFlux:Potential@n1 in region Bulk of material Silicon
Replacing Node Model PotentialIntrinsicCharge in region Bulk of material Silicon
Replacing Node Model PotentialIntrinsicCharge:Potential in region Bulk of material Silicon
Replacing Node Model PotentialNodeCharge in region Bulk of material Silicon
Replacing Node Model PotentialNodeCharge:Electrons in region Bulk of material Silicon
Replacing Node Model PotentialNodeCharge:Holes in region Bulk of material Silicon
Replacing Node Model USRH in region Bulk of material Silicon
Replacing Node Model USRH:Electrons in region Bulk of material Silicon
Replacing Node Model USRH:Holes in region Bulk of material Silicon
Replacing Node Model botnodeelectrons in region Bulk of material Silicon
Replacing Node Model botnodeelectrons:Electrons in region Bulk of material Silicon
Replacing Node Model botnodeholes in region Bulk of material Silicon
Replacing Node Model botnodeholes:Holes in region Bulk of material Silicon
Replacing Node Model botnodemodel in region Bulk of material Silicon
Replacing Node Model botnodemodel:Potential in region Bulk of material Silicon
Replacing Edge Model contactcharge_edge in region Bulk of material Silicon
Replacing Edge Model contactcharge_edge:Potential@n0 in region Bulk of material Silicon
Replacing Edge Model contactcharge_edge:Potential@n1 in region Bulk of material Silicon
Replacing Node Model contactcharge_node in region Bulk of material Silicon
Replacing Node Model topnodeelectrons in region Bulk of material Silicon
Replacing Node Model topnodeelectrons:Electrons in region Bulk of material Silicon
Replacing Node Model topnodeholes in region Bulk of material Silicon
Replacing Node Model topnodeholes:Holes in region Bulk of material Silicon
Replacing Node Model topnodemodel in region Bulk of material Silicon
Replacing Node Model topnodemodel:Potential in region Bulk of material Silicon
Replacing Edge Model vdiff in region Bulk of material Silicon
Replacing Edge Model vdiff:Potential@n0 in region Bulk of material Silicon
Replacing Edge Model vdiff:Potential@n1 in region Bulk of material Silicon
0 ElectricField_x
1 ElectricField_y
2 ElectricField_x:Potential@en0
3 ElectricField_y:Potential@en0
4 ElectricField_x:Potential@en1
5 ElectricField_y:Potential@en1
6 ElectricField_x:Potential@en2
7 ElectricField_y:Potential@en2
0.0
[[ 2.78228812e-15 -2.65415139e+01]
 [ 3.11046122e-15 -2.65415139e+01]
 [ 0.00000000e+00 -2.65415139e+01]]
[[ 2.78228812e-15 -2.65415139e+01]
 [ 3.11046122e-15 -2.65415139e+01]
 [ 0.00000000e+00 -2.65415139e+01]]
[[0. 0.]
 [0. 0.]
 [0. 0.]]
