
----------------------------------------

 DEVSIM

 Version: Beta 0.01

 Copyright 2009-2016 Devsim LLC

----------------------------------------


mid
bot
 (region: MyRegion)
 (contact: top)
 (contact: bot)
Region "MyRegion" on device "MyDevice" has equations 0:256
Device "MyDevice" has equations 0:256
0	18446744073709551615	ground
GND	18446744073709551615	ground
V1.I	0	mna
top_bias	1	default
Circuit  has equations 257:258
creating solution dcop with 2 nodes
number of equations 259
creating solution dcop_prev with 2 nodes
Iteration: 0
  Device: "MyDevice"	RelError: 1.00000e+00	AbsError: 8.88979e-02
    Region: "MyRegion"	RelError: 1.00000e+00	AbsError: 8.88979e-02
      Equation: "PotentialEquation"	RelError: 1.00000e+00	AbsError: 8.88979e-02
  Circuit: 	RelError: 0.00000e+00	AbsError: 0.00000e+00
Iteration: 1
  Device: "MyDevice"	RelError: 4.91289e-01	AbsError: 8.58533e-02
    Region: "MyRegion"	RelError: 4.91289e-01	AbsError: 8.58533e-02
      Equation: "PotentialEquation"	RelError: 4.91289e-01	AbsError: 8.58533e-02
  Circuit: 	RelError: 0.00000e+00	AbsError: 0.00000e+00
Iteration: 2
  Device: "MyDevice"	RelError: 3.20767e-01	AbsError: 8.25260e-02
    Region: "MyRegion"	RelError: 3.20767e-01	AbsError: 8.25260e-02
      Equation: "PotentialEquation"	RelError: 3.20767e-01	AbsError: 8.25260e-02
  Circuit: 	RelError: 0.00000e+00	AbsError: 0.00000e+00
Iteration: 3
  Device: "MyDevice"	RelError: 2.34485e-01	AbsError: 7.88067e-02
    Region: "MyRegion"	RelError: 2.34485e-01	AbsError: 7.88067e-02
      Equation: "PotentialEquation"	RelError: 2.34485e-01	AbsError: 7.88067e-02
  Circuit: 	RelError: 0.00000e+00	AbsError: 0.00000e+00
Iteration: 4
  Device: "MyDevice"	RelError: 1.94033e-01	AbsError: 7.35639e-02
    Region: "MyRegion"	RelError: 1.94033e-01	AbsError: 7.35639e-02
      Equation: "PotentialEquation"	RelError: 1.94033e-01	AbsError: 7.35639e-02
  Circuit: 	RelError: 0.00000e+00	AbsError: 0.00000e+00
Iteration: 5
  Device: "MyDevice"	RelError: 2.20108e+00	AbsError: 5.56834e-02
    Region: "MyRegion"	RelError: 2.20108e+00	AbsError: 5.56834e-02
      Equation: "PotentialEquation"	RelError: 2.20108e+00	AbsError: 5.56834e-02
  Circuit: 	RelError: 0.00000e+00	AbsError: 0.00000e+00
Iteration: 6
  Device: "MyDevice"	RelError: 4.34688e-01	AbsError: 3.95692e-02
    Region: "MyRegion"	RelError: 4.34688e-01	AbsError: 3.95692e-02
      Equation: "PotentialEquation"	RelError: 4.34688e-01	AbsError: 3.95692e-02
  Circuit: 	RelError: 0.00000e+00	AbsError: 0.00000e+00
Iteration: 7
  Device: "MyDevice"	RelError: 6.45050e-02	AbsError: 2.91367e-02
    Region: "MyRegion"	RelError: 6.45050e-02	AbsError: 2.91367e-02
      Equation: "PotentialEquation"	RelError: 6.45050e-02	AbsError: 2.91367e-02
  Circuit: 	RelError: 0.00000e+00	AbsError: 0.00000e+00
Iteration: 8
  Device: "MyDevice"	RelError: 5.18778e-02	AbsError: 2.47384e-02
    Region: "MyRegion"	RelError: 5.18778e-02	AbsError: 2.47384e-02
      Equation: "PotentialEquation"	RelError: 5.18778e-02	AbsError: 2.47384e-02
  Circuit: 	RelError: 0.00000e+00	AbsError: 0.00000e+00
Iteration: 9
  Device: "MyDevice"	RelError: 8.93317e-04	AbsError: 4.25961e-04
    Region: "MyRegion"	RelError: 8.93317e-04	AbsError: 4.25961e-04
      Equation: "PotentialEquation"	RelError: 8.93317e-04	AbsError: 4.25961e-04
  Circuit: 	RelError: 0.00000e+00	AbsError: 0.00000e+00
Iteration: 10
  Device: "MyDevice"	RelError: 2.08087e-06	AbsError: 9.92174e-07
    Region: "MyRegion"	RelError: 2.08087e-06	AbsError: 9.92174e-07
      Equation: "PotentialEquation"	RelError: 2.08087e-06	AbsError: 9.92174e-07
  Circuit: 	RelError: 0.00000e+00	AbsError: 0.00000e+00
Iteration: 11
  Device: "MyDevice"	RelError: 1.63447e-11	AbsError: 7.79300e-12
    Region: "MyRegion"	RelError: 1.63447e-11	AbsError: 7.79300e-12
      Equation: "PotentialEquation"	RelError: 1.63447e-11	AbsError: 7.79300e-12
  Circuit: 	RelError: 0.00000e+00	AbsError: 0.00000e+00
Iteration: 12
  Device: "MyDevice"	RelError: 1.60536e-14	AbsError: 4.38227e-17
    Region: "MyRegion"	RelError: 1.60536e-14	AbsError: 4.38227e-17
      Equation: "PotentialEquation"	RelError: 1.60536e-14	AbsError: 4.38227e-17
  Circuit: 	RelError: 0.00000e+00	AbsError: 0.00000e+00
Circuit Solution:
V1.I	0
top_bias	0
Warning: Replacing equation with equation of the same name.
Region: MyRegion, Equation: PotentialEquation, Variable: Potential
Region "MyRegion" on device "MyDevice" has equations 0:770
Device "MyDevice" has equations 0:770
0	18446744073709551615	ground
GND	18446744073709551615	ground
V1.I	0	mna
top_bias	1	default
Circuit  has equations 771:772
number of equations 773
Iteration: 0
  Device: "MyDevice"	RelError: 3.11974e-14	AbsError: 1.02400e+04
    Region: "MyRegion"	RelError: 3.11974e-14	AbsError: 1.02400e+04
      Equation: "ElectronContinuityEquation"	RelError: 9.32564e-15	AbsError: 5.12000e+03
      Equation: "HoleContinuityEquation"	RelError: 9.35675e-15	AbsError: 5.12000e+03
      Equation: "PotentialEquation"	RelError: 1.25150e-14	AbsError: 1.14954e-16
  Circuit: 	RelError: 3.30872e-13	AbsError: 3.30872e-23
Circuit Solution:
V1.I	3.30872e-23
top_bias	0
bot	0.0	6.14280668542e-09	7.39016990586e-25	6.14280668542e-09
Region "MyRegion" on device "MyDevice" has equations 0:770
Device "MyDevice" has equations 0:770
0	18446744073709551615	ground
GND	18446744073709551615	ground
V1.I	0	mna
top_bias	1	default
Circuit  has equations 771:772
creating solution ssac_real with 2 nodes
creating solution ssac_imag with 2 nodes
Device: MyDevice	Region: MyRegion	Creating: Electrons_Real
Device: MyDevice	Region: MyRegion	Creating: Electrons_Imag
Device: MyDevice	Region: MyRegion	Creating: Holes_Real
Device: MyDevice	Region: MyRegion	Creating: Holes_Imag
Device: MyDevice	Region: MyRegion	Creating: Potential_Real
Device: MyDevice	Region: MyRegion	Creating: Potential_Imag
Setting V1.I = (-3.57628e-07,1.44541e-06)
Setting top_bias = (1,0)
AC Iteration:
number of equations 773
Circuit AC Solution:
V1.I	(-3.57628e-07,1.44541e-06)
top_bias	(1,0)
capacitance 0.0 2.30044760106e-07
Region "MyRegion" on device "MyDevice" has equations 0:770
Device "MyDevice" has equations 0:770
0	18446744073709551615	ground
GND	18446744073709551615	ground
V1.I	0	mna
top_bias	1	default
Circuit  has equations 771:772
number of equations 773
Iteration: 0
  Device: "MyDevice"	RelError: 1.55882e+01	AbsError: 2.08314e+17
    Region: "MyRegion"	RelError: 1.55882e+01	AbsError: 2.08314e+17
      Equation: "ElectronContinuityEquation"	RelError: 7.73734e-01	AbsError: 1.04105e+17
      Equation: "HoleContinuityEquation"	RelError: 7.73745e-01	AbsError: 1.04210e+17
      Equation: "PotentialEquation"	RelError: 1.40407e+01	AbsError: 4.09542e-02
  Circuit: 	RelError: 1.00000e+00	AbsError: 1.00000e-01
Iteration: 1
  Device: "MyDevice"	RelError: 3.17469e+01	AbsError: 2.42400e+16
    Region: "MyRegion"	RelError: 3.17469e+01	AbsError: 2.42400e+16
      Equation: "ElectronContinuityEquation"	RelError: 6.73265e-01	AbsError: 1.24340e+16
      Equation: "HoleContinuityEquation"	RelError: 7.58000e-01	AbsError: 1.18060e+16
      Equation: "PotentialEquation"	RelError: 3.03156e+01	AbsError: 3.07632e-02
  Circuit: 	RelError: 1.36340e+01	AbsError: 5.21541e-08
Iteration: 2
  Device: "MyDevice"	RelError: 1.19739e+00	AbsError: 1.61677e+15
    Region: "MyRegion"	RelError: 1.19739e+00	AbsError: 1.61677e+15
      Equation: "ElectronContinuityEquation"	RelError: 4.97846e-01	AbsError: 5.28126e+14
      Equation: "HoleContinuityEquation"	RelError: 4.94003e-01	AbsError: 1.08864e+15
      Equation: "PotentialEquation"	RelError: 2.05543e-01	AbsError: 2.57657e-02
  Circuit: 	RelError: 9.49048e-01	AbsError: 1.86265e-09
Iteration: 3
  Device: "MyDevice"	RelError: 3.86539e-01	AbsError: 1.91895e+14
    Region: "MyRegion"	RelError: 3.86539e-01	AbsError: 1.91895e+14
      Equation: "ElectronContinuityEquation"	RelError: 2.85216e-01	AbsError: 2.53068e+12
      Equation: "HoleContinuityEquation"	RelError: 7.70027e-02	AbsError: 1.89364e+14
      Equation: "PotentialEquation"	RelError: 2.43204e-02	AbsError: 9.16536e-03
  Circuit: 	RelError: 1.30989e+00	AbsError: 7.45058e-09
Iteration: 4
  Device: "MyDevice"	RelError: 8.06208e-02	AbsError: 1.67844e+14
    Region: "MyRegion"	RelError: 8.06208e-02	AbsError: 1.67844e+14
      Equation: "ElectronContinuityEquation"	RelError: 7.58943e-02	AbsError: 7.56594e+12
      Equation: "HoleContinuityEquation"	RelError: 4.17220e-04	AbsError: 1.60278e+14
      Equation: "PotentialEquation"	RelError: 4.30930e-03	AbsError: 5.81481e-06
  Circuit: 	RelError: 2.98266e-01	AbsError: 1.30676e-09
Iteration: 5
  Device: "MyDevice"	RelError: 8.02563e-06	AbsError: 5.16445e+09
    Region: "MyRegion"	RelError: 8.02563e-06	AbsError: 5.16445e+09
      Equation: "ElectronContinuityEquation"	RelError: 7.96174e-06	AbsError: 6.22675e+07
      Equation: "HoleContinuityEquation"	RelError: 6.28439e-08	AbsError: 5.10218e+09
      Equation: "PotentialEquation"	RelError: 1.04093e-09	AbsError: 6.25193e-11
  Circuit: 	RelError: 2.27261e-04	AbsError: 9.95445e-13
Iteration: 6
  Device: "MyDevice"	RelError: 2.65374e-09	AbsError: 8.32259e+06
    Region: "MyRegion"	RelError: 2.65374e-09	AbsError: 8.32259e+06
      Equation: "ElectronContinuityEquation"	RelError: 1.41477e-10	AbsError: 4.16139e+06
      Equation: "HoleContinuityEquation"	RelError: 1.41896e-10	AbsError: 4.16120e+06
      Equation: "PotentialEquation"	RelError: 2.37037e-09	AbsError: 3.76641e-12
  Circuit: 	RelError: 5.94059e-09	AbsError: 2.60209e-17
Iteration: 7
  Device: "MyDevice"	RelError: 7.22593e-13	AbsError: 1.62916e+03
    Region: "MyRegion"	RelError: 7.22593e-13	AbsError: 1.62916e+03
      Equation: "ElectronContinuityEquation"	RelError: 6.88044e-14	AbsError: 7.38379e+02
      Equation: "HoleContinuityEquation"	RelError: 1.79184e-13	AbsError: 8.90785e+02
      Equation: "PotentialEquation"	RelError: 4.74604e-13	AbsError: 7.59427e-16
  Circuit: 	RelError: 2.31468e-10	AbsError: 1.01387e-18
Iteration: 8
  Device: "MyDevice"	RelError: 1.23831e-13	AbsError: 5.74525e+02
    Region: "MyRegion"	RelError: 1.23831e-13	AbsError: 5.74525e+02
      Equation: "ElectronContinuityEquation"	RelError: 3.81165e-14	AbsError: 2.46414e+02
      Equation: "HoleContinuityEquation"	RelError: 6.18679e-15	AbsError: 3.28111e+02
      Equation: "PotentialEquation"	RelError: 7.95274e-14	AbsError: 1.46457e-16
  Circuit: 	RelError: 6.04308e-15	AbsError: 2.64698e-23
Circuit Solution:
V1.I	-4.28018e-09
top_bias	0.1
bot	0.0	-2.04366647259e-08	-1.38872658224e-09	-2.18253913081e-08
Region "MyRegion" on device "MyDevice" has equations 0:770
Device "MyDevice" has equations 0:770
0	18446744073709551615	ground
GND	18446744073709551615	ground
V1.I	0	mna
top_bias	1	default
Circuit  has equations 771:772
Setting V1.I = (-1.78814e-07,1.40164e-06)
Setting top_bias = (1,0)
AC Iteration:
number of equations 773
Circuit AC Solution:
V1.I	(-1.78814e-07,1.40164e-06)
top_bias	(1,0)
capacitance 0.1 2.23078198428e-07
Region "MyRegion" on device "MyDevice" has equations 0:770
Device "MyDevice" has equations 0:770
0	18446744073709551615	ground
GND	18446744073709551615	ground
V1.I	0	mna
top_bias	1	default
Circuit  has equations 771:772
number of equations 773
Iteration: 0
  Device: "MyDevice"	RelError: 9.42039e+01	AbsError: 2.20978e+17
    Region: "MyRegion"	RelError: 9.42039e+01	AbsError: 2.20978e+17
      Equation: "ElectronContinuityEquation"	RelError: 7.89745e-01	AbsError: 1.10497e+17
      Equation: "HoleContinuityEquation"	RelError: 7.89744e-01	AbsError: 1.10481e+17
      Equation: "PotentialEquation"	RelError: 9.26244e+01	AbsError: 4.09542e-02
  Circuit: 	RelError: 1.06648e+00	AbsError: 1.00000e-01
Iteration: 1
  Device: "MyDevice"	RelError: 8.50942e+01	AbsError: 2.76195e+16
    Region: "MyRegion"	RelError: 8.50942e+01	AbsError: 2.76195e+16
      Equation: "ElectronContinuityEquation"	RelError: 6.86026e-01	AbsError: 1.42165e+16
      Equation: "HoleContinuityEquation"	RelError: 7.75519e-01	AbsError: 1.34030e+16
      Equation: "PotentialEquation"	RelError: 8.36327e+01	AbsError: 3.07620e-02
  Circuit: 	RelError: 2.18683e+00	AbsError: 1.15484e-07
Iteration: 2
  Device: "MyDevice"	RelError: 1.32092e+01	AbsError: 2.23202e+15
    Region: "MyRegion"	RelError: 1.32092e+01	AbsError: 2.23202e+15
      Equation: "ElectronContinuityEquation"	RelError: 5.06852e-01	AbsError: 9.08595e+14
      Equation: "HoleContinuityEquation"	RelError: 4.95395e-01	AbsError: 1.32343e+15
      Equation: "PotentialEquation"	RelError: 1.22069e+01	AbsError: 2.58103e-02
  Circuit: 	RelError: 6.63888e-01	AbsError: 1.04308e-07
Iteration: 3
  Device: "MyDevice"	RelError: 3.95954e-01	AbsError: 1.78574e+14
    Region: "MyRegion"	RelError: 3.95954e-01	AbsError: 1.78574e+14
      Equation: "ElectronContinuityEquation"	RelError: 2.86190e-01	AbsError: 5.05792e+11
      Equation: "HoleContinuityEquation"	RelError: 7.66570e-02	AbsError: 1.78068e+14
      Equation: "PotentialEquation"	RelError: 3.31069e-02	AbsError: 9.16596e-03
  Circuit: 	RelError: 1.33537e-01	AbsError: 2.42144e-08
Iteration: 4
  Device: "MyDevice"	RelError: 8.29425e-02	AbsError: 1.53504e+14
    Region: "MyRegion"	RelError: 8.29425e-02	AbsError: 1.53504e+14
      Equation: "ElectronContinuityEquation"	RelError: 7.73754e-02	AbsError: 7.50986e+12
      Equation: "HoleContinuityEquation"	RelError: 3.76873e-04	AbsError: 1.45994e+14
      Equation: "PotentialEquation"	RelError: 5.19028e-03	AbsError: 5.38119e-06
  Circuit: 	RelError: 6.30764e-02	AbsError: 1.22078e-08
Iteration: 5
  Device: "MyDevice"	RelError: 7.89215e-06	AbsError: 4.44611e+09
    Region: "MyRegion"	RelError: 7.89215e-06	AbsError: 4.44611e+09
      Equation: "ElectronContinuityEquation"	RelError: 7.58530e-06	AbsError: 3.80735e+08
      Equation: "HoleContinuityEquation"	RelError: 3.66581e-08	AbsError: 4.06538e+09
      Equation: "PotentialEquation"	RelError: 2.70188e-07	AbsError: 3.32355e-10
  Circuit: 	RelError: 8.97844e-06	AbsError: 1.73767e-12
Iteration: 6
  Device: "MyDevice"	RelError: 2.28065e-10	AbsError: 6.03081e+05
    Region: "MyRegion"	RelError: 2.28065e-10	AbsError: 6.03081e+05
      Equation: "ElectronContinuityEquation"	RelError: 9.78348e-12	AbsError: 3.01413e+05
      Equation: "HoleContinuityEquation"	RelError: 9.91701e-12	AbsError: 3.01668e+05
      Equation: "PotentialEquation"	RelError: 2.08364e-10	AbsError: 2.55340e-13
  Circuit: 	RelError: 7.77351e-10	AbsError: 1.50447e-16
Iteration: 7
  Device: "MyDevice"	RelError: 2.05489e-13	AbsError: 4.56035e+02
    Region: "MyRegion"	RelError: 2.05489e-13	AbsError: 4.56035e+02
      Equation: "ElectronContinuityEquation"	RelError: 8.35825e-14	AbsError: 2.05555e+02
      Equation: "HoleContinuityEquation"	RelError: 1.14232e-13	AbsError: 2.50480e+02
      Equation: "PotentialEquation"	RelError: 7.67484e-15	AbsError: 3.37132e-17
  Circuit: 	RelError: 7.34477e-13	AbsError: 1.42149e-19
Circuit Solution:
V1.I	-1.93437e-07
top_bias	0.2
bot	0.0	-1.03961477955e-07	-6.41988690853e-08	-1.6816034704e-07
Region "MyRegion" on device "MyDevice" has equations 0:770
Device "MyDevice" has equations 0:770
0	18446744073709551615	ground
GND	18446744073709551615	ground
V1.I	0	mna
top_bias	1	default
Circuit  has equations 771:772
Setting V1.I = (-7.62939e-06,1.48413e-06)
Setting top_bias = (1,0)
AC Iteration:
number of equations 773
Circuit AC Solution:
V1.I	(-7.62939e-06,1.48413e-06)
top_bias	(1,0)
capacitance 0.2 2.36207086897e-07
Region "MyRegion" on device "MyDevice" has equations 0:770
Device "MyDevice" has equations 0:770
0	18446744073709551615	ground
GND	18446744073709551615	ground
V1.I	0	mna
top_bias	1	default
Circuit  has equations 771:772
number of equations 773
Iteration: 0
  Device: "MyDevice"	RelError: 1.76072e+01	AbsError: 2.36186e+17
    Region: "MyRegion"	RelError: 1.76072e+01	AbsError: 2.36186e+17
      Equation: "ElectronContinuityEquation"	RelError: 7.92001e-01	AbsError: 1.18073e+17
      Equation: "HoleContinuityEquation"	RelError: 7.92034e-01	AbsError: 1.18113e+17
      Equation: "PotentialEquation"	RelError: 1.60232e+01	AbsError: 4.09532e-02
  Circuit: 	RelError: 7.92979e-01	AbsError: 1.00001e-01
Iteration: 1
  Device: "MyDevice"	RelError: 5.79160e+01	AbsError: 3.20688e+16
    Region: "MyRegion"	RelError: 5.79160e+01	AbsError: 3.20688e+16
      Equation: "ElectronContinuityEquation"	RelError: 6.87338e-01	AbsError: 1.65579e+16
      Equation: "HoleContinuityEquation"	RelError: 7.76653e-01	AbsError: 1.55109e+16
      Equation: "PotentialEquation"	RelError: 5.64520e+01	AbsError: 3.07635e-02
  Circuit: 	RelError: 7.24517e-01	AbsError: 2.45869e-06
Iteration: 2
  Device: "MyDevice"	RelError: 8.51238e+00	AbsError: 3.22765e+15
    Region: "MyRegion"	RelError: 8.51238e+00	AbsError: 3.22765e+15
      Equation: "ElectronContinuityEquation"	RelError: 5.07290e-01	AbsError: 1.57408e+15
      Equation: "HoleContinuityEquation"	RelError: 4.97215e-01	AbsError: 1.65357e+15
      Equation: "PotentialEquation"	RelError: 7.50787e+00	AbsError: 2.56521e-02
  Circuit: 	RelError: 4.93339e-01	AbsError: 3.30433e-06
Iteration: 3
  Device: "MyDevice"	RelError: 4.11243e-01	AbsError: 1.77781e+14
    Region: "MyRegion"	RelError: 4.11243e-01	AbsError: 1.77781e+14
      Equation: "ElectronContinuityEquation"	RelError: 2.83474e-01	AbsError: 2.85785e+12
      Equation: "HoleContinuityEquation"	RelError: 7.59445e-02	AbsError: 1.74923e+14
      Equation: "PotentialEquation"	RelError: 5.18248e-02	AbsError: 9.16572e-03
  Circuit: 	RelError: 1.89592e-01	AbsError: 1.56695e-06
Iteration: 4
  Device: "MyDevice"	RelError: 7.99171e-02	AbsError: 1.39973e+14
    Region: "MyRegion"	RelError: 7.99171e-02	AbsError: 1.39973e+14
      Equation: "ElectronContinuityEquation"	RelError: 7.70633e-02	AbsError: 7.36678e+12
      Equation: "HoleContinuityEquation"	RelError: 3.43989e-04	AbsError: 1.32606e+14
      Equation: "PotentialEquation"	RelError: 2.50985e-03	AbsError: 4.84117e-06
  Circuit: 	RelError: 5.19160e-02	AbsError: 4.52574e-07
Iteration: 5
  Device: "MyDevice"	RelError: 7.08428e-06	AbsError: 1.02605e+11
    Region: "MyRegion"	RelError: 7.08428e-06	AbsError: 1.02605e+11
      Equation: "ElectronContinuityEquation"	RelError: 6.96690e-06	AbsError: 2.23743e+08
      Equation: "HoleContinuityEquation"	RelError: 1.02396e-07	AbsError: 1.02381e+11
      Equation: "PotentialEquation"	RelError: 1.49915e-08	AbsError: 2.65134e-09
  Circuit: 	RelError: 4.92817e-06	AbsError: 4.29607e-11
Iteration: 6
  Device: "MyDevice"	RelError: 6.41536e-12	AbsError: 3.96871e+06
    Region: "MyRegion"	RelError: 6.41536e-12	AbsError: 3.96871e+06
      Equation: "ElectronContinuityEquation"	RelError: 1.88809e-12	AbsError: 1.89516e+04
      Equation: "HoleContinuityEquation"	RelError: 3.95035e-12	AbsError: 3.94976e+06
      Equation: "PotentialEquation"	RelError: 5.76927e-13	AbsError: 1.02033e-13
  Circuit: 	RelError: 6.51322e-11	AbsError: 5.67782e-16
Circuit Solution:
V1.I	-8.71728e-06
top_bias	0.3
bot	0.0	-5.80555075445e-06	-2.90489765995e-06	-8.7104484144e-06
Region "MyRegion" on device "MyDevice" has equations 0:770
Device "MyDevice" has equations 0:770
0	18446744073709551615	ground
GND	18446744073709551615	ground
V1.I	0	mna
top_bias	1	default
Circuit  has equations 771:772
Setting V1.I = (-0.000331998,1.52313e-06)
Setting top_bias = (1,0)
AC Iteration:
number of equations 773
Circuit AC Solution:
V1.I	(-0.000331998,1.52313e-06)
top_bias	(1,0)
capacitance 0.3 2.42413517416e-07
Region "MyRegion" on device "MyDevice" has equations 0:770
Device "MyDevice" has equations 0:770
0	18446744073709551615	ground
GND	18446744073709551615	ground
V1.I	0	mna
top_bias	1	default
Circuit  has equations 771:772
number of equations 773
Iteration: 0
  Device: "MyDevice"	RelError: 4.11279e+01	AbsError: 2.55023e+17
    Region: "MyRegion"	RelError: 4.11279e+01	AbsError: 2.55023e+17
      Equation: "ElectronContinuityEquation"	RelError: 7.92332e-01	AbsError: 1.27554e+17
      Equation: "HoleContinuityEquation"	RelError: 7.92127e-01	AbsError: 1.27469e+17
      Equation: "PotentialEquation"	RelError: 3.95434e+01	AbsError: 4.09984e-02
  Circuit: 	RelError: 7.92199e-01	AbsError: 1.00033e-01
Iteration: 1
  Device: "MyDevice"	RelError: 2.18668e+01	AbsError: 3.81381e+16
    Region: "MyRegion"	RelError: 2.18668e+01	AbsError: 3.81381e+16
      Equation: "ElectronContinuityEquation"	RelError: 6.87240e-01	AbsError: 1.97728e+16
      Equation: "HoleContinuityEquation"	RelError: 7.76846e-01	AbsError: 1.83653e+16
      Equation: "PotentialEquation"	RelError: 2.04027e+01	AbsError: 3.07632e-02
  Circuit: 	RelError: 7.23940e-01	AbsError: 1.10012e-04
Iteration: 2
  Device: "MyDevice"	RelError: 1.27549e+01	AbsError: 4.70270e+15
    Region: "MyRegion"	RelError: 1.27549e+01	AbsError: 4.70270e+15
      Equation: "ElectronContinuityEquation"	RelError: 5.07401e-01	AbsError: 2.55876e+15
      Equation: "HoleContinuityEquation"	RelError: 4.98120e-01	AbsError: 2.14395e+15
      Equation: "PotentialEquation"	RelError: 1.17494e+01	AbsError: 2.58119e-02
  Circuit: 	RelError: 4.97700e-01	AbsError: 1.50571e-04
Iteration: 3
  Device: "MyDevice"	RelError: 4.80418e-01	AbsError: 1.82084e+14
    Region: "MyRegion"	RelError: 4.80418e-01	AbsError: 1.82084e+14
      Equation: "ElectronContinuityEquation"	RelError: 2.85350e-01	AbsError: 8.87686e+12
      Equation: "HoleContinuityEquation"	RelError: 7.58204e-02	AbsError: 1.73207e+14
      Equation: "PotentialEquation"	RelError: 1.19247e-01	AbsError: 9.16532e-03
  Circuit: 	RelError: 1.89403e-01	AbsError: 7.06892e-05
Iteration: 4
  Device: "MyDevice"	RelError: 7.98446e-02	AbsError: 1.22290e+14
    Region: "MyRegion"	RelError: 7.98446e-02	AbsError: 1.22290e+14
      Equation: "ElectronContinuityEquation"	RelError: 7.67190e-02	AbsError: 7.17308e+12
      Equation: "HoleContinuityEquation"	RelError: 2.92634e-04	AbsError: 1.15117e+14
      Equation: "PotentialEquation"	RelError: 2.83301e-03	AbsError: 4.28853e-06
  Circuit: 	RelError: 5.12123e-02	AbsError: 2.01452e-05
Iteration: 5
  Device: "MyDevice"	RelError: 5.92366e-06	AbsError: 5.52383e+09
    Region: "MyRegion"	RelError: 5.92366e-06	AbsError: 5.52383e+09
      Equation: "ElectronContinuityEquation"	RelError: 5.89040e-06	AbsError: 5.94712e+07
      Equation: "HoleContinuityEquation"	RelError: 3.12104e-08	AbsError: 5.46436e+09
      Equation: "PotentialEquation"	RelError: 2.05182e-09	AbsError: 1.41470e-10
  Circuit: 	RelError: 3.91686e-06	AbsError: 1.54076e-09
Iteration: 6
  Device: "MyDevice"	RelError: 6.63326e-13	AbsError: 2.97288e+04
    Region: "MyRegion"	RelError: 6.63326e-13	AbsError: 2.97288e+04
      Equation: "ElectronContinuityEquation"	RelError: 2.02500e-13	AbsError: 2.97734e+02
      Equation: "HoleContinuityEquation"	RelError: 4.50962e-13	AbsError: 2.94310e+04
      Equation: "PotentialEquation"	RelError: 9.86470e-15	AbsError: 7.58173e-16
  Circuit: 	RelError: 1.36866e-13	AbsError: 5.38385e-17
Circuit Solution:
V1.I	-0.000393366
top_bias	0.4
bot	0.0	-0.000262165911866	-0.000131169633098	-0.000393335544965
Region "MyRegion" on device "MyDevice" has equations 0:770
Device "MyDevice" has equations 0:770
0	18446744073709551615	ground
GND	18446744073709551615	ground
V1.I	0	mna
top_bias	1	default
Circuit  has equations 771:772
Setting V1.I = (-0.0149819,1.758e-06)
Setting top_bias = (1,0)
AC Iteration:
number of equations 773
Circuit AC Solution:
V1.I	(-0.0149819,1.758e-06)
top_bias	(1,0)
capacitance 0.4 2.79794501842e-07
Region "MyRegion" on device "MyDevice" has equations 0:770
Device "MyDevice" has equations 0:770
0	18446744073709551615	ground
GND	18446744073709551615	ground
V1.I	0	mna
top_bias	1	default
Circuit  has equations 771:772
number of equations 773
Iteration: 0
  Device: "MyDevice"	RelError: 4.28085e+01	AbsError: 2.79301e+17
    Region: "MyRegion"	RelError: 4.28085e+01	AbsError: 2.79301e+17
      Equation: "ElectronContinuityEquation"	RelError: 7.92069e-01	AbsError: 1.39697e+17
      Equation: "HoleContinuityEquation"	RelError: 7.92055e-01	AbsError: 1.39604e+17
      Equation: "PotentialEquation"	RelError: 4.12244e+01	AbsError: 4.09565e-02
  Circuit: 	RelError: 7.92060e-01	AbsError: 1.01498e-01
Iteration: 1
  Device: "MyDevice"	RelError: 2.36895e+02	AbsError: 4.70475e+16
    Region: "MyRegion"	RelError: 2.36895e+02	AbsError: 4.70475e+16
      Equation: "ElectronContinuityEquation"	RelError: 6.87123e-01	AbsError: 2.45842e+16
      Equation: "HoleContinuityEquation"	RelError: 7.76600e-01	AbsError: 2.24633e+16
      Equation: "PotentialEquation"	RelError: 2.35431e+02	AbsError: 3.07632e-02
  Circuit: 	RelError: 7.23968e-01	AbsError: 4.96156e-03
Iteration: 2
  Device: "MyDevice"	RelError: 2.37518e+00	AbsError: 7.17466e+15
    Region: "MyRegion"	RelError: 2.37518e+00	AbsError: 7.17466e+15
      Equation: "ElectronContinuityEquation"	RelError: 5.06846e-01	AbsError: 4.23053e+15
      Equation: "HoleContinuityEquation"	RelError: 5.00372e-01	AbsError: 2.94413e+15
      Equation: "PotentialEquation"	RelError: 1.36796e+00	AbsError: 2.58032e-02
  Circuit: 	RelError: 4.97479e-01	AbsError: 6.78451e-03
Iteration: 3
  Device: "MyDevice"	RelError: 7.55963e-01	AbsError: 2.46075e+14
    Region: "MyRegion"	RelError: 7.55963e-01	AbsError: 2.46075e+14
      Equation: "ElectronContinuityEquation"	RelError: 2.85015e-01	AbsError: 2.19134e+13
      Equation: "HoleContinuityEquation"	RelError: 7.48703e-02	AbsError: 2.24162e+14
      Equation: "PotentialEquation"	RelError: 3.96077e-01	AbsError: 9.16533e-03
  Circuit: 	RelError: 1.88934e-01	AbsError: 3.17686e-03
Iteration: 4
  Device: "MyDevice"	RelError: 7.65464e-02	AbsError: 1.03946e+14
    Region: "MyRegion"	RelError: 7.65464e-02	AbsError: 1.03946e+14
      Equation: "ElectronContinuityEquation"	RelError: 7.62057e-02	AbsError: 6.84798e+12
      Equation: "HoleContinuityEquation"	RelError: 2.53123e-04	AbsError: 9.70975e+13
      Equation: "PotentialEquation"	RelError: 8.76029e-05	AbsError: 3.63266e-06
  Circuit: 	RelError: 5.08770e-02	AbsError: 9.01336e-04
Iteration: 5
  Device: "MyDevice"	RelError: 4.91087e-06	AbsError: 2.15424e+09
    Region: "MyRegion"	RelError: 4.91087e-06	AbsError: 2.15424e+09
      Equation: "ElectronContinuityEquation"	RelError: 4.88791e-06	AbsError: 5.57104e+07
      Equation: "HoleContinuityEquation"	RelError: 2.20781e-08	AbsError: 2.09853e+09
      Equation: "PotentialEquation"	RelError: 8.81766e-10	AbsError: 2.63317e-11
  Circuit: 	RelError: 3.25094e-06	AbsError: 5.75933e-08
Iteration: 6
  Device: "MyDevice"	RelError: 1.58286e-13	AbsError: 6.58981e+03
    Region: "MyRegion"	RelError: 1.58286e-13	AbsError: 6.58981e+03
      Equation: "ElectronContinuityEquation"	RelError: 7.41865e-14	AbsError: 2.23660e+02
      Equation: "HoleContinuityEquation"	RelError: 7.70834e-14	AbsError: 6.36615e+03
      Equation: "PotentialEquation"	RelError: 7.01573e-15	AbsError: 1.62357e-16
  Circuit: 	RelError: 1.96882e-14	AbsError: 3.48795e-16
Circuit Solution:
V1.I	-0.0177159
top_bias	0.5
bot	0.0	-0.0118079690348	-0.00590798459506	-0.0177159536298
Region "MyRegion" on device "MyDevice" has equations 0:770
Device "MyDevice" has equations 0:770
0	18446744073709551615	ground
GND	18446744073709551615	ground
V1.I	0	mna
top_bias	1	default
Circuit  has equations 771:772
Setting V1.I = (-0.674249,1.96374e-06)
Setting top_bias = (1,0)
AC Iteration:
number of equations 773
Circuit AC Solution:
V1.I	(-0.674249,1.96374e-06)
top_bias	(1,0)
capacitance 0.5 3.12539481098e-07
V1.I	dcop	-0.0177159276828
V1.I	dcop_prev	-0.000393365723862
V1.I	ssac_imag	1.96374181684e-06
V1.I	ssac_real	-0.67424929142
top_bias	dcop	0.5
top_bias	dcop_prev	0.4
top_bias	ssac_imag	0.0
top_bias	ssac_real	1.0
