
----------------------------------------

 DEVSIM

 Version: Beta 0.01

 Copyright 2009-2018 Devsim LLC

----------------------------------------


Adding 540 nodes
Adding 1541 edges with 0 duplicates removed
Adding 1002 triangles  with 0 duplicate removed
Contact Anode in region Silicon with 7 nodes
Contact Cathode in region Silicon with 16 nodes
Creating Node Solution Potential
Region "Silicon" on device "pn2d" has equations 0:539
Device "pn2d" has equations 0:539
number of equations 540
Iteration: 0
  Device: "pn2d"	RelError: 1.00000e+00	AbsError: 3.07958e-01
    Region: "Silicon"	RelError: 1.00000e+00	AbsError: 3.07958e-01
      Equation: "PotentialEquation"	RelError: 1.00000e+00	AbsError: 3.07958e-01
Iteration: 1
  Device: "pn2d"	RelError: 9.48950e+02	AbsError: 2.38478e-01
    Region: "Silicon"	RelError: 9.48950e+02	AbsError: 2.38478e-01
      Equation: "PotentialEquation"	RelError: 9.48950e+02	AbsError: 2.38478e-01
Iteration: 2
  Device: "pn2d"	RelError: 7.41923e+01	AbsError: 2.37034e-01
    Region: "Silicon"	RelError: 7.41923e+01	AbsError: 2.37034e-01
      Equation: "PotentialEquation"	RelError: 7.41923e+01	AbsError: 2.37034e-01
Iteration: 3
  Device: "pn2d"	RelError: 4.06386e+00	AbsError: 2.35686e-01
    Region: "Silicon"	RelError: 4.06386e+00	AbsError: 2.35686e-01
      Equation: "PotentialEquation"	RelError: 4.06386e+00	AbsError: 2.35686e-01
Iteration: 4
  Device: "pn2d"	RelError: 1.45865e+02	AbsError: 1.57887e-01
    Region: "Silicon"	RelError: 1.45865e+02	AbsError: 1.57887e-01
      Equation: "PotentialEquation"	RelError: 1.45865e+02	AbsError: 1.57887e-01
Iteration: 5
  Device: "pn2d"	RelError: 1.35418e+02	AbsError: 1.57914e-01
    Region: "Silicon"	RelError: 1.35418e+02	AbsError: 1.57914e-01
      Equation: "PotentialEquation"	RelError: 1.35418e+02	AbsError: 1.57914e-01
Iteration: 6
  Device: "pn2d"	RelError: 1.72594e+02	AbsError: 1.47982e-01
    Region: "Silicon"	RelError: 1.72594e+02	AbsError: 1.47982e-01
      Equation: "PotentialEquation"	RelError: 1.72594e+02	AbsError: 1.47982e-01
Iteration: 7
  Device: "pn2d"	RelError: 3.44881e+01	AbsError: 1.46441e-01
    Region: "Silicon"	RelError: 3.44881e+01	AbsError: 1.46441e-01
      Equation: "PotentialEquation"	RelError: 3.44881e+01	AbsError: 1.46441e-01
Iteration: 8
  Device: "pn2d"	RelError: 2.79287e+00	AbsError: 1.25505e-01
    Region: "Silicon"	RelError: 2.79287e+00	AbsError: 1.25505e-01
      Equation: "PotentialEquation"	RelError: 2.79287e+00	AbsError: 1.25505e-01
Iteration: 9
  Device: "pn2d"	RelError: 4.87845e+00	AbsError: 8.47244e-02
    Region: "Silicon"	RelError: 4.87845e+00	AbsError: 8.47244e-02
      Equation: "PotentialEquation"	RelError: 4.87845e+00	AbsError: 8.47244e-02
Iteration: 10
  Device: "pn2d"	RelError: 3.20250e+00	AbsError: 7.28688e-02
    Region: "Silicon"	RelError: 3.20250e+00	AbsError: 7.28688e-02
      Equation: "PotentialEquation"	RelError: 3.20250e+00	AbsError: 7.28688e-02
Iteration: 11
  Device: "pn2d"	RelError: 1.16918e+00	AbsError: 6.51325e-02
    Region: "Silicon"	RelError: 1.16918e+00	AbsError: 6.51325e-02
      Equation: "PotentialEquation"	RelError: 1.16918e+00	AbsError: 6.51325e-02
Iteration: 12
  Device: "pn2d"	RelError: 1.51313e+02	AbsError: 5.46855e-02
    Region: "Silicon"	RelError: 1.51313e+02	AbsError: 5.46855e-02
      Equation: "PotentialEquation"	RelError: 1.51313e+02	AbsError: 5.46855e-02
Iteration: 13
  Device: "pn2d"	RelError: 5.74154e+00	AbsError: 4.60583e-02
    Region: "Silicon"	RelError: 5.74154e+00	AbsError: 4.60583e-02
      Equation: "PotentialEquation"	RelError: 5.74154e+00	AbsError: 4.60583e-02
Iteration: 14
  Device: "pn2d"	RelError: 4.25804e+00	AbsError: 3.67857e-02
    Region: "Silicon"	RelError: 4.25804e+00	AbsError: 3.67857e-02
      Equation: "PotentialEquation"	RelError: 4.25804e+00	AbsError: 3.67857e-02
Iteration: 15
  Device: "pn2d"	RelError: 5.49279e+00	AbsError: 2.58566e-02
    Region: "Silicon"	RelError: 5.49279e+00	AbsError: 2.58566e-02
      Equation: "PotentialEquation"	RelError: 5.49279e+00	AbsError: 2.58566e-02
Iteration: 16
  Device: "pn2d"	RelError: 6.84161e-02	AbsError: 1.84034e-02
    Region: "Silicon"	RelError: 6.84161e-02	AbsError: 1.84034e-02
      Equation: "PotentialEquation"	RelError: 6.84161e-02	AbsError: 1.84034e-02
Iteration: 17
  Device: "pn2d"	RelError: 2.10333e-04	AbsError: 5.65658e-05
    Region: "Silicon"	RelError: 2.10333e-04	AbsError: 5.65658e-05
      Equation: "PotentialEquation"	RelError: 2.10333e-04	AbsError: 5.65658e-05
Iteration: 18
  Device: "pn2d"	RelError: 3.14468e-09	AbsError: 8.45714e-10
    Region: "Silicon"	RelError: 3.14468e-09	AbsError: 8.45714e-10
      Equation: "PotentialEquation"	RelError: 3.14468e-09	AbsError: 8.45714e-10
Iteration: 19
  Device: "pn2d"	RelError: 1.19155e-14	AbsError: 1.01087e-16
    Region: "Silicon"	RelError: 1.19155e-14	AbsError: 1.01087e-16
      Equation: "PotentialEquation"	RelError: 1.19155e-14	AbsError: 1.01087e-16
Warning: Replacing equation with equation of the same name.
Region: Silicon, Equation: PotentialEquation, Variable: Potential
Region "Silicon" on device "pn2d" has equations 0:1619
Device "pn2d" has equations 0:1619
number of equations 1620
Iteration: 0
  Device: "pn2d"	RelError: 1.92185e-02	AbsError: 4.19840e+04
    Region: "Silicon"	RelError: 1.92185e-02	AbsError: 4.19840e+04
      Equation: "ElectronContinuityEquation"	RelError: 6.96628e-03	AbsError: 5.12000e+03
      Equation: "HoleContinuityEquation"	RelError: 1.22522e-02	AbsError: 3.68640e+04
      Equation: "PotentialEquation"	RelError: 1.52034e-14	AbsError: 2.68454e-16
Iteration: 1
  Device: "pn2d"	RelError: 1.42952e-02	AbsError: 5.36778e+02
    Region: "Silicon"	RelError: 1.42952e-02	AbsError: 5.36778e+02
      Equation: "ElectronContinuityEquation"	RelError: 1.42921e-02	AbsError: 7.25505e+01
      Equation: "HoleContinuityEquation"	RelError: 3.07691e-06	AbsError: 4.64227e+02
      Equation: "PotentialEquation"	RelError: 4.80314e-14	AbsError: 1.71841e-16
Anode	0.0	-1.65490551949e-20	-5.86085567911e-15	-5.86087222817e-15
Cathode	0.0	0.0	2.7448978653e-20	2.7448978653e-20
Region "Silicon" on device "pn2d" has equations 0:1619
Device "pn2d" has equations 0:1619
number of equations 1620
Iteration: 0
  Device: "pn2d"	RelError: 2.92272e+00	AbsError: 1.28646e+16
    Region: "Silicon"	RelError: 2.92272e+00	AbsError: 1.28646e+16
      Equation: "ElectronContinuityEquation"	RelError: 4.90391e-01	AbsError: 5.71143e+15
      Equation: "HoleContinuityEquation"	RelError: 4.91311e-01	AbsError: 7.15322e+15
      Equation: "PotentialEquation"	RelError: 1.94102e+00	AbsError: 2.50000e-02
Iteration: 1
  Device: "pn2d"	RelError: 5.03484e-01	AbsError: 1.54729e+14
    Region: "Silicon"	RelError: 5.03484e-01	AbsError: 1.54729e+14
      Equation: "ElectronContinuityEquation"	RelError: 2.52678e-01	AbsError: 8.03012e+13
      Equation: "HoleContinuityEquation"	RelError: 2.50560e-01	AbsError: 7.44278e+13
      Equation: "PotentialEquation"	RelError: 2.45869e-04	AbsError: 9.32651e-05
Iteration: 2
  Device: "pn2d"	RelError: 4.76902e-03	AbsError: 2.52277e+10
    Region: "Silicon"	RelError: 4.76902e-03	AbsError: 2.52277e+10
      Equation: "ElectronContinuityEquation"	RelError: 1.53687e-03	AbsError: 4.12554e+09
      Equation: "HoleContinuityEquation"	RelError: 3.23200e-03	AbsError: 2.11022e+10
      Equation: "PotentialEquation"	RelError: 1.42164e-07	AbsError: 2.21604e-08
Iteration: 3
  Device: "pn2d"	RelError: 1.24458e-02	AbsError: 5.59502e+06
    Region: "Silicon"	RelError: 1.24458e-02	AbsError: 5.59502e+06
      Equation: "ElectronContinuityEquation"	RelError: 5.77276e-03	AbsError: 4.00517e+05
      Equation: "HoleContinuityEquation"	RelError: 6.67306e-03	AbsError: 5.19451e+06
      Equation: "PotentialEquation"	RelError: 9.57593e-12	AbsError: 1.73076e-12
Iteration: 4
  Device: "pn2d"	RelError: 1.23682e-02	AbsError: 5.72963e+02
    Region: "Silicon"	RelError: 1.23682e-02	AbsError: 5.72963e+02
      Equation: "ElectronContinuityEquation"	RelError: 5.73946e-03	AbsError: 6.36912e+01
      Equation: "HoleContinuityEquation"	RelError: 6.62874e-03	AbsError: 5.09272e+02
      Equation: "PotentialEquation"	RelError: 2.95770e-14	AbsError: 1.91235e-16
Anode	0.025	1.50118977205e-16	-2.61429059569e-14	-2.59927869797e-14
Cathode	0.0	-2.30926389122e-14	-1.41897706684e-16	-2.32345366189e-14
Region "Silicon" on device "pn2d" has equations 0:1619
Device "pn2d" has equations 0:1619
number of equations 1620
Iteration: 0
  Device: "pn2d"	RelError: 2.90681e+00	AbsError: 1.30712e+16
    Region: "Silicon"	RelError: 2.90681e+00	AbsError: 1.30712e+16
      Equation: "ElectronContinuityEquation"	RelError: 4.90819e-01	AbsError: 5.86843e+15
      Equation: "HoleContinuityEquation"	RelError: 4.90230e-01	AbsError: 7.20278e+15
      Equation: "PotentialEquation"	RelError: 1.92576e+00	AbsError: 2.50000e-02
Iteration: 1
  Device: "pn2d"	RelError: 5.03412e-01	AbsError: 1.54263e+14
    Region: "Silicon"	RelError: 5.03412e-01	AbsError: 1.54263e+14
      Equation: "ElectronContinuityEquation"	RelError: 2.51567e-01	AbsError: 6.96302e+13
      Equation: "HoleContinuityEquation"	RelError: 2.51187e-01	AbsError: 8.46330e+13
      Equation: "PotentialEquation"	RelError: 6.58189e-04	AbsError: 9.11188e-05
Iteration: 2
  Device: "pn2d"	RelError: 1.32200e-03	AbsError: 4.77265e+10
    Region: "Silicon"	RelError: 1.32200e-03	AbsError: 4.77265e+10
      Equation: "ElectronContinuityEquation"	RelError: 9.29769e-04	AbsError: 7.52060e+09
      Equation: "HoleContinuityEquation"	RelError: 3.92065e-04	AbsError: 4.02059e+10
      Equation: "PotentialEquation"	RelError: 1.66716e-07	AbsError: 4.37466e-08
Iteration: 3
  Device: "pn2d"	RelError: 2.38575e-03	AbsError: 5.93760e+06
    Region: "Silicon"	RelError: 2.38575e-03	AbsError: 5.93760e+06
      Equation: "ElectronContinuityEquation"	RelError: 2.32687e-03	AbsError: 4.65753e+06
      Equation: "HoleContinuityEquation"	RelError: 5.88807e-05	AbsError: 1.28007e+06
      Equation: "PotentialEquation"	RelError: 2.17420e-10	AbsError: 1.39378e-12
Iteration: 4
  Device: "pn2d"	RelError: 1.12008e-04	AbsError: 5.68492e+02
    Region: "Silicon"	RelError: 1.12008e-04	AbsError: 5.68492e+02
      Equation: "ElectronContinuityEquation"	RelError: 5.30236e-05	AbsError: 7.61949e+01
      Equation: "HoleContinuityEquation"	RelError: 5.89847e-05	AbsError: 4.92297e+02
      Equation: "PotentialEquation"	RelError: 3.73084e-15	AbsError: 9.76319e-17
Anode	0.05	5.4432942524e-16	7.21905658989e-14	7.27348953241e-14
Cathode	0.0	-6.2172489379e-14	-5.14514710094e-16	-6.26870040891e-14
Region "Silicon" on device "pn2d" has equations 0:1619
Device "pn2d" has equations 0:1619
number of equations 1620
Iteration: 0
  Device: "pn2d"	RelError: 3.06520e+00	AbsError: 1.32455e+16
    Region: "Silicon"	RelError: 3.06520e+00	AbsError: 1.32455e+16
      Equation: "ElectronContinuityEquation"	RelError: 4.91080e-01	AbsError: 6.00424e+15
      Equation: "HoleContinuityEquation"	RelError: 4.90851e-01	AbsError: 7.24130e+15
      Equation: "PotentialEquation"	RelError: 2.08327e+00	AbsError: 2.50000e-02
Iteration: 1
  Device: "pn2d"	RelError: 5.04079e-01	AbsError: 1.72120e+14
    Region: "Silicon"	RelError: 5.04079e-01	AbsError: 1.72120e+14
      Equation: "ElectronContinuityEquation"	RelError: 2.51768e-01	AbsError: 5.93495e+13
      Equation: "HoleContinuityEquation"	RelError: 2.51434e-01	AbsError: 1.12771e+14
      Equation: "PotentialEquation"	RelError: 8.78071e-04	AbsError: 1.22186e-04
Iteration: 2
  Device: "pn2d"	RelError: 1.35746e-03	AbsError: 8.39996e+10
    Region: "Silicon"	RelError: 1.35746e-03	AbsError: 8.39996e+10
      Equation: "ElectronContinuityEquation"	RelError: 5.24279e-04	AbsError: 1.31147e+10
      Equation: "HoleContinuityEquation"	RelError: 8.32871e-04	AbsError: 7.08849e+10
      Equation: "PotentialEquation"	RelError: 3.08544e-07	AbsError: 7.60513e-08
Iteration: 3
  Device: "pn2d"	RelError: 1.23596e-03	AbsError: 5.10560e+06
    Region: "Silicon"	RelError: 1.23596e-03	AbsError: 5.10560e+06
      Equation: "ElectronContinuityEquation"	RelError: 1.10434e-05	AbsError: 6.71049e+05
      Equation: "HoleContinuityEquation"	RelError: 1.22491e-03	AbsError: 4.43455e+06
      Equation: "PotentialEquation"	RelError: 2.40827e-10	AbsError: 1.42391e-12
Iteration: 4
  Device: "pn2d"	RelError: 2.16432e-03	AbsError: 5.71565e+02
    Region: "Silicon"	RelError: 2.16432e-03	AbsError: 5.71565e+02
      Equation: "ElectronContinuityEquation"	RelError: 9.44597e-04	AbsError: 6.41390e+01
      Equation: "HoleContinuityEquation"	RelError: 1.21973e-03	AbsError: 5.07426e+02
      Equation: "PotentialEquation"	RelError: 1.02976e-14	AbsError: 1.64267e-16
Anode	0.075	1.57978561727e-15	1.16944944609e-13	1.18524730226e-13
Cathode	0.0	-1.30045744664e-13	-1.49319296387e-15	-1.31538937628e-13
Region "Silicon" on device "pn2d" has equations 0:1619
Device "pn2d" has equations 0:1619
number of equations 1620
Iteration: 0
  Device: "pn2d"	RelError: 1.65794e+00	AbsError: 1.33867e+16
    Region: "Silicon"	RelError: 1.65794e+00	AbsError: 1.33867e+16
      Equation: "ElectronContinuityEquation"	RelError: 4.91180e-01	AbsError: 6.11956e+15
      Equation: "HoleContinuityEquation"	RelError: 4.91092e-01	AbsError: 7.26712e+15
      Equation: "PotentialEquation"	RelError: 6.75669e-01	AbsError: 2.50000e-02
Iteration: 1
  Device: "pn2d"	RelError: 5.04141e-01	AbsError: 2.12286e+14
    Region: "Silicon"	RelError: 5.04141e-01	AbsError: 2.12286e+14
      Equation: "ElectronContinuityEquation"	RelError: 2.51886e-01	AbsError: 6.70081e+13
      Equation: "HoleContinuityEquation"	RelError: 2.51569e-01	AbsError: 1.45277e+14
      Equation: "PotentialEquation"	RelError: 6.86038e-04	AbsError: 1.57978e-04
Iteration: 2
  Device: "pn2d"	RelError: 1.08794e-03	AbsError: 1.37533e+11
    Region: "Silicon"	RelError: 1.08794e-03	AbsError: 1.37533e+11
      Equation: "ElectronContinuityEquation"	RelError: 6.92463e-04	AbsError: 2.45061e+10
      Equation: "HoleContinuityEquation"	RelError: 3.94943e-04	AbsError: 1.13027e+11
      Equation: "PotentialEquation"	RelError: 5.35913e-07	AbsError: 1.23408e-07
Iteration: 3
  Device: "pn2d"	RelError: 7.71101e-04	AbsError: 8.34364e+05
    Region: "Silicon"	RelError: 7.71101e-04	AbsError: 8.34364e+05
      Equation: "ElectronContinuityEquation"	RelError: 7.65265e-04	AbsError: 1.86350e+05
      Equation: "HoleContinuityEquation"	RelError: 5.83567e-06	AbsError: 6.48014e+05
      Equation: "PotentialEquation"	RelError: 6.71930e-11	AbsError: 1.22450e-12
Iteration: 4
  Device: "pn2d"	RelError: 7.98951e-06	AbsError: 5.88891e+02
    Region: "Silicon"	RelError: 7.98951e-06	AbsError: 5.88891e+02
      Equation: "ElectronContinuityEquation"	RelError: 7.98586e-06	AbsError: 7.90762e+01
      Equation: "HoleContinuityEquation"	RelError: 3.65278e-09	AbsError: 5.09815e+02
      Equation: "PotentialEquation"	RelError: 1.01921e-14	AbsError: 1.85737e-16
Anode	0.1	4.29941419602e-15	2.20816968455e-13	2.25116382652e-13
Cathode	0.0	-2.48479042804e-13	-4.06349463255e-15	-2.52542537436e-13
Region "Silicon" on device "pn2d" has equations 0:1619
Device "pn2d" has equations 0:1619
number of equations 1620
Iteration: 0
  Device: "pn2d"	RelError: 1.86129e+00	AbsError: 1.34926e+16
    Region: "Silicon"	RelError: 1.86129e+00	AbsError: 1.34926e+16
      Equation: "ElectronContinuityEquation"	RelError: 4.91220e-01	AbsError: 6.21451e+15
      Equation: "HoleContinuityEquation"	RelError: 4.91186e-01	AbsError: 7.27812e+15
      Equation: "PotentialEquation"	RelError: 8.78883e-01	AbsError: 2.50000e-02
Iteration: 1
  Device: "pn2d"	RelError: 5.04570e-01	AbsError: 2.69852e+14
    Region: "Silicon"	RelError: 5.04570e-01	AbsError: 2.69852e+14
      Equation: "ElectronContinuityEquation"	RelError: 2.51969e-01	AbsError: 9.02396e+13
      Equation: "HoleContinuityEquation"	RelError: 2.51685e-01	AbsError: 1.79613e+14
      Equation: "PotentialEquation"	RelError: 9.15395e-04	AbsError: 1.95620e-04
Iteration: 2
  Device: "pn2d"	RelError: 1.12253e-03	AbsError: 2.08521e+11
    Region: "Silicon"	RelError: 1.12253e-03	AbsError: 2.08521e+11
      Equation: "ElectronContinuityEquation"	RelError: 7.47592e-04	AbsError: 4.79370e+10
      Equation: "HoleContinuityEquation"	RelError: 3.74112e-04	AbsError: 1.60584e+11
      Equation: "PotentialEquation"	RelError: 8.26257e-07	AbsError: 1.76572e-07
Iteration: 3
  Device: "pn2d"	RelError: 3.20083e-04	AbsError: 2.06782e+07
    Region: "Silicon"	RelError: 3.20083e-04	AbsError: 2.06782e+07
      Equation: "ElectronContinuityEquation"	RelError: 3.11405e-04	AbsError: 2.12816e+06
      Equation: "HoleContinuityEquation"	RelError: 8.67787e-06	AbsError: 1.85501e+07
      Equation: "PotentialEquation"	RelError: 6.38821e-11	AbsError: 1.22311e-11
Iteration: 4
  Device: "pn2d"	RelError: 4.63159e-06	AbsError: 5.50767e+02
    Region: "Silicon"	RelError: 4.63159e-06	AbsError: 5.50767e+02
      Equation: "ElectronContinuityEquation"	RelError: 4.45505e-06	AbsError: 6.55707e+01
      Equation: "HoleContinuityEquation"	RelError: 1.76546e-07	AbsError: 4.85196e+02
      Equation: "PotentialEquation"	RelError: 1.07940e-14	AbsError: 1.52686e-16
Anode	0.125	1.14424580389e-14	4.31202776567e-13	4.42645234606e-13
Cathode	0.0	-4.24976879911e-13	-1.08141362488e-14	-4.35791016159e-13
Region "Silicon" on device "pn2d" has equations 0:1619
Device "pn2d" has equations 0:1619
number of equations 1620
Iteration: 0
  Device: "pn2d"	RelError: 8.18112e+00	AbsError: 1.35607e+16
    Region: "Silicon"	RelError: 8.18112e+00	AbsError: 1.35607e+16
      Equation: "ElectronContinuityEquation"	RelError: 4.91246e-01	AbsError: 6.28879e+15
      Equation: "HoleContinuityEquation"	RelError: 4.91222e-01	AbsError: 7.27187e+15
      Equation: "PotentialEquation"	RelError: 7.19866e+00	AbsError: 2.50000e-02
Iteration: 1
  Device: "pn2d"	RelError: 5.06660e-01	AbsError: 3.29837e+14
    Region: "Silicon"	RelError: 5.06660e-01	AbsError: 3.29837e+14
      Equation: "ElectronContinuityEquation"	RelError: 2.52042e-01	AbsError: 1.18025e+14
      Equation: "HoleContinuityEquation"	RelError: 2.51722e-01	AbsError: 2.11812e+14
      Equation: "PotentialEquation"	RelError: 2.89693e-03	AbsError: 2.30656e-04
Iteration: 2
  Device: "pn2d"	RelError: 1.40763e-03	AbsError: 2.83703e+11
    Region: "Silicon"	RelError: 1.40763e-03	AbsError: 2.83703e+11
      Equation: "ElectronContinuityEquation"	RelError: 8.59647e-04	AbsError: 8.38993e+10
      Equation: "HoleContinuityEquation"	RelError: 5.37100e-04	AbsError: 1.99803e+11
      Equation: "PotentialEquation"	RelError: 1.08782e-05	AbsError: 2.20930e-07
Iteration: 3
  Device: "pn2d"	RelError: 2.17770e-04	AbsError: 2.26410e+07
    Region: "Silicon"	RelError: 2.17770e-04	AbsError: 2.26410e+07
      Equation: "ElectronContinuityEquation"	RelError: 1.25243e-04	AbsError: 1.39096e+07
      Equation: "HoleContinuityEquation"	RelError: 9.25254e-05	AbsError: 8.73143e+06
      Equation: "PotentialEquation"	RelError: 1.55053e-09	AbsError: 2.68299e-12
Iteration: 4
  Device: "pn2d"	RelError: 2.18344e-04	AbsError: 5.82280e+02
    Region: "Silicon"	RelError: 2.18344e-04	AbsError: 5.82280e+02
      Equation: "ElectronContinuityEquation"	RelError: 1.25895e-04	AbsError: 7.09191e+01
      Equation: "HoleContinuityEquation"	RelError: 9.24491e-05	AbsError: 5.11361e+02
      Equation: "PotentialEquation"	RelError: 6.32282e-15	AbsError: 2.70349e-16
Anode	0.15	3.02036785843e-14	7.08446323965e-13	7.38650002549e-13
Cathode	0.0	-7.28527597432e-13	-2.85436790025e-14	-7.57071276434e-13
Region "Silicon" on device "pn2d" has equations 0:1619
Device "pn2d" has equations 0:1619
number of equations 1620
Iteration: 0
  Device: "pn2d"	RelError: 2.14453e+00	AbsError: 1.35882e+16
    Region: "Silicon"	RelError: 2.14453e+00	AbsError: 1.35882e+16
      Equation: "ElectronContinuityEquation"	RelError: 4.91256e-01	AbsError: 6.34198e+15
      Equation: "HoleContinuityEquation"	RelError: 4.91245e-01	AbsError: 7.24621e+15
      Equation: "PotentialEquation"	RelError: 1.16203e+00	AbsError: 2.50000e-02
Iteration: 1
  Device: "pn2d"	RelError: 5.05314e-01	AbsError: 3.86290e+14
    Region: "Silicon"	RelError: 5.05314e-01	AbsError: 3.86290e+14
      Equation: "ElectronContinuityEquation"	RelError: 2.52108e-01	AbsError: 1.48854e+14
      Equation: "HoleContinuityEquation"	RelError: 2.51765e-01	AbsError: 2.37437e+14
      Equation: "PotentialEquation"	RelError: 1.44040e-03	AbsError: 2.58085e-04
Iteration: 2
  Device: "pn2d"	RelError: 1.57271e-03	AbsError: 3.47781e+11
    Region: "Silicon"	RelError: 1.57271e-03	AbsError: 3.47781e+11
      Equation: "ElectronContinuityEquation"	RelError: 9.53077e-04	AbsError: 1.32088e+11
      Equation: "HoleContinuityEquation"	RelError: 6.18305e-04	AbsError: 2.15693e+11
      Equation: "PotentialEquation"	RelError: 1.32800e-06	AbsError: 2.37945e-07
Iteration: 3
  Device: "pn2d"	RelError: 5.56312e-05	AbsError: 1.31021e+07
    Region: "Silicon"	RelError: 5.56312e-05	AbsError: 1.31021e+07
      Equation: "ElectronContinuityEquation"	RelError: 5.15467e-05	AbsError: 1.50079e+06
      Equation: "HoleContinuityEquation"	RelError: 4.08440e-06	AbsError: 1.16013e+07
      Equation: "PotentialEquation"	RelError: 8.94628e-11	AbsError: 9.54868e-13
Iteration: 4
  Device: "pn2d"	RelError: 5.09713e-05	AbsError: 5.25522e+02
    Region: "Silicon"	RelError: 5.09713e-05	AbsError: 5.25522e+02
      Equation: "ElectronContinuityEquation"	RelError: 5.09626e-05	AbsError: 6.39279e+01
      Equation: "HoleContinuityEquation"	RelError: 8.70182e-09	AbsError: 4.61594e+02
      Equation: "PotentialEquation"	RelError: 8.91298e-15	AbsError: 1.37590e-16
Anode	0.175	7.94800469214e-14	1.23061618521e-12	1.31009623214e-12
Cathode	0.0	-1.22141548456e-12	-7.51079737971e-14	-1.29652345836e-12
Region "Silicon" on device "pn2d" has equations 0:1619
Device "pn2d" has equations 0:1619
number of equations 1620
Iteration: 0
  Device: "pn2d"	RelError: 1.51988e+00	AbsError: 1.35741e+16
    Region: "Silicon"	RelError: 1.51988e+00	AbsError: 1.35741e+16
      Equation: "ElectronContinuityEquation"	RelError: 4.91262e-01	AbsError: 6.37407e+15
      Equation: "HoleContinuityEquation"	RelError: 4.91256e-01	AbsError: 7.20004e+15
      Equation: "PotentialEquation"	RelError: 5.37364e-01	AbsError: 2.50000e-02
Iteration: 1
  Device: "pn2d"	RelError: 5.05651e-01	AbsError: 4.32901e+14
    Region: "Silicon"	RelError: 5.05651e-01	AbsError: 4.32901e+14
      Equation: "ElectronContinuityEquation"	RelError: 2.52162e-01	AbsError: 1.79807e+14
      Equation: "HoleContinuityEquation"	RelError: 2.51789e-01	AbsError: 2.53094e+14
      Equation: "PotentialEquation"	RelError: 1.70079e-03	AbsError: 2.74041e-04
Iteration: 2
  Device: "pn2d"	RelError: 1.71656e-03	AbsError: 3.81602e+11
    Region: "Silicon"	RelError: 1.71656e-03	AbsError: 3.81602e+11
      Equation: "ElectronContinuityEquation"	RelError: 1.00931e-03	AbsError: 1.80829e+11
      Equation: "HoleContinuityEquation"	RelError: 7.05780e-04	AbsError: 2.00774e+11
      Equation: "PotentialEquation"	RelError: 1.46973e-06	AbsError: 2.21739e-07
Iteration: 3
  Device: "pn2d"	RelError: 2.48976e-06	AbsError: 8.16239e+06
    Region: "Silicon"	RelError: 2.48976e-06	AbsError: 8.16239e+06
      Equation: "ElectronContinuityEquation"	RelError: 9.44392e-07	AbsError: 7.78188e+05
      Equation: "HoleContinuityEquation"	RelError: 1.54534e-06	AbsError: 7.38421e+06
      Equation: "PotentialEquation"	RelError: 2.31553e-11	AbsError: 1.80630e-12
Iteration: 4
  Device: "pn2d"	RelError: 3.72348e-05	AbsError: 5.72257e+02
    Region: "Silicon"	RelError: 3.72348e-05	AbsError: 5.72257e+02
      Equation: "ElectronContinuityEquation"	RelError: 2.07999e-05	AbsError: 6.55364e+01
      Equation: "HoleContinuityEquation"	RelError: 1.64349e-05	AbsError: 5.06720e+02
      Equation: "PotentialEquation"	RelError: 3.27699e-15	AbsError: 1.87219e-16
Anode	0.2	2.08903913108e-13	2.07425660339e-12	2.2831605165e-12
Cathode	0.0	-2.08566598152e-12	-1.97401859209e-13	-2.28306784073e-12
Region "Silicon" on device "pn2d" has equations 0:1619
Device "pn2d" has equations 0:1619
number of equations 1620
Iteration: 0
  Device: "pn2d"	RelError: 1.33187e+00	AbsError: 1.35201e+16
    Region: "Silicon"	RelError: 1.33187e+00	AbsError: 1.35201e+16
      Equation: "ElectronContinuityEquation"	RelError: 4.91266e-01	AbsError: 6.38595e+15
      Equation: "HoleContinuityEquation"	RelError: 4.91260e-01	AbsError: 7.13411e+15
      Equation: "PotentialEquation"	RelError: 3.49348e-01	AbsError: 2.50000e-02
Iteration: 1
  Device: "pn2d"	RelError: 5.06068e-01	AbsError: 4.64627e+14
    Region: "Silicon"	RelError: 5.06068e-01	AbsError: 4.64627e+14
      Equation: "ElectronContinuityEquation"	RelError: 2.52195e-01	AbsError: 2.06964e+14
      Equation: "HoleContinuityEquation"	RelError: 2.51819e-01	AbsError: 2.57663e+14
      Equation: "PotentialEquation"	RelError: 2.05386e-03	AbsError: 2.77123e-04
Iteration: 2
  Device: "pn2d"	RelError: 1.81254e-03	AbsError: 4.32176e+11
    Region: "Silicon"	RelError: 1.81254e-03	AbsError: 4.32176e+11
      Equation: "ElectronContinuityEquation"	RelError: 1.01847e-03	AbsError: 2.14119e+11
      Equation: "HoleContinuityEquation"	RelError: 7.92275e-04	AbsError: 2.18057e+11
      Equation: "PotentialEquation"	RelError: 1.79648e-06	AbsError: 2.57134e-07
Iteration: 3
  Device: "pn2d"	RelError: 9.35799e-06	AbsError: 6.00764e+06
    Region: "Silicon"	RelError: 9.35799e-06	AbsError: 6.00764e+06
      Equation: "ElectronContinuityEquation"	RelError: 1.91942e-06	AbsError: 1.97369e+06
      Equation: "HoleContinuityEquation"	RelError: 7.43855e-06	AbsError: 4.03395e+06
      Equation: "PotentialEquation"	RelError: 2.13794e-11	AbsError: 7.57684e-13
Iteration: 4
  Device: "pn2d"	RelError: 8.10645e-06	AbsError: 5.14496e+02
    Region: "Silicon"	RelError: 8.10645e-06	AbsError: 5.14496e+02
      Equation: "ElectronContinuityEquation"	RelError: 1.21783e-06	AbsError: 6.42815e+01
      Equation: "HoleContinuityEquation"	RelError: 6.88862e-06	AbsError: 4.50214e+02
      Equation: "PotentialEquation"	RelError: 1.94393e-15	AbsError: 1.53425e-16
Anode	0.225	5.48833678931e-13	3.62075254694e-12	4.16958622587e-12
Cathode	0.0	-3.6338784394e-12	-5.18585938434e-13	-4.15246437783e-12
Region "Silicon" on device "pn2d" has equations 0:1619
Device "pn2d" has equations 0:1619
number of equations 1620
Iteration: 0
  Device: "pn2d"	RelError: 1.24124e+00	AbsError: 1.34314e+16
    Region: "Silicon"	RelError: 1.24124e+00	AbsError: 1.34314e+16
      Equation: "ElectronContinuityEquation"	RelError: 4.91268e-01	AbsError: 6.37988e+15
      Equation: "HoleContinuityEquation"	RelError: 4.91262e-01	AbsError: 7.05154e+15
      Equation: "PotentialEquation"	RelError: 2.58712e-01	AbsError: 2.50000e-02
Iteration: 1
  Device: "pn2d"	RelError: 5.06636e-01	AbsError: 4.82607e+14
    Region: "Silicon"	RelError: 5.06636e-01	AbsError: 4.82607e+14
      Equation: "ElectronContinuityEquation"	RelError: 2.52202e-01	AbsError: 2.26515e+14
      Equation: "HoleContinuityEquation"	RelError: 2.51846e-01	AbsError: 2.56091e+14
      Equation: "PotentialEquation"	RelError: 2.58794e-03	AbsError: 2.81191e-04
Iteration: 2
  Device: "pn2d"	RelError: 1.99274e-03	AbsError: 4.76011e+11
    Region: "Silicon"	RelError: 1.99274e-03	AbsError: 4.76011e+11
      Equation: "ElectronContinuityEquation"	RelError: 1.12791e-03	AbsError: 2.51835e+11
      Equation: "HoleContinuityEquation"	RelError: 8.62576e-04	AbsError: 2.24176e+11
      Equation: "PotentialEquation"	RelError: 2.24897e-06	AbsError: 2.33572e-07
Iteration: 3
  Device: "pn2d"	RelError: 2.02679e-06	AbsError: 2.72436e+08
    Region: "Silicon"	RelError: 2.02679e-06	AbsError: 2.72436e+08
      Equation: "ElectronContinuityEquation"	RelError: 1.03957e-06	AbsError: 1.14654e+08
      Equation: "HoleContinuityEquation"	RelError: 9.80111e-07	AbsError: 1.57781e+08
      Equation: "PotentialEquation"	RelError: 7.11029e-09	AbsError: 6.51431e-10
Iteration: 4
  Device: "pn2d"	RelError: 5.29585e-07	AbsError: 1.47476e+04
    Region: "Silicon"	RelError: 5.29585e-07	AbsError: 1.47476e+04
      Equation: "ElectronContinuityEquation"	RelError: 8.27240e-08	AbsError: 7.73186e+03
      Equation: "HoleContinuityEquation"	RelError: 4.46860e-07	AbsError: 7.01572e+03
      Equation: "PotentialEquation"	RelError: 3.16661e-13	AbsError: 2.90119e-14
Iteration: 5
  Device: "pn2d"	RelError: 9.27780e-07	AbsError: 6.69970e+02
    Region: "Silicon"	RelError: 9.27780e-07	AbsError: 6.69970e+02
      Equation: "ElectronContinuityEquation"	RelError: 4.80447e-07	AbsError: 1.58709e+02
      Equation: "HoleContinuityEquation"	RelError: 4.47333e-07	AbsError: 5.11262e+02
      Equation: "PotentialEquation"	RelError: 1.18400e-14	AbsError: 5.65967e-16
Anode	0.25	1.44165204743e-12	6.370651129e-12	7.81230317643e-12
Cathode	0.0	-6.4693768848e-12	-1.3621166327e-12	-7.8314935175e-12
Region "Silicon" on device "pn2d" has equations 0:1619
Device "pn2d" has equations 0:1619
number of equations 1620
Iteration: 0
  Device: "pn2d"	RelError: 1.18790e+00	AbsError: 1.33169e+16
    Region: "Silicon"	RelError: 1.18790e+00	AbsError: 1.33169e+16
      Equation: "ElectronContinuityEquation"	RelError: 4.91268e-01	AbsError: 6.35940e+15
      Equation: "HoleContinuityEquation"	RelError: 4.91262e-01	AbsError: 6.95748e+15
      Equation: "PotentialEquation"	RelError: 2.05374e-01	AbsError: 2.50000e-02
Iteration: 1
  Device: "pn2d"	RelError: 5.07250e-01	AbsError: 5.17004e+14
    Region: "Silicon"	RelError: 5.07250e-01	AbsError: 5.17004e+14
      Equation: "ElectronContinuityEquation"	RelError: 2.52180e-01	AbsError: 2.35946e+14
      Equation: "HoleContinuityEquation"	RelError: 2.51868e-01	AbsError: 2.81059e+14
      Equation: "PotentialEquation"	RelError: 3.20236e-03	AbsError: 2.89345e-04
Iteration: 2
  Device: "pn2d"	RelError: 2.08848e-03	AbsError: 4.41051e+11
    Region: "Silicon"	RelError: 2.08848e-03	AbsError: 4.41051e+11
      Equation: "ElectronContinuityEquation"	RelError: 1.18535e-03	AbsError: 2.10211e+11
      Equation: "HoleContinuityEquation"	RelError: 9.00543e-04	AbsError: 2.30840e+11
      Equation: "PotentialEquation"	RelError: 2.58475e-06	AbsError: 2.40255e-07
Iteration: 3
  Device: "pn2d"	RelError: 1.97290e-06	AbsError: 7.11683e+07
    Region: "Silicon"	RelError: 1.97290e-06	AbsError: 7.11683e+07
      Equation: "ElectronContinuityEquation"	RelError: 1.03675e-06	AbsError: 4.95242e+07
      Equation: "HoleContinuityEquation"	RelError: 9.34393e-07	AbsError: 2.16441e+07
      Equation: "PotentialEquation"	RelError: 1.76041e-09	AbsError: 1.82617e-10
Iteration: 4
  Device: "pn2d"	RelError: 4.16771e-07	AbsError: 1.50249e+03
    Region: "Silicon"	RelError: 4.16771e-07	AbsError: 1.50249e+03
      Equation: "ElectronContinuityEquation"	RelError: 1.89861e-07	AbsError: 5.15809e+02
      Equation: "HoleContinuityEquation"	RelError: 2.26910e-07	AbsError: 9.86685e+02
      Equation: "PotentialEquation"	RelError: 1.85573e-14	AbsError: 4.09420e-15
Iteration: 5
  Device: "pn2d"	RelError: 1.23606e-06	AbsError: 5.74491e+02
    Region: "Silicon"	RelError: 1.23606e-06	AbsError: 5.74491e+02
      Equation: "ElectronContinuityEquation"	RelError: 3.85913e-08	AbsError: 6.41661e+01
      Equation: "HoleContinuityEquation"	RelError: 1.19747e-06	AbsError: 5.10325e+02
      Equation: "PotentialEquation"	RelError: 1.24289e-15	AbsError: 1.63973e-16
Anode	0.275	3.78661546331e-12	1.17741205539e-11	1.55607360172e-11
Cathode	0.0	-1.19734882419e-11	-3.57748102212e-12	-1.5550969264e-11
Region "Silicon" on device "pn2d" has equations 0:1619
Device "pn2d" has equations 0:1619
number of equations 1620
Iteration: 0
  Device: "pn2d"	RelError: 1.24811e+00	AbsError: 1.31870e+16
    Region: "Silicon"	RelError: 1.24811e+00	AbsError: 1.31870e+16
      Equation: "ElectronContinuityEquation"	RelError: 4.91268e-01	AbsError: 6.32893e+15
      Equation: "HoleContinuityEquation"	RelError: 4.91262e-01	AbsError: 6.85804e+15
      Equation: "PotentialEquation"	RelError: 2.65584e-01	AbsError: 2.50000e-02
Iteration: 1
  Device: "pn2d"	RelError: 5.08003e-01	AbsError: 5.33368e+14
    Region: "Silicon"	RelError: 5.08003e-01	AbsError: 5.33368e+14
      Equation: "ElectronContinuityEquation"	RelError: 2.52146e-01	AbsError: 2.34963e+14
      Equation: "HoleContinuityEquation"	RelError: 2.51880e-01	AbsError: 2.98405e+14
      Equation: "PotentialEquation"	RelError: 3.97764e-03	AbsError: 2.84322e-04
Iteration: 2
  Device: "pn2d"	RelError: 2.09486e-03	AbsError: 4.28254e+11
    Region: "Silicon"	RelError: 2.09486e-03	AbsError: 4.28254e+11
      Equation: "ElectronContinuityEquation"	RelError: 1.18607e-03	AbsError: 2.07077e+11
      Equation: "HoleContinuityEquation"	RelError: 9.06087e-04	AbsError: 2.21177e+11
      Equation: "PotentialEquation"	RelError: 2.70248e-06	AbsError: 1.93874e-07
Iteration: 3
  Device: "pn2d"	RelError: 8.38154e-07	AbsError: 6.38012e+07
    Region: "Silicon"	RelError: 8.38154e-07	AbsError: 6.38012e+07
      Equation: "ElectronContinuityEquation"	RelError: 6.14787e-07	AbsError: 4.75263e+07
      Equation: "HoleContinuityEquation"	RelError: 2.22248e-07	AbsError: 1.62749e+07
      Equation: "PotentialEquation"	RelError: 1.11824e-09	AbsError: 1.29511e-10
Iteration: 4
  Device: "pn2d"	RelError: 1.76784e-07	AbsError: 3.73786e+03
    Region: "Silicon"	RelError: 1.76784e-07	AbsError: 3.73786e+03
      Equation: "ElectronContinuityEquation"	RelError: 1.50434e-07	AbsError: 1.74001e+03
      Equation: "HoleContinuityEquation"	RelError: 2.63501e-08	AbsError: 1.99784e+03
      Equation: "PotentialEquation"	RelError: 7.07749e-14	AbsError: 8.19693e-15
Iteration: 5
  Device: "pn2d"	RelError: 5.58890e-07	AbsError: 5.81994e+02
    Region: "Silicon"	RelError: 5.58890e-07	AbsError: 5.81994e+02
      Equation: "ElectronContinuityEquation"	RelError: 5.55540e-07	AbsError: 7.62615e+01
      Equation: "HoleContinuityEquation"	RelError: 3.34992e-09	AbsError: 5.05733e+02
      Equation: "PotentialEquation"	RelError: 1.81784e-15	AbsError: 2.10537e-16
Anode	0.3	9.94558119631e-12	2.27027121682e-11	3.26482933645e-11
Cathode	0.0	-2.32575495975e-11	-9.39565339066e-12	-3.26532029882e-11
Region "Silicon" on device "pn2d" has equations 0:1619
Device "pn2d" has equations 0:1619
number of equations 1620
Iteration: 0
  Device: "pn2d"	RelError: 1.36066e+00	AbsError: 1.30519e+16
    Region: "Silicon"	RelError: 1.36066e+00	AbsError: 1.30519e+16
      Equation: "ElectronContinuityEquation"	RelError: 4.91268e-01	AbsError: 6.29288e+15
      Equation: "HoleContinuityEquation"	RelError: 4.91261e-01	AbsError: 6.75904e+15
      Equation: "PotentialEquation"	RelError: 3.78130e-01	AbsError: 2.50000e-02
Iteration: 1
  Device: "pn2d"	RelError: 5.09230e-01	AbsError: 5.79899e+14
    Region: "Silicon"	RelError: 5.09230e-01	AbsError: 5.79899e+14
      Equation: "ElectronContinuityEquation"	RelError: 2.52092e-01	AbsError: 2.73136e+14
      Equation: "HoleContinuityEquation"	RelError: 2.51886e-01	AbsError: 3.06764e+14
      Equation: "PotentialEquation"	RelError: 5.25213e-03	AbsError: 2.68952e-04
Iteration: 2
  Device: "pn2d"	RelError: 2.01894e-03	AbsError: 5.15458e+11
    Region: "Silicon"	RelError: 2.01894e-03	AbsError: 5.15458e+11
      Equation: "ElectronContinuityEquation"	RelError: 1.13405e-03	AbsError: 3.11208e+11
      Equation: "HoleContinuityEquation"	RelError: 8.82209e-04	AbsError: 2.04250e+11
      Equation: "PotentialEquation"	RelError: 2.68091e-06	AbsError: 3.06017e-07
Iteration: 3
  Device: "pn2d"	RelError: 4.85279e-07	AbsError: 4.00094e+07
    Region: "Silicon"	RelError: 4.85279e-07	AbsError: 4.00094e+07
      Equation: "ElectronContinuityEquation"	RelError: 2.46947e-07	AbsError: 3.05140e+07
      Equation: "HoleContinuityEquation"	RelError: 2.37822e-07	AbsError: 9.49541e+06
      Equation: "PotentialEquation"	RelError: 5.09733e-10	AbsError: 6.51767e-11
Iteration: 4
  Device: "pn2d"	RelError: 6.14067e-08	AbsError: 3.14276e+03
    Region: "Silicon"	RelError: 6.14067e-08	AbsError: 3.14276e+03
      Equation: "ElectronContinuityEquation"	RelError: 5.97097e-08	AbsError: 2.11595e+03
      Equation: "HoleContinuityEquation"	RelError: 1.69699e-09	AbsError: 1.02681e+03
      Equation: "PotentialEquation"	RelError: 3.51129e-14	AbsError: 4.48968e-15
Iteration: 5
  Device: "pn2d"	RelError: 1.99321e-08	AbsError: 5.73165e+02
    Region: "Silicon"	RelError: 1.99321e-08	AbsError: 5.73165e+02
      Equation: "ElectronContinuityEquation"	RelError: 2.06843e-09	AbsError: 6.40486e+01
      Equation: "HoleContinuityEquation"	RelError: 1.78636e-08	AbsError: 5.09116e+02
      Equation: "PotentialEquation"	RelError: 2.38561e-15	AbsError: 2.20676e-16
Anode	0.325	2.61218402718e-11	4.63033796443e-11	7.24252199161e-11
Cathode	0.0	-4.77376054409e-11	-2.46757139649e-11	-7.24133194059e-11
Region "Silicon" on device "pn2d" has equations 0:1619
Device "pn2d" has equations 0:1619
number of equations 1620
Iteration: 0
  Device: "pn2d"	RelError: 1.62331e+00	AbsError: 1.29201e+16
    Region: "Silicon"	RelError: 1.62331e+00	AbsError: 1.29201e+16
      Equation: "ElectronContinuityEquation"	RelError: 4.91268e-01	AbsError: 6.25506e+15
      Equation: "HoleContinuityEquation"	RelError: 4.91260e-01	AbsError: 6.66502e+15
      Equation: "PotentialEquation"	RelError: 6.40777e-01	AbsError: 2.50000e-02
Iteration: 1
  Device: "pn2d"	RelError: 5.12231e-01	AbsError: 6.24672e+14
    Region: "Silicon"	RelError: 5.12231e-01	AbsError: 6.24672e+14
      Equation: "ElectronContinuityEquation"	RelError: 2.52031e-01	AbsError: 3.17802e+14
      Equation: "HoleContinuityEquation"	RelError: 2.51973e-01	AbsError: 3.06870e+14
      Equation: "PotentialEquation"	RelError: 8.22767e-03	AbsError: 2.80315e-04
Iteration: 2
  Device: "pn2d"	RelError: 1.99256e-03	AbsError: 5.63760e+11
    Region: "Silicon"	RelError: 1.99256e-03	AbsError: 5.63760e+11
      Equation: "ElectronContinuityEquation"	RelError: 1.04178e-03	AbsError: 3.83737e+11
      Equation: "HoleContinuityEquation"	RelError: 9.47815e-04	AbsError: 1.80023e+11
      Equation: "PotentialEquation"	RelError: 2.95986e-06	AbsError: 3.98414e-07
Iteration: 3
  Device: "pn2d"	RelError: 1.27613e-07	AbsError: 4.90540e+07
    Region: "Silicon"	RelError: 1.27613e-07	AbsError: 4.90540e+07
      Equation: "ElectronContinuityEquation"	RelError: 1.41183e-08	AbsError: 2.17028e+07
      Equation: "HoleContinuityEquation"	RelError: 1.12781e-07	AbsError: 2.73512e+07
      Equation: "PotentialEquation"	RelError: 7.13212e-10	AbsError: 6.93107e-11
Iteration: 4
  Device: "pn2d"	RelError: 1.01062e-07	AbsError: 2.26780e+03
    Region: "Silicon"	RelError: 1.01062e-07	AbsError: 2.26780e+03
      Equation: "ElectronContinuityEquation"	RelError: 9.21851e-08	AbsError: 1.25701e+03
      Equation: "HoleContinuityEquation"	RelError: 8.87699e-09	AbsError: 1.01079e+03
      Equation: "PotentialEquation"	RelError: 4.56525e-14	AbsError: 4.43655e-15
Iteration: 5
  Device: "pn2d"	RelError: 9.24313e-08	AbsError: 5.70617e+02
    Region: "Silicon"	RelError: 9.24313e-08	AbsError: 5.70617e+02
      Equation: "ElectronContinuityEquation"	RelError: 9.21765e-08	AbsError: 6.39402e+01
      Equation: "HoleContinuityEquation"	RelError: 2.54787e-10	AbsError: 5.06677e+02
      Equation: "PotentialEquation"	RelError: 8.35165e-16	AbsError: 1.54349e-16
Anode	0.35	6.86079366448e-11	9.99608926813e-11	1.68568829326e-10
Cathode	0.0	-1.03756327297e-10	-6.48049240689e-11	-1.68561251366e-10
Region "Silicon" on device "pn2d" has equations 0:1619
Device "pn2d" has equations 0:1619
number of equations 1620
Iteration: 0
  Device: "pn2d"	RelError: 2.94386e+00	AbsError: 1.27972e+16
    Region: "Silicon"	RelError: 2.94386e+00	AbsError: 1.27972e+16
      Equation: "ElectronContinuityEquation"	RelError: 4.91268e-01	AbsError: 6.21823e+15
      Equation: "HoleContinuityEquation"	RelError: 4.91261e-01	AbsError: 6.57893e+15
      Equation: "PotentialEquation"	RelError: 1.96133e+00	AbsError: 2.50000e-02
Iteration: 1
  Device: "pn2d"	RelError: 5.29143e-01	AbsError: 9.98567e+14
    Region: "Silicon"	RelError: 5.29143e-01	AbsError: 9.98567e+14
      Equation: "ElectronContinuityEquation"	RelError: 2.53822e-01	AbsError: 4.81355e+14
      Equation: "HoleContinuityEquation"	RelError: 2.52134e-01	AbsError: 5.17212e+14
      Equation: "PotentialEquation"	RelError: 2.31868e-02	AbsError: 2.09185e-03
Iteration: 2
  Device: "pn2d"	RelError: 1.16138e-02	AbsError: 1.24661e+12
    Region: "Silicon"	RelError: 1.16138e-02	AbsError: 1.24661e+12
      Equation: "ElectronContinuityEquation"	RelError: 4.65559e-03	AbsError: 3.88591e+11
      Equation: "HoleContinuityEquation"	RelError: 6.95267e-03	AbsError: 8.58024e+11
      Equation: "PotentialEquation"	RelError: 5.54840e-06	AbsError: 4.13821e-07
Iteration: 3
  Device: "pn2d"	RelError: 3.93771e-08	AbsError: 1.45977e+08
    Region: "Silicon"	RelError: 3.93771e-08	AbsError: 1.45977e+08
      Equation: "ElectronContinuityEquation"	RelError: 2.83910e-08	AbsError: 1.31888e+08
      Equation: "HoleContinuityEquation"	RelError: 1.04742e-08	AbsError: 1.40892e+07
      Equation: "PotentialEquation"	RelError: 5.11961e-10	AbsError: 5.60935e-11
Iteration: 4
  Device: "pn2d"	RelError: 5.05925e-08	AbsError: 8.41281e+03
    Region: "Silicon"	RelError: 5.05925e-08	AbsError: 8.41281e+03
      Equation: "ElectronContinuityEquation"	RelError: 3.80688e-08	AbsError: 7.85829e+03
      Equation: "HoleContinuityEquation"	RelError: 1.25237e-08	AbsError: 5.54510e+02
      Equation: "PotentialEquation"	RelError: 2.21217e-14	AbsError: 2.42379e-15
Iteration: 5
  Device: "pn2d"	RelError: 4.12277e-08	AbsError: 6.71596e+02
    Region: "Silicon"	RelError: 4.12277e-08	AbsError: 6.71596e+02
      Equation: "ElectronContinuityEquation"	RelError: 3.74315e-08	AbsError: 1.60792e+02
      Equation: "HoleContinuityEquation"	RelError: 3.79617e-09	AbsError: 5.10804e+02
      Equation: "PotentialEquation"	RelError: 4.38731e-15	AbsError: 4.80699e-16
Anode	0.375	1.8019497278e-10	2.27326132497e-10	4.07521105277e-10
Cathode	0.0	-2.37324083332e-10	-1.70193411396e-10	-4.07517494728e-10
Region "Silicon" on device "pn2d" has equations 0:1619
Device "pn2d" has equations 0:1619
number of equations 1620
Iteration: 0
  Device: "pn2d"	RelError: 5.75819e+01	AbsError: 1.29280e+16
    Region: "Silicon"	RelError: 5.75819e+01	AbsError: 1.29280e+16
      Equation: "ElectronContinuityEquation"	RelError: 4.91267e-01	AbsError: 6.23044e+15
      Equation: "HoleContinuityEquation"	RelError: 4.91388e-01	AbsError: 6.69752e+15
      Equation: "PotentialEquation"	RelError: 5.65992e+01	AbsError: 2.50000e-02
Iteration: 1
  Device: "pn2d"	RelError: 9.79500e-01	AbsError: 9.02907e+14
    Region: "Silicon"	RelError: 9.79500e-01	AbsError: 9.02907e+14
      Equation: "ElectronContinuityEquation"	RelError: 2.52583e-01	AbsError: 6.00675e+14
      Equation: "HoleContinuityEquation"	RelError: 2.53039e-01	AbsError: 3.02232e+14
      Equation: "PotentialEquation"	RelError: 4.73877e-01	AbsError: 1.27733e-03
Iteration: 2
  Device: "pn2d"	RelError: 8.21364e-03	AbsError: 1.05273e+12
    Region: "Silicon"	RelError: 8.21364e-03	AbsError: 1.05273e+12
      Equation: "ElectronContinuityEquation"	RelError: 4.04843e-03	AbsError: 3.87433e+11
      Equation: "HoleContinuityEquation"	RelError: 3.05248e-03	AbsError: 6.65299e+11
      Equation: "PotentialEquation"	RelError: 1.11273e-03	AbsError: 7.93151e-07
Iteration: 3
  Device: "pn2d"	RelError: 2.93907e-08	AbsError: 1.14062e+09
    Region: "Silicon"	RelError: 2.93907e-08	AbsError: 1.14062e+09
      Equation: "ElectronContinuityEquation"	RelError: 9.80553e-09	AbsError: 3.12125e+07
      Equation: "HoleContinuityEquation"	RelError: 1.79668e-08	AbsError: 1.10941e+09
      Equation: "PotentialEquation"	RelError: 1.61839e-09	AbsError: 7.04008e-11
Iteration: 4
  Device: "pn2d"	RelError: 1.58392e-08	AbsError: 7.30279e+03
    Region: "Silicon"	RelError: 1.58392e-08	AbsError: 7.30279e+03
      Equation: "ElectronContinuityEquation"	RelError: 1.05682e-09	AbsError: 4.51572e+03
      Equation: "HoleContinuityEquation"	RelError: 1.47824e-08	AbsError: 2.78707e+03
      Equation: "PotentialEquation"	RelError: 3.80528e-14	AbsError: 2.28120e-15
Iteration: 5
  Device: "pn2d"	RelError: 1.32193e-09	AbsError: 5.60668e+02
    Region: "Silicon"	RelError: 1.32193e-09	AbsError: 5.60668e+02
      Equation: "ElectronContinuityEquation"	RelError: 1.04422e-09	AbsError: 6.68536e+01
      Equation: "HoleContinuityEquation"	RelError: 2.77650e-10	AbsError: 4.93815e+02
      Equation: "PotentialEquation"	RelError: 5.70966e-14	AbsError: 3.15047e-16
Anode	0.4	4.73269822198e-10	5.39878759531e-10	1.01314858173e-09
Cathode	0.0	-5.66182775038e-10	-4.46965797932e-10	-1.01314857297e-09
Region "Silicon" on device "pn2d" has equations 0:1619
Device "pn2d" has equations 0:1619
number of equations 1620
Iteration: 0
  Device: "pn2d"	RelError: 1.07284e+01	AbsError: 1.26781e+16
    Region: "Silicon"	RelError: 1.07284e+01	AbsError: 1.26781e+16
      Equation: "ElectronContinuityEquation"	RelError: 4.91318e-01	AbsError: 5.71131e+15
      Equation: "HoleContinuityEquation"	RelError: 4.91384e-01	AbsError: 6.96680e+15
      Equation: "PotentialEquation"	RelError: 9.74568e+00	AbsError: 2.50052e-02
Iteration: 1
  Device: "pn2d"	RelError: 5.14429e-01	AbsError: 1.31667e+15
    Region: "Silicon"	RelError: 5.14429e-01	AbsError: 1.31667e+15
      Equation: "ElectronContinuityEquation"	RelError: 2.52899e-01	AbsError: 6.58641e+14
      Equation: "HoleContinuityEquation"	RelError: 2.52272e-01	AbsError: 6.58029e+14
      Equation: "PotentialEquation"	RelError: 9.25705e-03	AbsError: 1.24585e-03
Iteration: 2
  Device: "pn2d"	RelError: 6.67828e-03	AbsError: 9.17397e+11
    Region: "Silicon"	RelError: 6.67828e-03	AbsError: 9.17397e+11
      Equation: "ElectronContinuityEquation"	RelError: 2.88797e-03	AbsError: 7.35134e+11
      Equation: "HoleContinuityEquation"	RelError: 3.78147e-03	AbsError: 1.82263e+11
      Equation: "PotentialEquation"	RelError: 8.84391e-06	AbsError: 8.92810e-07
Iteration: 3
  Device: "pn2d"	RelError: 1.29879e-08	AbsError: 3.93129e+08
    Region: "Silicon"	RelError: 1.29879e-08	AbsError: 3.93129e+08
      Equation: "ElectronContinuityEquation"	RelError: 4.92374e-09	AbsError: 2.05820e+08
      Equation: "HoleContinuityEquation"	RelError: 7.31587e-09	AbsError: 1.87309e+08
      Equation: "PotentialEquation"	RelError: 7.48252e-10	AbsError: 1.00703e-10
Iteration: 4
  Device: "pn2d"	RelError: 7.77903e-09	AbsError: 1.65168e+04
    Region: "Silicon"	RelError: 7.77903e-09	AbsError: 1.65168e+04
      Equation: "ElectronContinuityEquation"	RelError: 6.16896e-09	AbsError: 4.90125e+03
      Equation: "HoleContinuityEquation"	RelError: 1.61007e-09	AbsError: 1.16155e+04
      Equation: "PotentialEquation"	RelError: 7.88091e-15	AbsError: 1.38617e-15
Iteration: 5
  Device: "pn2d"	RelError: 6.56385e-09	AbsError: 5.40365e+02
    Region: "Silicon"	RelError: 6.56385e-09	AbsError: 5.40365e+02
      Equation: "ElectronContinuityEquation"	RelError: 1.84858e-10	AbsError: 8.26883e+01
      Equation: "HoleContinuityEquation"	RelError: 6.37899e-09	AbsError: 4.57677e+02
      Equation: "PotentialEquation"	RelError: 1.29341e-15	AbsError: 1.44978e-16
Anode	0.425	1.24300424155e-09	1.32512749932e-09	2.56813174088e-09
Cathode	0.0	-1.3943044308e-09	-1.17382349083e-09	-2.56812792163e-09
Region "Silicon" on device "pn2d" has equations 0:1619
Device "pn2d" has equations 0:1619
number of equations 1620
Iteration: 0
  Device: "pn2d"	RelError: 4.40734e+01	AbsError: 1.35737e+16
    Region: "Silicon"	RelError: 4.40734e+01	AbsError: 1.35737e+16
      Equation: "ElectronContinuityEquation"	RelError: 4.91342e-01	AbsError: 5.81950e+15
      Equation: "HoleContinuityEquation"	RelError: 4.91512e-01	AbsError: 7.75422e+15
      Equation: "PotentialEquation"	RelError: 4.30905e+01	AbsError: 2.50087e-02
Iteration: 1
  Device: "pn2d"	RelError: 6.70324e-01	AbsError: 2.08365e+15
    Region: "Silicon"	RelError: 6.70324e-01	AbsError: 2.08365e+15
      Equation: "ElectronContinuityEquation"	RelError: 2.52471e-01	AbsError: 6.82914e+14
      Equation: "HoleContinuityEquation"	RelError: 2.53609e-01	AbsError: 1.40074e+15
      Equation: "PotentialEquation"	RelError: 1.64244e-01	AbsError: 2.01362e-03
Iteration: 2
  Device: "pn2d"	RelError: 1.12257e-02	AbsError: 7.25697e+11
    Region: "Silicon"	RelError: 1.12257e-02	AbsError: 7.25697e+11
      Equation: "ElectronContinuityEquation"	RelError: 6.59923e-03	AbsError: 4.33460e+11
      Equation: "HoleContinuityEquation"	RelError: 4.33757e-03	AbsError: 2.92237e+11
      Equation: "PotentialEquation"	RelError: 2.88944e-04	AbsError: 4.51928e-07
Iteration: 3
  Device: "pn2d"	RelError: 3.59798e-08	AbsError: 7.03934e+08
    Region: "Silicon"	RelError: 3.59798e-08	AbsError: 7.03934e+08
      Equation: "ElectronContinuityEquation"	RelError: 1.14464e-08	AbsError: 5.22164e+08
      Equation: "HoleContinuityEquation"	RelError: 2.14695e-08	AbsError: 1.81770e+08
      Equation: "PotentialEquation"	RelError: 3.06389e-09	AbsError: 1.09696e-10
Iteration: 4
  Device: "pn2d"	RelError: 1.74881e-09	AbsError: 1.34007e+04
    Region: "Silicon"	RelError: 1.74881e-09	AbsError: 1.34007e+04
      Equation: "ElectronContinuityEquation"	RelError: 5.27004e-10	AbsError: 4.66666e+03
      Equation: "HoleContinuityEquation"	RelError: 1.22176e-09	AbsError: 8.73403e+03
      Equation: "PotentialEquation"	RelError: 3.93189e-14	AbsError: 6.43480e-16
Iteration: 5
  Device: "pn2d"	RelError: 1.48317e-09	AbsError: 5.88446e+02
    Region: "Silicon"	RelError: 1.48317e-09	AbsError: 5.88446e+02
      Equation: "ElectronContinuityEquation"	RelError: 1.21522e-09	AbsError: 9.44107e+01
      Equation: "HoleContinuityEquation"	RelError: 2.67930e-10	AbsError: 4.94036e+02
      Equation: "PotentialEquation"	RelError: 1.97796e-14	AbsError: 4.03259e-16
Anode	0.45	3.26462834476e-09	3.32951971831e-09	6.59414806307e-09
Cathode	0.0	-3.51146517797e-09	-3.08267909063e-09	-6.59414426859e-09
Region "Silicon" on device "pn2d" has equations 0:1619
Device "pn2d" has equations 0:1619
number of equations 1620
Iteration: 0
  Device: "pn2d"	RelError: 1.37212e+01	AbsError: 1.35670e+16
    Region: "Silicon"	RelError: 1.37212e+01	AbsError: 1.35670e+16
      Equation: "ElectronContinuityEquation"	RelError: 4.91377e-01	AbsError: 5.99892e+15
      Equation: "HoleContinuityEquation"	RelError: 4.91805e-01	AbsError: 7.56806e+15
      Equation: "PotentialEquation"	RelError: 1.27380e+01	AbsError: 2.50130e-02
Iteration: 1
  Device: "pn2d"	RelError: 5.15024e-01	AbsError: 2.72116e+15
    Region: "Silicon"	RelError: 5.15024e-01	AbsError: 2.72116e+15
      Equation: "ElectronContinuityEquation"	RelError: 2.53635e-01	AbsError: 1.40197e+15
      Equation: "HoleContinuityEquation"	RelError: 2.52483e-01	AbsError: 1.31919e+15
      Equation: "PotentialEquation"	RelError: 8.90608e-03	AbsError: 2.06914e-03
Iteration: 2
  Device: "pn2d"	RelError: 1.11546e-02	AbsError: 1.03652e+12
    Region: "Silicon"	RelError: 1.11546e-02	AbsError: 1.03652e+12
      Equation: "ElectronContinuityEquation"	RelError: 4.58380e-03	AbsError: 7.18340e+11
      Equation: "HoleContinuityEquation"	RelError: 6.56725e-03	AbsError: 3.18180e+11
      Equation: "PotentialEquation"	RelError: 3.56183e-06	AbsError: 9.04598e-07
Iteration: 3
  Device: "pn2d"	RelError: 3.69121e-08	AbsError: 7.48431e+08
    Region: "Silicon"	RelError: 3.69121e-08	AbsError: 7.48431e+08
      Equation: "ElectronContinuityEquation"	RelError: 1.77008e-08	AbsError: 2.06442e+08
      Equation: "HoleContinuityEquation"	RelError: 1.36084e-08	AbsError: 5.41989e+08
      Equation: "PotentialEquation"	RelError: 5.60296e-09	AbsError: 3.46221e-11
Iteration: 4
  Device: "pn2d"	RelError: 7.94904e-10	AbsError: 3.79123e+04
    Region: "Silicon"	RelError: 7.94904e-10	AbsError: 3.79123e+04
      Equation: "ElectronContinuityEquation"	RelError: 5.03911e-10	AbsError: 2.69203e+04
      Equation: "HoleContinuityEquation"	RelError: 2.90906e-10	AbsError: 1.09920e+04
      Equation: "PotentialEquation"	RelError: 8.73126e-14	AbsError: 1.84839e-15
Iteration: 5
  Device: "pn2d"	RelError: 6.03316e-10	AbsError: 5.78985e+02
    Region: "Silicon"	RelError: 6.03316e-10	AbsError: 5.78985e+02
      Equation: "ElectronContinuityEquation"	RelError: 4.91456e-10	AbsError: 6.73765e+01
      Equation: "HoleContinuityEquation"	RelError: 1.11856e-10	AbsError: 5.11608e+02
      Equation: "PotentialEquation"	RelError: 3.66422e-15	AbsError: 1.05349e-16
Anode	0.475	8.57416437438e-09	8.49954123831e-09	1.70737056127e-08
Cathode	0.0	-8.97807005397e-09	-8.09563374843e-09	-1.70737038024e-08
Region "Silicon" on device "pn2d" has equations 0:1619
Device "pn2d" has equations 0:1619
number of equations 1620
Iteration: 0
  Device: "pn2d"	RelError: 5.07044e+01	AbsError: 1.42325e+16
    Region: "Silicon"	RelError: 5.07044e+01	AbsError: 1.42325e+16
      Equation: "ElectronContinuityEquation"	RelError: 4.91350e-01	AbsError: 6.31429e+15
      Equation: "HoleContinuityEquation"	RelError: 4.91330e-01	AbsError: 7.91817e+15
      Equation: "PotentialEquation"	RelError: 4.97217e+01	AbsError: 2.50103e-02
Iteration: 1
  Device: "pn2d"	RelError: 5.13265e-01	AbsError: 2.17392e+15
    Region: "Silicon"	RelError: 5.13265e-01	AbsError: 2.17392e+15
      Equation: "ElectronContinuityEquation"	RelError: 2.52597e-01	AbsError: 9.84978e+14
      Equation: "HoleContinuityEquation"	RelError: 2.52426e-01	AbsError: 1.18894e+15
      Equation: "PotentialEquation"	RelError: 8.24120e-03	AbsError: 8.74196e-04
Iteration: 2
  Device: "pn2d"	RelError: 4.01750e-03	AbsError: 8.21519e+11
    Region: "Silicon"	RelError: 4.01750e-03	AbsError: 8.21519e+11
      Equation: "ElectronContinuityEquation"	RelError: 2.05216e-03	AbsError: 4.39114e+11
      Equation: "HoleContinuityEquation"	RelError: 1.96287e-03	AbsError: 3.82405e+11
      Equation: "PotentialEquation"	RelError: 2.46941e-06	AbsError: 4.57634e-07
Iteration: 3
  Device: "pn2d"	RelError: 8.99555e-09	AbsError: 7.32093e+07
    Region: "Silicon"	RelError: 8.99555e-09	AbsError: 7.32093e+07
      Equation: "ElectronContinuityEquation"	RelError: 1.92408e-09	AbsError: 4.56260e+07
      Equation: "HoleContinuityEquation"	RelError: 6.81835e-09	AbsError: 2.75833e+07
      Equation: "PotentialEquation"	RelError: 2.53114e-10	AbsError: 1.98098e-11
Iteration: 4
  Device: "pn2d"	RelError: 1.74720e-10	AbsError: 9.67371e+03
    Region: "Silicon"	RelError: 1.74720e-10	AbsError: 9.67371e+03
      Equation: "ElectronContinuityEquation"	RelError: 6.31335e-11	AbsError: 5.63189e+03
      Equation: "HoleContinuityEquation"	RelError: 1.11556e-10	AbsError: 4.04182e+03
      Equation: "PotentialEquation"	RelError: 3.03535e-14	AbsError: 8.14798e-16
Iteration: 5
  Device: "pn2d"	RelError: 4.95799e-10	AbsError: 5.82238e+02
    Region: "Silicon"	RelError: 4.95799e-10	AbsError: 5.82238e+02
      Equation: "ElectronContinuityEquation"	RelError: 5.47991e-11	AbsError: 1.03289e+02
      Equation: "HoleContinuityEquation"	RelError: 4.40994e-10	AbsError: 4.78949e+02
      Equation: "PotentialEquation"	RelError: 5.88532e-15	AbsError: 2.28896e-16
Anode	0.5	2.25188535918e-08	2.19243516474e-08	4.44432052392e-08
Cathode	0.0	-2.31828591075e-08	-2.1260345426e-08	-4.44432045335e-08
